2021-07-12 18:05:11,329:WARNING: Setting up a new session...
2021-07-12 18:05:11,341:INFO: Visdom successfully connected to server
2021-07-12 18:05:11,439:WARNING: Setting up a new session...
2021-07-12 18:05:11,453:INFO: Visdom successfully connected to server
2021-07-12 18:05:11,550:WARNING: Setting up a new session...
2021-07-12 18:05:11,563:INFO: Visdom successfully connected to server
2021-07-12 18:05:11,660:WARNING: Setting up a new session...
2021-07-12 18:05:11,672:INFO: Visdom successfully connected to server
2021-07-12 18:05:11,770:WARNING: Setting up a new session...
2021-07-12 18:05:11,781:INFO: Visdom successfully connected to server
2021-07-12 18:05:11,879:INFO: dataset_dir: lidar_mocap_convert/
2021-07-12 18:05:11,880:INFO: dataset_name: lidar_mocap
2021-07-12 18:05:11,880:INFO: model_dir: ./
2021-07-12 18:05:11,880:INFO: model_name: HCN
2021-07-12 18:05:11,880:INFO: load_model: None
2021-07-12 18:05:11,880:INFO: load: False
2021-07-12 18:05:11,880:INFO: mode: train
2021-07-12 18:05:11,880:INFO: num: 11
2021-07-12 18:05:11,880:INFO: model_version: HCN
2021-07-12 18:05:11,881:INFO: experiment_path: ./experiments/lidar_mocap/HCN11
2021-07-12 18:05:11,881:INFO: restore_file: None
2021-07-12 18:05:11,881:INFO: gpu_id: 0
2021-07-12 18:05:11,881:INFO: cuda: True
2021-07-12 18:05:11,881:INFO: data_parallel: False
2021-07-12 18:05:11,881:INFO: seed: 0
2021-07-12 18:05:11,881:INFO: lr: 1e-05
2021-07-12 18:05:11,881:INFO: lr_decay_type: exp
2021-07-12 18:05:11,881:INFO: lr_step: [100, 160, 200]
2021-07-12 18:05:11,882:INFO: scheduler_gamma: 0.1
2021-07-12 18:05:11,882:INFO: scheduler_gamma2: 0.99
2021-07-12 18:05:11,882:INFO: scheduler_gamma3: 0.5
2021-07-12 18:05:11,882:INFO: patience: 100
2021-07-12 18:05:11,882:INFO: batch_size: 128
2021-07-12 18:05:11,882:INFO: num_epochs: 1000
2021-07-12 18:05:11,882:INFO: start_epoch: 0
2021-07-12 18:05:11,882:INFO: save_best_ever_n_epoch: 50
2021-07-12 18:05:11,882:INFO: save_summary_steps: 1
2021-07-12 18:05:11,883:INFO: num_workers: 4
2021-07-12 18:05:11,883:INFO: optimizer: Adam
2021-07-12 18:05:11,883:INFO: weight_decay: 0.0001
2021-07-12 18:05:11,883:INFO: clip: 0.5
2021-07-12 18:05:11,883:INFO: train_feeder_args: {'data_path': None, 'label_path': None, 'random_valid_choose': False, 'random_shift': False, 'random_move': False, 'window_size': 32, 'normalization': False, 'debug': False, 'origin_transfer': 0, 'crop_resize': True, 'p_interval': [0.5, 1]}
2021-07-12 18:05:11,883:INFO: test_feeder_args: {'data_path': None, 'label_path': None, 'random_valid_choose': False, 'random_shift': False, 'random_move': False, 'window_size': 32, 'normalization': False, 'debug': False, 'origin_transfer': 0, 'crop_resize': True, 'p_interval': [0.95]}
2021-07-12 18:05:11,883:INFO: model_args: {'in_channel': 3, 'out_channel': 64, 'window_size': 32, 'num_joint': 13, 'num_person': 1, 'num_class': 10}
2021-07-12 18:05:11,883:INFO: loss_args: {'type': 'CE'}
2021-07-12 18:05:11,884:INFO: dataset_dir: lidar_mocap_convert/
2021-07-12 18:05:11,884:INFO: dataset_name: lidar_mocap
2021-07-12 18:05:11,884:INFO: mode: train
2021-07-12 18:05:17,477:INFO: HCN(
  (conv1): Sequential(
    (0): Conv2d(3, 64, kernel_size=(1, 1), stride=(1, 1))
    (1): ReLU()
  )
  (conv2): Conv2d(64, 32, kernel_size=(3, 1), stride=(1, 1), padding=(1, 0))
  (conv3): Sequential(
    (0): Conv2d(13, 32, kernel_size=(3, 3), stride=(1, 1), padding=(1, 1))
    (1): MaxPool2d(kernel_size=2, stride=2, padding=0, dilation=1, ceil_mode=False)
  )
  (conv4): Sequential(
    (0): Conv2d(32, 64, kernel_size=(3, 3), stride=(1, 1), padding=(1, 1))
    (1): Dropout2d(p=0.5, inplace=False)
    (2): MaxPool2d(kernel_size=2, stride=2, padding=0, dilation=1, ceil_mode=False)
  )
  (conv1m): Sequential(
    (0): Conv2d(3, 64, kernel_size=(1, 1), stride=(1, 1))
    (1): ReLU()
  )
  (conv2m): Conv2d(64, 32, kernel_size=(3, 1), stride=(1, 1), padding=(1, 0))
  (conv3m): Sequential(
    (0): Conv2d(13, 32, kernel_size=(3, 3), stride=(1, 1), padding=(1, 1))
    (1): MaxPool2d(kernel_size=2, stride=2, padding=0, dilation=1, ceil_mode=False)
  )
  (conv4m): Sequential(
    (0): Conv2d(32, 64, kernel_size=(3, 3), stride=(1, 1), padding=(1, 1))
    (1): Dropout2d(p=0.5, inplace=False)
    (2): MaxPool2d(kernel_size=2, stride=2, padding=0, dilation=1, ceil_mode=False)
  )
  (conv5): Sequential(
    (0): Conv2d(128, 128, kernel_size=(3, 3), stride=(1, 1), padding=(1, 1))
    (1): ReLU()
    (2): Dropout2d(p=0.5, inplace=False)
    (3): MaxPool2d(kernel_size=2, stride=2, padding=0, dilation=1, ceil_mode=False)
  )
  (conv6): Sequential(
    (0): Conv2d(128, 256, kernel_size=(3, 3), stride=(1, 1), padding=(1, 1))
    (1): ReLU()
    (2): Dropout2d(p=0.5, inplace=False)
    (3): MaxPool2d(kernel_size=2, stride=2, padding=0, dilation=1, ceil_mode=False)
  )
  (fc7): Sequential(
    (0): Linear(in_features=1024, out_features=512, bias=True)
    (1): ReLU()
    (2): Dropout2d(p=0.5, inplace=False)
  )
  (fc8): Linear(in_features=512, out_features=10, bias=True)
)
2021-07-12 18:05:17,478:INFO: Loading the datasets...
2021-07-12 18:05:17,517:INFO: - done.
2021-07-12 18:05:17,517:INFO: Starting training for 1000 epoch(s)
2021-07-12 18:05:17,517:INFO: lr decay:exp
2021-07-12 18:05:17,518:INFO: Epoch 1/1000
2021-07-12 18:05:18,808:INFO: - Train metrics: accuracytop1: 0.101 ; accuracytop5: 0.490 ; loss: 3.932 ; ls_all: 3.932 ; ls_CE: 3.932
2021-07-12 18:05:19,013:INFO: - Eval metrics : accuracytop1: 0.153 ; accuracytop5: 0.541 ; loss: 2.353 ; ls_all: 2.353 ; ls_CE: 2.353
2021-07-12 18:05:19,365:INFO: - Found new best accuracy
2021-07-12 18:05:19,373:INFO: Epoch 2/1000
2021-07-12 18:05:19,675:INFO: - Train metrics: accuracytop1: 0.103 ; accuracytop5: 0.478 ; loss: 4.307 ; ls_all: 4.307 ; ls_CE: 4.307
2021-07-12 18:05:19,850:INFO: - Eval metrics : accuracytop1: 0.072 ; accuracytop5: 0.514 ; loss: 3.219 ; ls_all: 3.219 ; ls_CE: 3.219
2021-07-12 18:05:20,033:INFO: Epoch 3/1000
2021-07-12 18:05:20,327:INFO: - Train metrics: accuracytop1: 0.098 ; accuracytop5: 0.509 ; loss: 5.029 ; ls_all: 5.029 ; ls_CE: 5.029
2021-07-12 18:05:20,511:INFO: - Eval metrics : accuracytop1: 0.135 ; accuracytop5: 0.468 ; loss: 3.491 ; ls_all: 3.491 ; ls_CE: 3.491
2021-07-12 18:05:20,702:INFO: Epoch 4/1000
2021-07-12 18:05:21,009:INFO: - Train metrics: accuracytop1: 0.099 ; accuracytop5: 0.530 ; loss: 5.025 ; ls_all: 5.025 ; ls_CE: 5.025
2021-07-12 18:05:21,185:INFO: - Eval metrics : accuracytop1: 0.063 ; accuracytop5: 0.477 ; loss: 3.353 ; ls_all: 3.353 ; ls_CE: 3.353
2021-07-12 18:05:21,368:INFO: Epoch 5/1000
2021-07-12 18:05:21,668:INFO: - Train metrics: accuracytop1: 0.081 ; accuracytop5: 0.454 ; loss: 4.949 ; ls_all: 4.949 ; ls_CE: 4.949
2021-07-12 18:05:21,842:INFO: - Eval metrics : accuracytop1: 0.099 ; accuracytop5: 0.523 ; loss: 3.076 ; ls_all: 3.076 ; ls_CE: 3.076
2021-07-12 18:05:22,030:INFO: Epoch 6/1000
2021-07-12 18:05:22,325:INFO: - Train metrics: accuracytop1: 0.119 ; accuracytop5: 0.500 ; loss: 4.311 ; ls_all: 4.311 ; ls_CE: 4.311
2021-07-12 18:05:22,503:INFO: - Eval metrics : accuracytop1: 0.135 ; accuracytop5: 0.468 ; loss: 3.069 ; ls_all: 3.069 ; ls_CE: 3.069
2021-07-12 18:05:22,688:INFO: Epoch 7/1000
2021-07-12 18:05:22,984:INFO: - Train metrics: accuracytop1: 0.089 ; accuracytop5: 0.510 ; loss: 4.301 ; ls_all: 4.301 ; ls_CE: 4.301
2021-07-12 18:05:23,166:INFO: - Eval metrics : accuracytop1: 0.090 ; accuracytop5: 0.505 ; loss: 2.898 ; ls_all: 2.898 ; ls_CE: 2.898
2021-07-12 18:05:23,349:INFO: Epoch 8/1000
2021-07-12 18:05:23,657:INFO: - Train metrics: accuracytop1: 0.127 ; accuracytop5: 0.475 ; loss: 4.273 ; ls_all: 4.273 ; ls_CE: 4.273
2021-07-12 18:05:23,834:INFO: - Eval metrics : accuracytop1: 0.144 ; accuracytop5: 0.514 ; loss: 2.859 ; ls_all: 2.859 ; ls_CE: 2.859
2021-07-12 18:05:24,024:INFO: Epoch 9/1000
2021-07-12 18:05:24,315:INFO: - Train metrics: accuracytop1: 0.107 ; accuracytop5: 0.481 ; loss: 4.243 ; ls_all: 4.243 ; ls_CE: 4.243
2021-07-12 18:05:24,487:INFO: - Eval metrics : accuracytop1: 0.135 ; accuracytop5: 0.514 ; loss: 2.681 ; ls_all: 2.681 ; ls_CE: 2.681
2021-07-12 18:05:24,675:INFO: Epoch 10/1000
2021-07-12 18:05:24,973:INFO: - Train metrics: accuracytop1: 0.120 ; accuracytop5: 0.545 ; loss: 4.137 ; ls_all: 4.137 ; ls_CE: 4.137
2021-07-12 18:05:25,157:INFO: - Eval metrics : accuracytop1: 0.081 ; accuracytop5: 0.459 ; loss: 2.750 ; ls_all: 2.750 ; ls_CE: 2.750
2021-07-12 18:05:25,347:INFO: Epoch 11/1000
2021-07-12 18:05:25,655:INFO: - Train metrics: accuracytop1: 0.128 ; accuracytop5: 0.529 ; loss: 3.813 ; ls_all: 3.813 ; ls_CE: 3.813
2021-07-12 18:05:25,831:INFO: - Eval metrics : accuracytop1: 0.117 ; accuracytop5: 0.514 ; loss: 2.931 ; ls_all: 2.931 ; ls_CE: 2.931
2021-07-12 18:05:26,015:INFO: Epoch 12/1000
2021-07-12 18:05:26,305:INFO: - Train metrics: accuracytop1: 0.108 ; accuracytop5: 0.505 ; loss: 3.915 ; ls_all: 3.915 ; ls_CE: 3.915
2021-07-12 18:05:26,484:INFO: - Eval metrics : accuracytop1: 0.126 ; accuracytop5: 0.586 ; loss: 2.557 ; ls_all: 2.557 ; ls_CE: 2.557
2021-07-12 18:05:26,674:INFO: Epoch 13/1000
2021-07-12 18:05:26,979:INFO: - Train metrics: accuracytop1: 0.117 ; accuracytop5: 0.490 ; loss: 3.838 ; ls_all: 3.838 ; ls_CE: 3.838
2021-07-12 18:05:27,164:INFO: - Eval metrics : accuracytop1: 0.081 ; accuracytop5: 0.450 ; loss: 2.794 ; ls_all: 2.794 ; ls_CE: 2.794
2021-07-12 18:05:27,353:INFO: Epoch 14/1000
2021-07-12 18:05:27,655:INFO: - Train metrics: accuracytop1: 0.091 ; accuracytop5: 0.524 ; loss: 3.800 ; ls_all: 3.800 ; ls_CE: 3.800
2021-07-12 18:05:27,829:INFO: - Eval metrics : accuracytop1: 0.081 ; accuracytop5: 0.559 ; loss: 2.684 ; ls_all: 2.684 ; ls_CE: 2.684
2021-07-12 18:05:28,020:INFO: Epoch 15/1000
2021-07-12 18:05:28,320:INFO: - Train metrics: accuracytop1: 0.101 ; accuracytop5: 0.466 ; loss: 3.964 ; ls_all: 3.964 ; ls_CE: 3.964
2021-07-12 18:05:28,506:INFO: - Eval metrics : accuracytop1: 0.099 ; accuracytop5: 0.468 ; loss: 2.739 ; ls_all: 2.739 ; ls_CE: 2.739
2021-07-12 18:05:28,698:INFO: Epoch 16/1000
2021-07-12 18:05:29,011:INFO: - Train metrics: accuracytop1: 0.096 ; accuracytop5: 0.520 ; loss: 3.917 ; ls_all: 3.917 ; ls_CE: 3.917
2021-07-12 18:05:29,192:INFO: - Eval metrics : accuracytop1: 0.081 ; accuracytop5: 0.495 ; loss: 2.842 ; ls_all: 2.842 ; ls_CE: 2.842
2021-07-12 18:05:29,375:INFO: Epoch 17/1000
2021-07-12 18:05:29,675:INFO: - Train metrics: accuracytop1: 0.103 ; accuracytop5: 0.545 ; loss: 3.844 ; ls_all: 3.844 ; ls_CE: 3.844
2021-07-12 18:05:29,859:INFO: - Eval metrics : accuracytop1: 0.108 ; accuracytop5: 0.523 ; loss: 2.636 ; ls_all: 2.636 ; ls_CE: 2.636
2021-07-12 18:05:30,047:INFO: Epoch 18/1000
2021-07-12 18:05:30,355:INFO: - Train metrics: accuracytop1: 0.091 ; accuracytop5: 0.538 ; loss: 3.847 ; ls_all: 3.847 ; ls_CE: 3.847
2021-07-12 18:05:30,540:INFO: - Eval metrics : accuracytop1: 0.081 ; accuracytop5: 0.486 ; loss: 2.584 ; ls_all: 2.584 ; ls_CE: 2.584
2021-07-12 18:05:30,734:INFO: Epoch 19/1000
2021-07-12 18:05:31,039:INFO: - Train metrics: accuracytop1: 0.095 ; accuracytop5: 0.493 ; loss: 3.713 ; ls_all: 3.713 ; ls_CE: 3.713
2021-07-12 18:05:31,217:INFO: - Eval metrics : accuracytop1: 0.072 ; accuracytop5: 0.532 ; loss: 2.752 ; ls_all: 2.752 ; ls_CE: 2.752
2021-07-12 18:05:31,402:INFO: Epoch 20/1000
2021-07-12 18:05:31,714:INFO: - Train metrics: accuracytop1: 0.109 ; accuracytop5: 0.506 ; loss: 3.763 ; ls_all: 3.763 ; ls_CE: 3.763
2021-07-12 18:05:31,891:INFO: - Eval metrics : accuracytop1: 0.045 ; accuracytop5: 0.450 ; loss: 2.885 ; ls_all: 2.885 ; ls_CE: 2.885
2021-07-12 18:05:32,077:INFO: Epoch 21/1000
2021-07-12 18:05:32,374:INFO: - Train metrics: accuracytop1: 0.118 ; accuracytop5: 0.503 ; loss: 3.639 ; ls_all: 3.639 ; ls_CE: 3.639
2021-07-12 18:05:32,553:INFO: - Eval metrics : accuracytop1: 0.108 ; accuracytop5: 0.495 ; loss: 2.593 ; ls_all: 2.593 ; ls_CE: 2.593
2021-07-12 18:05:32,745:INFO: Epoch 22/1000
2021-07-12 18:05:33,059:INFO: - Train metrics: accuracytop1: 0.091 ; accuracytop5: 0.490 ; loss: 4.072 ; ls_all: 4.072 ; ls_CE: 4.072
2021-07-12 18:05:33,235:INFO: - Eval metrics : accuracytop1: 0.063 ; accuracytop5: 0.486 ; loss: 2.730 ; ls_all: 2.730 ; ls_CE: 2.730
2021-07-12 18:05:33,418:INFO: Epoch 23/1000
2021-07-12 18:05:33,733:INFO: - Train metrics: accuracytop1: 0.113 ; accuracytop5: 0.491 ; loss: 3.841 ; ls_all: 3.841 ; ls_CE: 3.841
2021-07-12 18:05:33,914:INFO: - Eval metrics : accuracytop1: 0.045 ; accuracytop5: 0.495 ; loss: 2.587 ; ls_all: 2.587 ; ls_CE: 2.587
2021-07-12 18:05:34,106:INFO: Epoch 24/1000
2021-07-12 18:05:34,408:INFO: - Train metrics: accuracytop1: 0.095 ; accuracytop5: 0.485 ; loss: 3.515 ; ls_all: 3.515 ; ls_CE: 3.515
2021-07-12 18:05:34,593:INFO: - Eval metrics : accuracytop1: 0.081 ; accuracytop5: 0.486 ; loss: 2.541 ; ls_all: 2.541 ; ls_CE: 2.541
2021-07-12 18:05:34,784:INFO: Epoch 25/1000
2021-07-12 18:05:35,088:INFO: - Train metrics: accuracytop1: 0.099 ; accuracytop5: 0.490 ; loss: 3.803 ; ls_all: 3.803 ; ls_CE: 3.803
2021-07-12 18:05:35,266:INFO: - Eval metrics : accuracytop1: 0.090 ; accuracytop5: 0.550 ; loss: 2.802 ; ls_all: 2.802 ; ls_CE: 2.802
2021-07-12 18:05:35,486:INFO: Epoch 26/1000
2021-07-12 18:05:35,799:INFO: - Train metrics: accuracytop1: 0.099 ; accuracytop5: 0.517 ; loss: 3.749 ; ls_all: 3.749 ; ls_CE: 3.749
2021-07-12 18:05:35,982:INFO: - Eval metrics : accuracytop1: 0.117 ; accuracytop5: 0.541 ; loss: 2.808 ; ls_all: 2.808 ; ls_CE: 2.808
2021-07-12 18:05:36,172:INFO: Epoch 27/1000
2021-07-12 18:05:36,469:INFO: - Train metrics: accuracytop1: 0.083 ; accuracytop5: 0.465 ; loss: 3.863 ; ls_all: 3.863 ; ls_CE: 3.863
2021-07-12 18:05:36,655:INFO: - Eval metrics : accuracytop1: 0.054 ; accuracytop5: 0.495 ; loss: 2.746 ; ls_all: 2.746 ; ls_CE: 2.746
2021-07-12 18:05:36,839:INFO: Epoch 28/1000
2021-07-12 18:05:37,149:INFO: - Train metrics: accuracytop1: 0.088 ; accuracytop5: 0.509 ; loss: 3.619 ; ls_all: 3.619 ; ls_CE: 3.619
2021-07-12 18:05:37,326:INFO: - Eval metrics : accuracytop1: 0.081 ; accuracytop5: 0.568 ; loss: 2.630 ; ls_all: 2.630 ; ls_CE: 2.630
2021-07-12 18:05:37,515:INFO: Epoch 29/1000
2021-07-12 18:05:37,812:INFO: - Train metrics: accuracytop1: 0.109 ; accuracytop5: 0.486 ; loss: 3.469 ; ls_all: 3.469 ; ls_CE: 3.469
2021-07-12 18:05:37,993:INFO: - Eval metrics : accuracytop1: 0.072 ; accuracytop5: 0.477 ; loss: 2.647 ; ls_all: 2.647 ; ls_CE: 2.647
2021-07-12 18:05:38,191:INFO: Epoch 30/1000
2021-07-12 18:05:38,502:INFO: - Train metrics: accuracytop1: 0.123 ; accuracytop5: 0.514 ; loss: 3.569 ; ls_all: 3.569 ; ls_CE: 3.569
2021-07-12 18:05:38,684:INFO: - Eval metrics : accuracytop1: 0.126 ; accuracytop5: 0.532 ; loss: 2.437 ; ls_all: 2.437 ; ls_CE: 2.437
2021-07-12 18:05:38,881:INFO: Epoch 31/1000
2021-07-12 18:05:39,194:INFO: - Train metrics: accuracytop1: 0.121 ; accuracytop5: 0.539 ; loss: 3.318 ; ls_all: 3.318 ; ls_CE: 3.318
2021-07-12 18:05:39,375:INFO: - Eval metrics : accuracytop1: 0.072 ; accuracytop5: 0.514 ; loss: 2.660 ; ls_all: 2.660 ; ls_CE: 2.660
2021-07-12 18:05:39,567:INFO: Epoch 32/1000
2021-07-12 18:05:39,869:INFO: - Train metrics: accuracytop1: 0.110 ; accuracytop5: 0.527 ; loss: 3.829 ; ls_all: 3.829 ; ls_CE: 3.829
2021-07-12 18:05:40,053:INFO: - Eval metrics : accuracytop1: 0.063 ; accuracytop5: 0.568 ; loss: 2.822 ; ls_all: 2.822 ; ls_CE: 2.822
2021-07-12 18:05:40,235:INFO: Epoch 33/1000
2021-07-12 18:05:40,538:INFO: - Train metrics: accuracytop1: 0.125 ; accuracytop5: 0.556 ; loss: 3.833 ; ls_all: 3.833 ; ls_CE: 3.833
2021-07-12 18:05:40,715:INFO: - Eval metrics : accuracytop1: 0.099 ; accuracytop5: 0.523 ; loss: 2.634 ; ls_all: 2.634 ; ls_CE: 2.634
2021-07-12 18:05:40,908:INFO: Epoch 34/1000
2021-07-12 18:05:41,216:INFO: - Train metrics: accuracytop1: 0.115 ; accuracytop5: 0.500 ; loss: 3.627 ; ls_all: 3.627 ; ls_CE: 3.627
2021-07-12 18:05:41,394:INFO: - Eval metrics : accuracytop1: 0.090 ; accuracytop5: 0.486 ; loss: 2.812 ; ls_all: 2.812 ; ls_CE: 2.812
2021-07-12 18:05:41,587:INFO: Epoch 35/1000
2021-07-12 18:05:41,892:INFO: - Train metrics: accuracytop1: 0.107 ; accuracytop5: 0.536 ; loss: 3.514 ; ls_all: 3.514 ; ls_CE: 3.514
2021-07-12 18:05:42,078:INFO: - Eval metrics : accuracytop1: 0.054 ; accuracytop5: 0.514 ; loss: 2.621 ; ls_all: 2.621 ; ls_CE: 2.621
2021-07-12 18:05:42,263:INFO: Epoch 36/1000
2021-07-12 18:05:42,572:INFO: - Train metrics: accuracytop1: 0.097 ; accuracytop5: 0.484 ; loss: 3.922 ; ls_all: 3.922 ; ls_CE: 3.922
2021-07-12 18:05:42,746:INFO: - Eval metrics : accuracytop1: 0.099 ; accuracytop5: 0.468 ; loss: 2.914 ; ls_all: 2.914 ; ls_CE: 2.914
2021-07-12 18:05:42,933:INFO: Epoch 37/1000
2021-07-12 18:05:43,233:INFO: - Train metrics: accuracytop1: 0.109 ; accuracytop5: 0.510 ; loss: 3.965 ; ls_all: 3.965 ; ls_CE: 3.965
2021-07-12 18:05:43,414:INFO: - Eval metrics : accuracytop1: 0.063 ; accuracytop5: 0.505 ; loss: 2.681 ; ls_all: 2.681 ; ls_CE: 2.681
2021-07-12 18:05:43,597:INFO: Epoch 38/1000
2021-07-12 18:05:43,901:INFO: - Train metrics: accuracytop1: 0.123 ; accuracytop5: 0.516 ; loss: 3.836 ; ls_all: 3.836 ; ls_CE: 3.836
2021-07-12 18:05:44,083:INFO: - Eval metrics : accuracytop1: 0.108 ; accuracytop5: 0.541 ; loss: 2.615 ; ls_all: 2.615 ; ls_CE: 2.615
2021-07-12 18:05:44,268:INFO: Epoch 39/1000
2021-07-12 18:05:44,573:INFO: - Train metrics: accuracytop1: 0.099 ; accuracytop5: 0.530 ; loss: 3.369 ; ls_all: 3.369 ; ls_CE: 3.369
2021-07-12 18:05:44,752:INFO: - Eval metrics : accuracytop1: 0.090 ; accuracytop5: 0.486 ; loss: 2.687 ; ls_all: 2.687 ; ls_CE: 2.687
2021-07-12 18:05:44,937:INFO: Epoch 40/1000
2021-07-12 18:05:45,247:INFO: - Train metrics: accuracytop1: 0.090 ; accuracytop5: 0.496 ; loss: 3.608 ; ls_all: 3.608 ; ls_CE: 3.608
2021-07-12 18:05:45,428:INFO: - Eval metrics : accuracytop1: 0.135 ; accuracytop5: 0.577 ; loss: 2.482 ; ls_all: 2.482 ; ls_CE: 2.482
2021-07-12 18:05:45,643:INFO: Epoch 41/1000
2021-07-12 18:05:45,937:INFO: - Train metrics: accuracytop1: 0.095 ; accuracytop5: 0.508 ; loss: 3.489 ; ls_all: 3.489 ; ls_CE: 3.489
2021-07-12 18:05:46,117:INFO: - Eval metrics : accuracytop1: 0.072 ; accuracytop5: 0.441 ; loss: 2.698 ; ls_all: 2.698 ; ls_CE: 2.698
2021-07-12 18:05:46,301:INFO: Epoch 42/1000
2021-07-12 18:05:46,608:INFO: - Train metrics: accuracytop1: 0.087 ; accuracytop5: 0.504 ; loss: 3.555 ; ls_all: 3.555 ; ls_CE: 3.555
2021-07-12 18:05:46,787:INFO: - Eval metrics : accuracytop1: 0.108 ; accuracytop5: 0.541 ; loss: 2.489 ; ls_all: 2.489 ; ls_CE: 2.489
2021-07-12 18:05:46,982:INFO: Epoch 43/1000
2021-07-12 18:05:47,291:INFO: - Train metrics: accuracytop1: 0.107 ; accuracytop5: 0.507 ; loss: 3.527 ; ls_all: 3.527 ; ls_CE: 3.527
2021-07-12 18:05:47,469:INFO: - Eval metrics : accuracytop1: 0.063 ; accuracytop5: 0.486 ; loss: 2.699 ; ls_all: 2.699 ; ls_CE: 2.699
2021-07-12 18:05:47,672:INFO: Epoch 44/1000
2021-07-12 18:05:47,976:INFO: - Train metrics: accuracytop1: 0.099 ; accuracytop5: 0.516 ; loss: 3.512 ; ls_all: 3.512 ; ls_CE: 3.512
2021-07-12 18:05:48,158:INFO: - Eval metrics : accuracytop1: 0.099 ; accuracytop5: 0.532 ; loss: 2.530 ; ls_all: 2.530 ; ls_CE: 2.530
2021-07-12 18:05:48,346:INFO: Epoch 45/1000
2021-07-12 18:05:48,652:INFO: - Train metrics: accuracytop1: 0.103 ; accuracytop5: 0.493 ; loss: 3.414 ; ls_all: 3.414 ; ls_CE: 3.414
2021-07-12 18:05:48,829:INFO: - Eval metrics : accuracytop1: 0.099 ; accuracytop5: 0.486 ; loss: 2.694 ; ls_all: 2.694 ; ls_CE: 2.694
2021-07-12 18:05:49,014:INFO: Epoch 46/1000
2021-07-12 18:05:49,306:INFO: - Train metrics: accuracytop1: 0.081 ; accuracytop5: 0.454 ; loss: 3.703 ; ls_all: 3.703 ; ls_CE: 3.703
2021-07-12 18:05:49,484:INFO: - Eval metrics : accuracytop1: 0.117 ; accuracytop5: 0.523 ; loss: 2.605 ; ls_all: 2.605 ; ls_CE: 2.605
2021-07-12 18:05:49,685:INFO: Epoch 47/1000
2021-07-12 18:05:49,988:INFO: - Train metrics: accuracytop1: 0.095 ; accuracytop5: 0.496 ; loss: 3.557 ; ls_all: 3.557 ; ls_CE: 3.557
2021-07-12 18:05:50,171:INFO: - Eval metrics : accuracytop1: 0.072 ; accuracytop5: 0.532 ; loss: 2.533 ; ls_all: 2.533 ; ls_CE: 2.533
2021-07-12 18:05:50,357:INFO: Epoch 48/1000
2021-07-12 18:05:50,670:INFO: - Train metrics: accuracytop1: 0.133 ; accuracytop5: 0.537 ; loss: 3.295 ; ls_all: 3.295 ; ls_CE: 3.295
2021-07-12 18:05:50,853:INFO: - Eval metrics : accuracytop1: 0.036 ; accuracytop5: 0.523 ; loss: 2.681 ; ls_all: 2.681 ; ls_CE: 2.681
2021-07-12 18:05:51,043:INFO: Epoch 49/1000
2021-07-12 18:05:51,343:INFO: - Train metrics: accuracytop1: 0.117 ; accuracytop5: 0.514 ; loss: 3.457 ; ls_all: 3.457 ; ls_CE: 3.457
2021-07-12 18:05:51,535:INFO: - Eval metrics : accuracytop1: 0.072 ; accuracytop5: 0.550 ; loss: 2.679 ; ls_all: 2.679 ; ls_CE: 2.679
2021-07-12 18:05:51,723:INFO: Epoch 50/1000
2021-07-12 18:05:52,025:INFO: - Train metrics: accuracytop1: 0.085 ; accuracytop5: 0.524 ; loss: 3.323 ; ls_all: 3.323 ; ls_CE: 3.323
2021-07-12 18:05:52,198:INFO: - Eval metrics : accuracytop1: 0.072 ; accuracytop5: 0.532 ; loss: 2.545 ; ls_all: 2.545 ; ls_CE: 2.545
2021-07-12 18:05:52,567:INFO: Epoch 51/1000
2021-07-12 18:05:52,853:INFO: - Train metrics: accuracytop1: 0.117 ; accuracytop5: 0.529 ; loss: 3.427 ; ls_all: 3.427 ; ls_CE: 3.427
2021-07-12 18:05:53,034:INFO: - Eval metrics : accuracytop1: 0.081 ; accuracytop5: 0.514 ; loss: 2.702 ; ls_all: 2.702 ; ls_CE: 2.702
2021-07-12 18:05:53,218:INFO: Epoch 52/1000
2021-07-12 18:05:53,524:INFO: - Train metrics: accuracytop1: 0.105 ; accuracytop5: 0.518 ; loss: 3.472 ; ls_all: 3.472 ; ls_CE: 3.472
2021-07-12 18:05:53,699:INFO: - Eval metrics : accuracytop1: 0.036 ; accuracytop5: 0.514 ; loss: 2.665 ; ls_all: 2.665 ; ls_CE: 2.665
2021-07-12 18:05:53,933:INFO: Epoch 53/1000
2021-07-12 18:05:54,233:INFO: - Train metrics: accuracytop1: 0.123 ; accuracytop5: 0.486 ; loss: 3.521 ; ls_all: 3.521 ; ls_CE: 3.521
2021-07-12 18:05:54,408:INFO: - Eval metrics : accuracytop1: 0.063 ; accuracytop5: 0.514 ; loss: 2.744 ; ls_all: 2.744 ; ls_CE: 2.744
2021-07-12 18:05:54,596:INFO: Epoch 54/1000
2021-07-12 18:05:54,897:INFO: - Train metrics: accuracytop1: 0.094 ; accuracytop5: 0.480 ; loss: 3.427 ; ls_all: 3.427 ; ls_CE: 3.427
2021-07-12 18:05:55,084:INFO: - Eval metrics : accuracytop1: 0.063 ; accuracytop5: 0.577 ; loss: 2.679 ; ls_all: 2.679 ; ls_CE: 2.679
2021-07-12 18:05:55,270:INFO: Epoch 55/1000
2021-07-12 18:05:55,578:INFO: - Train metrics: accuracytop1: 0.105 ; accuracytop5: 0.510 ; loss: 3.446 ; ls_all: 3.446 ; ls_CE: 3.446
2021-07-12 18:05:55,752:INFO: - Eval metrics : accuracytop1: 0.063 ; accuracytop5: 0.523 ; loss: 2.627 ; ls_all: 2.627 ; ls_CE: 2.627
2021-07-12 18:05:55,945:INFO: Epoch 56/1000
2021-07-12 18:05:56,248:INFO: - Train metrics: accuracytop1: 0.125 ; accuracytop5: 0.542 ; loss: 3.514 ; ls_all: 3.514 ; ls_CE: 3.514
2021-07-12 18:05:56,423:INFO: - Eval metrics : accuracytop1: 0.045 ; accuracytop5: 0.505 ; loss: 2.754 ; ls_all: 2.754 ; ls_CE: 2.754
2021-07-12 18:05:56,615:INFO: Epoch 57/1000
2021-07-12 18:05:56,907:INFO: - Train metrics: accuracytop1: 0.083 ; accuracytop5: 0.496 ; loss: 3.387 ; ls_all: 3.387 ; ls_CE: 3.387
2021-07-12 18:05:57,089:INFO: - Eval metrics : accuracytop1: 0.072 ; accuracytop5: 0.514 ; loss: 2.583 ; ls_all: 2.583 ; ls_CE: 2.583
2021-07-12 18:05:57,275:INFO: Epoch 58/1000
2021-07-12 18:05:57,584:INFO: - Train metrics: accuracytop1: 0.087 ; accuracytop5: 0.471 ; loss: 3.320 ; ls_all: 3.320 ; ls_CE: 3.320
2021-07-12 18:05:57,762:INFO: - Eval metrics : accuracytop1: 0.036 ; accuracytop5: 0.532 ; loss: 2.552 ; ls_all: 2.552 ; ls_CE: 2.552
2021-07-12 18:05:57,953:INFO: Epoch 59/1000
2021-07-12 18:05:58,258:INFO: - Train metrics: accuracytop1: 0.087 ; accuracytop5: 0.550 ; loss: 3.437 ; ls_all: 3.437 ; ls_CE: 3.437
2021-07-12 18:05:58,437:INFO: - Eval metrics : accuracytop1: 0.036 ; accuracytop5: 0.514 ; loss: 2.511 ; ls_all: 2.511 ; ls_CE: 2.511
2021-07-12 18:05:58,630:INFO: Epoch 60/1000
2021-07-12 18:05:58,924:INFO: - Train metrics: accuracytop1: 0.087 ; accuracytop5: 0.502 ; loss: 3.457 ; ls_all: 3.457 ; ls_CE: 3.457
2021-07-12 18:05:59,113:INFO: - Eval metrics : accuracytop1: 0.117 ; accuracytop5: 0.486 ; loss: 2.559 ; ls_all: 2.559 ; ls_CE: 2.559
2021-07-12 18:05:59,298:INFO: Epoch 61/1000
2021-07-12 18:05:59,605:INFO: - Train metrics: accuracytop1: 0.111 ; accuracytop5: 0.488 ; loss: 3.429 ; ls_all: 3.429 ; ls_CE: 3.429
2021-07-12 18:05:59,779:INFO: - Eval metrics : accuracytop1: 0.054 ; accuracytop5: 0.559 ; loss: 2.538 ; ls_all: 2.538 ; ls_CE: 2.538
2021-07-12 18:05:59,966:INFO: Epoch 62/1000
2021-07-12 18:06:00,270:INFO: - Train metrics: accuracytop1: 0.130 ; accuracytop5: 0.527 ; loss: 3.442 ; ls_all: 3.442 ; ls_CE: 3.442
2021-07-12 18:06:00,451:INFO: - Eval metrics : accuracytop1: 0.072 ; accuracytop5: 0.514 ; loss: 2.738 ; ls_all: 2.738 ; ls_CE: 2.738
2021-07-12 18:06:00,651:INFO: Epoch 63/1000
2021-07-12 18:06:00,948:INFO: - Train metrics: accuracytop1: 0.107 ; accuracytop5: 0.508 ; loss: 3.373 ; ls_all: 3.373 ; ls_CE: 3.373
2021-07-12 18:06:01,129:INFO: - Eval metrics : accuracytop1: 0.081 ; accuracytop5: 0.468 ; loss: 2.492 ; ls_all: 2.492 ; ls_CE: 2.492
2021-07-12 18:06:01,314:INFO: Epoch 64/1000
2021-07-12 18:06:01,632:INFO: - Train metrics: accuracytop1: 0.105 ; accuracytop5: 0.539 ; loss: 3.353 ; ls_all: 3.353 ; ls_CE: 3.353
2021-07-12 18:06:01,813:INFO: - Eval metrics : accuracytop1: 0.108 ; accuracytop5: 0.577 ; loss: 2.793 ; ls_all: 2.793 ; ls_CE: 2.793
2021-07-12 18:06:02,010:INFO: Epoch 65/1000
2021-07-12 18:06:02,299:INFO: - Train metrics: accuracytop1: 0.091 ; accuracytop5: 0.534 ; loss: 3.329 ; ls_all: 3.329 ; ls_CE: 3.329
2021-07-12 18:06:02,477:INFO: - Eval metrics : accuracytop1: 0.108 ; accuracytop5: 0.523 ; loss: 2.437 ; ls_all: 2.437 ; ls_CE: 2.437
2021-07-12 18:06:02,671:INFO: Epoch 66/1000
2021-07-12 18:06:02,965:INFO: - Train metrics: accuracytop1: 0.079 ; accuracytop5: 0.497 ; loss: 3.265 ; ls_all: 3.265 ; ls_CE: 3.265
2021-07-12 18:06:03,146:INFO: - Eval metrics : accuracytop1: 0.081 ; accuracytop5: 0.450 ; loss: 2.516 ; ls_all: 2.516 ; ls_CE: 2.516
2021-07-12 18:06:03,340:INFO: Epoch 67/1000
2021-07-12 18:06:03,637:INFO: - Train metrics: accuracytop1: 0.093 ; accuracytop5: 0.488 ; loss: 3.290 ; ls_all: 3.290 ; ls_CE: 3.290
2021-07-12 18:06:03,814:INFO: - Eval metrics : accuracytop1: 0.063 ; accuracytop5: 0.514 ; loss: 2.604 ; ls_all: 2.604 ; ls_CE: 2.604
2021-07-12 18:06:04,010:INFO: Epoch 68/1000
2021-07-12 18:06:04,300:INFO: - Train metrics: accuracytop1: 0.093 ; accuracytop5: 0.508 ; loss: 3.167 ; ls_all: 3.167 ; ls_CE: 3.167
2021-07-12 18:06:04,474:INFO: - Eval metrics : accuracytop1: 0.081 ; accuracytop5: 0.541 ; loss: 2.516 ; ls_all: 2.516 ; ls_CE: 2.516
2021-07-12 18:06:04,669:INFO: Epoch 69/1000
2021-07-12 18:06:04,962:INFO: - Train metrics: accuracytop1: 0.091 ; accuracytop5: 0.510 ; loss: 3.149 ; ls_all: 3.149 ; ls_CE: 3.149
2021-07-12 18:06:05,141:INFO: - Eval metrics : accuracytop1: 0.045 ; accuracytop5: 0.541 ; loss: 2.524 ; ls_all: 2.524 ; ls_CE: 2.524
2021-07-12 18:06:05,335:INFO: Epoch 70/1000
2021-07-12 18:06:05,642:INFO: - Train metrics: accuracytop1: 0.109 ; accuracytop5: 0.530 ; loss: 3.375 ; ls_all: 3.375 ; ls_CE: 3.375
2021-07-12 18:06:05,820:INFO: - Eval metrics : accuracytop1: 0.099 ; accuracytop5: 0.550 ; loss: 2.532 ; ls_all: 2.532 ; ls_CE: 2.532
2021-07-12 18:06:06,014:INFO: Epoch 71/1000
2021-07-12 18:06:06,309:INFO: - Train metrics: accuracytop1: 0.121 ; accuracytop5: 0.529 ; loss: 3.272 ; ls_all: 3.272 ; ls_CE: 3.272
2021-07-12 18:06:06,484:INFO: - Eval metrics : accuracytop1: 0.063 ; accuracytop5: 0.486 ; loss: 2.516 ; ls_all: 2.516 ; ls_CE: 2.516
2021-07-12 18:06:06,675:INFO: Epoch 72/1000
2021-07-12 18:06:06,972:INFO: - Train metrics: accuracytop1: 0.073 ; accuracytop5: 0.477 ; loss: 3.296 ; ls_all: 3.296 ; ls_CE: 3.296
2021-07-12 18:06:07,152:INFO: - Eval metrics : accuracytop1: 0.054 ; accuracytop5: 0.432 ; loss: 2.742 ; ls_all: 2.742 ; ls_CE: 2.742
2021-07-12 18:06:07,347:INFO: Epoch 73/1000
2021-07-12 18:06:07,651:INFO: - Train metrics: accuracytop1: 0.124 ; accuracytop5: 0.518 ; loss: 3.181 ; ls_all: 3.181 ; ls_CE: 3.181
2021-07-12 18:06:07,830:INFO: - Eval metrics : accuracytop1: 0.027 ; accuracytop5: 0.523 ; loss: 2.682 ; ls_all: 2.682 ; ls_CE: 2.682
2021-07-12 18:06:08,016:INFO: Epoch 74/1000
2021-07-12 18:06:08,305:INFO: - Train metrics: accuracytop1: 0.091 ; accuracytop5: 0.484 ; loss: 3.590 ; ls_all: 3.590 ; ls_CE: 3.590
2021-07-12 18:06:08,487:INFO: - Eval metrics : accuracytop1: 0.036 ; accuracytop5: 0.387 ; loss: 2.814 ; ls_all: 2.814 ; ls_CE: 2.814
2021-07-12 18:06:08,687:INFO: Epoch 75/1000
2021-07-12 18:06:08,979:INFO: - Train metrics: accuracytop1: 0.107 ; accuracytop5: 0.505 ; loss: 3.504 ; ls_all: 3.504 ; ls_CE: 3.504
2021-07-12 18:06:09,160:INFO: - Eval metrics : accuracytop1: 0.063 ; accuracytop5: 0.577 ; loss: 2.474 ; ls_all: 2.474 ; ls_CE: 2.474
2021-07-12 18:06:09,345:INFO: Epoch 76/1000
2021-07-12 18:06:09,644:INFO: - Train metrics: accuracytop1: 0.087 ; accuracytop5: 0.463 ; loss: 3.372 ; ls_all: 3.372 ; ls_CE: 3.372
2021-07-12 18:06:09,821:INFO: - Eval metrics : accuracytop1: 0.045 ; accuracytop5: 0.505 ; loss: 2.585 ; ls_all: 2.585 ; ls_CE: 2.585
2021-07-12 18:06:10,009:INFO: Epoch 77/1000
2021-07-12 18:06:10,308:INFO: - Train metrics: accuracytop1: 0.141 ; accuracytop5: 0.557 ; loss: 3.114 ; ls_all: 3.114 ; ls_CE: 3.114
2021-07-12 18:06:10,493:INFO: - Eval metrics : accuracytop1: 0.054 ; accuracytop5: 0.550 ; loss: 2.532 ; ls_all: 2.532 ; ls_CE: 2.532
2021-07-12 18:06:10,692:INFO: Epoch 78/1000
2021-07-12 18:06:11,012:INFO: - Train metrics: accuracytop1: 0.093 ; accuracytop5: 0.498 ; loss: 3.397 ; ls_all: 3.397 ; ls_CE: 3.397
2021-07-12 18:06:11,198:INFO: - Eval metrics : accuracytop1: 0.063 ; accuracytop5: 0.468 ; loss: 2.613 ; ls_all: 2.613 ; ls_CE: 2.613
2021-07-12 18:06:11,387:INFO: Epoch 79/1000
2021-07-12 18:06:11,710:INFO: - Train metrics: accuracytop1: 0.105 ; accuracytop5: 0.525 ; loss: 3.178 ; ls_all: 3.178 ; ls_CE: 3.178
2021-07-12 18:06:11,892:INFO: - Eval metrics : accuracytop1: 0.099 ; accuracytop5: 0.459 ; loss: 2.596 ; ls_all: 2.596 ; ls_CE: 2.596
2021-07-12 18:06:12,082:INFO: Epoch 80/1000
2021-07-12 18:06:12,372:INFO: - Train metrics: accuracytop1: 0.123 ; accuracytop5: 0.489 ; loss: 3.300 ; ls_all: 3.300 ; ls_CE: 3.300
2021-07-12 18:06:12,554:INFO: - Eval metrics : accuracytop1: 0.054 ; accuracytop5: 0.459 ; loss: 2.710 ; ls_all: 2.710 ; ls_CE: 2.710
2021-07-12 18:06:12,744:INFO: Epoch 81/1000
2021-07-12 18:06:13,051:INFO: - Train metrics: accuracytop1: 0.119 ; accuracytop5: 0.508 ; loss: 3.205 ; ls_all: 3.205 ; ls_CE: 3.205
2021-07-12 18:06:13,229:INFO: - Eval metrics : accuracytop1: 0.099 ; accuracytop5: 0.568 ; loss: 2.424 ; ls_all: 2.424 ; ls_CE: 2.424
2021-07-12 18:06:13,429:INFO: Epoch 82/1000
2021-07-12 18:06:13,738:INFO: - Train metrics: accuracytop1: 0.102 ; accuracytop5: 0.522 ; loss: 3.206 ; ls_all: 3.206 ; ls_CE: 3.206
2021-07-12 18:06:13,915:INFO: - Eval metrics : accuracytop1: 0.072 ; accuracytop5: 0.505 ; loss: 2.653 ; ls_all: 2.653 ; ls_CE: 2.653
2021-07-12 18:06:14,110:INFO: Epoch 83/1000
2021-07-12 18:06:14,414:INFO: - Train metrics: accuracytop1: 0.085 ; accuracytop5: 0.497 ; loss: 3.279 ; ls_all: 3.279 ; ls_CE: 3.279
2021-07-12 18:06:14,602:INFO: - Eval metrics : accuracytop1: 0.081 ; accuracytop5: 0.505 ; loss: 2.510 ; ls_all: 2.510 ; ls_CE: 2.510
2021-07-12 18:06:14,797:INFO: Epoch 84/1000
2021-07-12 18:06:15,107:INFO: - Train metrics: accuracytop1: 0.113 ; accuracytop5: 0.560 ; loss: 3.203 ; ls_all: 3.203 ; ls_CE: 3.203
2021-07-12 18:06:15,285:INFO: - Eval metrics : accuracytop1: 0.081 ; accuracytop5: 0.523 ; loss: 2.559 ; ls_all: 2.559 ; ls_CE: 2.559
2021-07-12 18:06:15,474:INFO: Epoch 85/1000
2021-07-12 18:06:15,774:INFO: - Train metrics: accuracytop1: 0.106 ; accuracytop5: 0.490 ; loss: 3.324 ; ls_all: 3.324 ; ls_CE: 3.324
2021-07-12 18:06:15,958:INFO: - Eval metrics : accuracytop1: 0.081 ; accuracytop5: 0.541 ; loss: 2.419 ; ls_all: 2.419 ; ls_CE: 2.419
2021-07-12 18:06:16,165:INFO: Epoch 86/1000
2021-07-12 18:06:16,467:INFO: - Train metrics: accuracytop1: 0.111 ; accuracytop5: 0.501 ; loss: 3.302 ; ls_all: 3.302 ; ls_CE: 3.302
2021-07-12 18:06:16,651:INFO: - Eval metrics : accuracytop1: 0.099 ; accuracytop5: 0.532 ; loss: 2.583 ; ls_all: 2.583 ; ls_CE: 2.583
2021-07-12 18:06:16,847:INFO: Epoch 87/1000
2021-07-12 18:06:17,156:INFO: - Train metrics: accuracytop1: 0.105 ; accuracytop5: 0.524 ; loss: 3.330 ; ls_all: 3.330 ; ls_CE: 3.330
2021-07-12 18:06:17,335:INFO: - Eval metrics : accuracytop1: 0.072 ; accuracytop5: 0.523 ; loss: 2.655 ; ls_all: 2.655 ; ls_CE: 2.655
2021-07-12 18:06:17,523:INFO: Epoch 88/1000
2021-07-12 18:06:17,821:INFO: - Train metrics: accuracytop1: 0.103 ; accuracytop5: 0.469 ; loss: 3.338 ; ls_all: 3.338 ; ls_CE: 3.338
2021-07-12 18:06:18,006:INFO: - Eval metrics : accuracytop1: 0.054 ; accuracytop5: 0.459 ; loss: 2.517 ; ls_all: 2.517 ; ls_CE: 2.517
2021-07-12 18:06:18,197:INFO: Epoch 89/1000
2021-07-12 18:06:18,490:INFO: - Train metrics: accuracytop1: 0.098 ; accuracytop5: 0.490 ; loss: 3.145 ; ls_all: 3.145 ; ls_CE: 3.145
2021-07-12 18:06:18,670:INFO: - Eval metrics : accuracytop1: 0.063 ; accuracytop5: 0.495 ; loss: 2.620 ; ls_all: 2.620 ; ls_CE: 2.620
2021-07-12 18:06:18,860:INFO: Epoch 90/1000
2021-07-12 18:06:19,170:INFO: - Train metrics: accuracytop1: 0.123 ; accuracytop5: 0.520 ; loss: 3.103 ; ls_all: 3.103 ; ls_CE: 3.103
2021-07-12 18:06:19,351:INFO: - Eval metrics : accuracytop1: 0.090 ; accuracytop5: 0.541 ; loss: 2.491 ; ls_all: 2.491 ; ls_CE: 2.491
2021-07-12 18:06:19,539:INFO: Epoch 91/1000
2021-07-12 18:06:19,840:INFO: - Train metrics: accuracytop1: 0.103 ; accuracytop5: 0.508 ; loss: 3.228 ; ls_all: 3.228 ; ls_CE: 3.228
2021-07-12 18:06:20,021:INFO: - Eval metrics : accuracytop1: 0.090 ; accuracytop5: 0.486 ; loss: 2.488 ; ls_all: 2.488 ; ls_CE: 2.488
2021-07-12 18:06:20,218:INFO: Epoch 92/1000
2021-07-12 18:06:20,516:INFO: - Train metrics: accuracytop1: 0.130 ; accuracytop5: 0.508 ; loss: 3.226 ; ls_all: 3.226 ; ls_CE: 3.226
2021-07-12 18:06:20,699:INFO: - Eval metrics : accuracytop1: 0.081 ; accuracytop5: 0.523 ; loss: 2.432 ; ls_all: 2.432 ; ls_CE: 2.432
2021-07-12 18:06:20,893:INFO: Epoch 93/1000
2021-07-12 18:06:21,194:INFO: - Train metrics: accuracytop1: 0.089 ; accuracytop5: 0.506 ; loss: 3.022 ; ls_all: 3.022 ; ls_CE: 3.022
2021-07-12 18:06:21,368:INFO: - Eval metrics : accuracytop1: 0.054 ; accuracytop5: 0.486 ; loss: 2.576 ; ls_all: 2.576 ; ls_CE: 2.576
2021-07-12 18:06:21,556:INFO: Epoch 94/1000
2021-07-12 18:06:21,864:INFO: - Train metrics: accuracytop1: 0.110 ; accuracytop5: 0.525 ; loss: 3.173 ; ls_all: 3.173 ; ls_CE: 3.173
2021-07-12 18:06:22,052:INFO: - Eval metrics : accuracytop1: 0.072 ; accuracytop5: 0.532 ; loss: 2.497 ; ls_all: 2.497 ; ls_CE: 2.497
