2021-07-08 04:15:33,351:WARNING: Setting up a new session...
2021-07-08 04:15:33,370:INFO: Visdom successfully connected to server
2021-07-08 04:15:33,466:WARNING: Setting up a new session...
2021-07-08 04:15:33,481:INFO: Visdom successfully connected to server
2021-07-08 04:15:33,578:WARNING: Setting up a new session...
2021-07-08 04:15:33,595:INFO: Visdom successfully connected to server
2021-07-08 04:15:33,691:WARNING: Setting up a new session...
2021-07-08 04:15:33,707:INFO: Visdom successfully connected to server
2021-07-08 04:15:33,803:WARNING: Setting up a new session...
2021-07-08 04:15:33,818:INFO: Visdom successfully connected to server
2021-07-08 04:15:33,914:INFO: dataset_dir: lidar_mocap_split_convert/
2021-07-08 04:15:33,914:INFO: dataset_name: lidar_mocap
2021-07-08 04:15:33,915:INFO: model_dir: ./
2021-07-08 04:15:33,915:INFO: model_name: HCN
2021-07-08 04:15:33,915:INFO: load_model: None
2021-07-08 04:15:33,915:INFO: load: False
2021-07-08 04:15:33,915:INFO: mode: train
2021-07-08 04:15:33,915:INFO: num: 02
2021-07-08 04:15:33,915:INFO: model_version: HCN
2021-07-08 04:15:33,915:INFO: experiment_path: ./experiments/lidar_mocap/HCN02
2021-07-08 04:15:33,915:INFO: restore_file: None
2021-07-08 04:15:33,916:INFO: gpu_id: 0
2021-07-08 04:15:33,916:INFO: cuda: True
2021-07-08 04:15:33,916:INFO: data_parallel: False
2021-07-08 04:15:33,916:INFO: seed: 0
2021-07-08 04:15:33,916:INFO: lr: 0.001
2021-07-08 04:15:33,916:INFO: lr_decay_type: exp
2021-07-08 04:15:33,916:INFO: lr_step: [100, 160, 200]
2021-07-08 04:15:33,916:INFO: scheduler_gamma: 0.1
2021-07-08 04:15:33,916:INFO: scheduler_gamma2: 0.99
2021-07-08 04:15:33,916:INFO: scheduler_gamma3: 0.5
2021-07-08 04:15:33,917:INFO: patience: 100
2021-07-08 04:15:33,917:INFO: batch_size: 64
2021-07-08 04:15:33,917:INFO: num_epochs: 1000
2021-07-08 04:15:33,917:INFO: start_epoch: 0
2021-07-08 04:15:33,917:INFO: save_best_ever_n_epoch: 50
2021-07-08 04:15:33,917:INFO: save_summary_steps: 1
2021-07-08 04:15:33,917:INFO: num_workers: 4
2021-07-08 04:15:33,917:INFO: optimizer: Adam
2021-07-08 04:15:33,917:INFO: weight_decay: 0.0001
2021-07-08 04:15:33,917:INFO: clip: 0.5
2021-07-08 04:15:33,918:INFO: train_feeder_args: {'data_path': None, 'label_path': None, 'random_valid_choose': False, 'random_shift': False, 'random_move': False, 'window_size': 32, 'normalization': False, 'debug': False, 'origin_transfer': 0, 'crop_resize': True, 'p_interval': [0.5, 1]}
2021-07-08 04:15:33,918:INFO: test_feeder_args: {'data_path': None, 'label_path': None, 'random_valid_choose': False, 'random_shift': False, 'random_move': False, 'window_size': 32, 'normalization': False, 'debug': False, 'origin_transfer': 0, 'crop_resize': True, 'p_interval': [0.95]}
2021-07-08 04:15:33,918:INFO: model_args: {'in_channel': 3, 'out_channel': 64, 'window_size': 32, 'num_joint': 13, 'num_person': 1, 'num_class': 9}
2021-07-08 04:15:33,918:INFO: loss_args: {'type': 'CE'}
2021-07-08 04:15:33,918:INFO: dataset_dir: lidar_mocap_split_convert/
2021-07-08 04:15:33,918:INFO: dataset_name: lidar_mocap
2021-07-08 04:15:33,918:INFO: mode: train
2021-07-08 04:15:42,616:INFO: HCN(
  (conv1): Sequential(
    (0): Conv2d(3, 64, kernel_size=(1, 1), stride=(1, 1))
    (1): ReLU()
  )
  (conv2): Conv2d(64, 32, kernel_size=(3, 1), stride=(1, 1), padding=(1, 0))
  (conv3): Sequential(
    (0): Conv2d(13, 32, kernel_size=(3, 3), stride=(1, 1), padding=(1, 1))
    (1): MaxPool2d(kernel_size=2, stride=2, padding=0, dilation=1, ceil_mode=False)
  )
  (conv4): Sequential(
    (0): Conv2d(32, 64, kernel_size=(3, 3), stride=(1, 1), padding=(1, 1))
    (1): Dropout2d(p=0.5, inplace=False)
    (2): MaxPool2d(kernel_size=2, stride=2, padding=0, dilation=1, ceil_mode=False)
  )
  (conv1m): Sequential(
    (0): Conv2d(3, 64, kernel_size=(1, 1), stride=(1, 1))
    (1): ReLU()
  )
  (conv2m): Conv2d(64, 32, kernel_size=(3, 1), stride=(1, 1), padding=(1, 0))
  (conv3m): Sequential(
    (0): Conv2d(13, 32, kernel_size=(3, 3), stride=(1, 1), padding=(1, 1))
    (1): MaxPool2d(kernel_size=2, stride=2, padding=0, dilation=1, ceil_mode=False)
  )
  (conv4m): Sequential(
    (0): Conv2d(32, 64, kernel_size=(3, 3), stride=(1, 1), padding=(1, 1))
    (1): Dropout2d(p=0.5, inplace=False)
    (2): MaxPool2d(kernel_size=2, stride=2, padding=0, dilation=1, ceil_mode=False)
  )
  (conv5): Sequential(
    (0): Conv2d(128, 128, kernel_size=(3, 3), stride=(1, 1), padding=(1, 1))
    (1): ReLU()
    (2): Dropout2d(p=0.5, inplace=False)
    (3): MaxPool2d(kernel_size=2, stride=2, padding=0, dilation=1, ceil_mode=False)
  )
  (conv6): Sequential(
    (0): Conv2d(128, 256, kernel_size=(3, 3), stride=(1, 1), padding=(1, 1))
    (1): ReLU()
    (2): Dropout2d(p=0.5, inplace=False)
    (3): MaxPool2d(kernel_size=2, stride=2, padding=0, dilation=1, ceil_mode=False)
  )
  (fc7): Sequential(
    (0): Linear(in_features=1024, out_features=512, bias=True)
    (1): ReLU()
    (2): Dropout2d(p=0.5, inplace=False)
  )
  (fc8): Linear(in_features=512, out_features=9, bias=True)
)
2021-07-08 04:15:42,618:INFO: Loading the datasets...
