2021-07-03 22:12:22,641:WARNING: Setting up a new session...
2021-07-03 22:12:22,655:INFO: Socket refused connection, running socketless
2021-07-03 22:12:22,655:ERROR: [Errno 111] Connection refused
2021-07-03 22:12:22,656:ERROR: error from callback <function Visdom.setup_socket.<locals>.on_close at 0x7fdbc500c560>: on_close() takes 1 positional argument but 3 were given
2021-07-03 22:12:22,755:WARNING: Setting up a new session...
2021-07-03 22:12:22,760:INFO: Socket refused connection, running socketless
2021-07-03 22:12:22,760:ERROR: [Errno 111] Connection refused
2021-07-03 22:12:22,761:ERROR: error from callback <function Visdom.setup_socket.<locals>.on_close at 0x7fdbc500cef0>: on_close() takes 1 positional argument but 3 were given
2021-07-03 22:12:22,860:WARNING: Setting up a new session...
2021-07-03 22:12:22,868:INFO: Socket refused connection, running socketless
2021-07-03 22:12:22,868:ERROR: [Errno 111] Connection refused
2021-07-03 22:12:22,869:ERROR: error from callback <function Visdom.setup_socket.<locals>.on_close at 0x7fdbc500c830>: on_close() takes 1 positional argument but 3 were given
2021-07-03 22:12:22,968:WARNING: Setting up a new session...
2021-07-03 22:12:22,977:INFO: Socket refused connection, running socketless
2021-07-03 22:12:22,977:ERROR: [Errno 111] Connection refused
2021-07-03 22:12:22,977:ERROR: error from callback <function Visdom.setup_socket.<locals>.on_close at 0x7fdbc47a3a70>: on_close() takes 1 positional argument but 3 were given
2021-07-03 22:12:23,077:WARNING: Setting up a new session...
2021-07-03 22:12:23,085:INFO: Socket refused connection, running socketless
2021-07-03 22:12:23,086:ERROR: [Errno 111] Connection refused
2021-07-03 22:12:23,086:ERROR: error from callback <function Visdom.setup_socket.<locals>.on_close at 0x7fdbc47b3440>: on_close() takes 1 positional argument but 3 were given
2021-07-03 22:12:23,185:INFO: dataset_dir: lidar_mocap_split_convert/
2021-07-03 22:12:23,186:INFO: dataset_name: lidar_mocap
2021-07-03 22:12:23,186:INFO: model_dir: ./
2021-07-03 22:12:23,186:INFO: model_name: HCN
2021-07-03 22:12:23,186:INFO: load_model: None
2021-07-03 22:12:23,186:INFO: load: False
2021-07-03 22:12:23,186:INFO: mode: train
2021-07-03 22:12:23,186:INFO: num: 01
2021-07-03 22:12:23,186:INFO: model_version: HCN
2021-07-03 22:12:23,187:INFO: experiment_path: ./experiments/lidar_mocap/HCN01
2021-07-03 22:12:23,187:INFO: restore_file: None
2021-07-03 22:12:23,187:INFO: gpu_id: 0
2021-07-03 22:12:23,187:INFO: cuda: True
2021-07-03 22:12:23,187:INFO: data_parallel: False
2021-07-03 22:12:23,187:INFO: seed: 0
2021-07-03 22:12:23,187:INFO: lr: 0.001
2021-07-03 22:12:23,187:INFO: lr_decay_type: exp
2021-07-03 22:12:23,187:INFO: lr_step: [100, 160, 200]
2021-07-03 22:12:23,187:INFO: scheduler_gamma: 0.1
2021-07-03 22:12:23,188:INFO: scheduler_gamma2: 0.99
2021-07-03 22:12:23,188:INFO: scheduler_gamma3: 0.5
2021-07-03 22:12:23,188:INFO: patience: 50
2021-07-03 22:12:23,188:INFO: batch_size: 64
2021-07-03 22:12:23,188:INFO: num_epochs: 800
2021-07-03 22:12:23,188:INFO: start_epoch: 0
2021-07-03 22:12:23,188:INFO: save_best_ever_n_epoch: 50
2021-07-03 22:12:23,188:INFO: save_summary_steps: 1
2021-07-03 22:12:23,188:INFO: num_workers: 4
2021-07-03 22:12:23,189:INFO: optimizer: Adam
2021-07-03 22:12:23,189:INFO: weight_decay: 0.0001
2021-07-03 22:12:23,189:INFO: clip: 0.5
2021-07-03 22:12:23,189:INFO: train_feeder_args: {'data_path': None, 'label_path': None, 'random_valid_choose': False, 'random_shift': False, 'random_move': False, 'window_size': 32, 'normalization': False, 'debug': False, 'origin_transfer': 0, 'crop_resize': True, 'p_interval': [0.5, 1]}
2021-07-03 22:12:23,189:INFO: test_feeder_args: {'data_path': None, 'label_path': None, 'random_valid_choose': False, 'random_shift': False, 'random_move': False, 'window_size': 32, 'normalization': False, 'debug': False, 'origin_transfer': 0, 'crop_resize': True, 'p_interval': [0.95]}
2021-07-03 22:12:23,189:INFO: model_args: {'in_channel': 3, 'out_channel': 64, 'window_size': 32, 'num_joint': 13, 'num_person': 1, 'num_class': 10}
2021-07-03 22:12:23,189:INFO: loss_args: {'type': 'CE'}
2021-07-03 22:12:23,189:INFO: dataset_dir: lidar_mocap_split_convert/
2021-07-03 22:12:23,189:INFO: dataset_name: lidar_mocap
2021-07-03 22:12:23,190:INFO: mode: train
