2021-07-12 20:52:32,639:WARNING: Setting up a new session...
2021-07-12 20:52:32,666:INFO: Visdom successfully connected to server
2021-07-12 20:52:32,762:WARNING: Setting up a new session...
2021-07-12 20:52:32,777:INFO: Visdom successfully connected to server
2021-07-12 20:52:32,873:WARNING: Setting up a new session...
2021-07-12 20:52:32,890:INFO: Visdom successfully connected to server
2021-07-12 20:52:32,986:WARNING: Setting up a new session...
2021-07-12 20:52:33,000:INFO: Visdom successfully connected to server
2021-07-12 20:52:33,097:WARNING: Setting up a new session...
2021-07-12 20:52:33,111:INFO: Visdom successfully connected to server
2021-07-12 20:52:33,207:INFO: dataset_dir: lidar_mocap_convert/
2021-07-12 20:52:33,207:INFO: dataset_name: lidar_mocap
2021-07-12 20:52:33,208:INFO: model_dir: ./
2021-07-12 20:52:33,208:INFO: model_name: HCN
2021-07-12 20:52:33,208:INFO: load_model: None
2021-07-12 20:52:33,208:INFO: load: False
2021-07-12 20:52:33,208:INFO: mode: train
2021-07-12 20:52:33,208:INFO: num: 03
2021-07-12 20:52:33,208:INFO: model_version: HCN
2021-07-12 20:52:33,208:INFO: experiment_path: ./experiments/lidar_mocap/HCN03
2021-07-12 20:52:33,208:INFO: restore_file: None
2021-07-12 20:52:33,208:INFO: gpu_id: 0
2021-07-12 20:52:33,209:INFO: cuda: True
2021-07-12 20:52:33,209:INFO: data_parallel: False
2021-07-12 20:52:33,209:INFO: seed: 0
2021-07-12 20:52:33,209:INFO: lr: 0.001
2021-07-12 20:52:33,209:INFO: lr_decay_type: exp
2021-07-12 20:52:33,209:INFO: lr_step: [100, 160, 200]
2021-07-12 20:52:33,209:INFO: scheduler_gamma: 0.1
2021-07-12 20:52:33,209:INFO: scheduler_gamma2: 0.99
2021-07-12 20:52:33,209:INFO: scheduler_gamma3: 0.5
2021-07-12 20:52:33,209:INFO: patience: 50
2021-07-12 20:52:33,210:INFO: batch_size: 64
2021-07-12 20:52:33,210:INFO: num_epochs: 150
2021-07-12 20:52:33,210:INFO: start_epoch: 0
2021-07-12 20:52:33,210:INFO: save_best_ever_n_epoch: 50
2021-07-12 20:52:33,210:INFO: save_summary_steps: 1
2021-07-12 20:52:33,210:INFO: num_workers: 4
2021-07-12 20:52:33,210:INFO: optimizer: Adam
2021-07-12 20:52:33,210:INFO: weight_decay: 0.0001
2021-07-12 20:52:33,210:INFO: clip: 0.5
2021-07-12 20:52:33,210:INFO: train_feeder_args: {'data_path': None, 'label_path': None, 'random_valid_choose': False, 'random_shift': False, 'random_move': False, 'window_size': 32, 'normalization': False, 'debug': False, 'origin_transfer': 0, 'crop_resize': True, 'p_interval': [0.5, 1]}
2021-07-12 20:52:33,211:INFO: test_feeder_args: {'data_path': None, 'label_path': None, 'random_valid_choose': False, 'random_shift': False, 'random_move': False, 'window_size': 32, 'normalization': False, 'debug': False, 'origin_transfer': 0, 'crop_resize': True, 'p_interval': [0.95]}
2021-07-12 20:52:33,211:INFO: model_args: {'in_channel': 3, 'out_channel': 64, 'window_size': 32, 'num_joint': 13, 'num_person': 1, 'num_class': 10}
2021-07-12 20:52:33,211:INFO: loss_args: {'type': 'CE'}
2021-07-12 20:52:33,211:INFO: dataset_dir: lidar_mocap_convert/
2021-07-12 20:52:33,211:INFO: dataset_name: lidar_mocap
2021-07-12 20:52:33,211:INFO: mode: train
2021-07-12 20:52:42,034:INFO: HCN(
  (conv1): Sequential(
    (0): Conv2d(3, 64, kernel_size=(1, 1), stride=(1, 1))
    (1): ReLU()
  )
  (conv2): Conv2d(64, 32, kernel_size=(3, 1), stride=(1, 1), padding=(1, 0))
  (conv3): Sequential(
    (0): Conv2d(13, 32, kernel_size=(3, 3), stride=(1, 1), padding=(1, 1))
    (1): MaxPool2d(kernel_size=2, stride=2, padding=0, dilation=1, ceil_mode=False)
  )
  (conv4): Sequential(
    (0): Conv2d(32, 64, kernel_size=(3, 3), stride=(1, 1), padding=(1, 1))
    (1): Dropout2d(p=0.5, inplace=False)
    (2): MaxPool2d(kernel_size=2, stride=2, padding=0, dilation=1, ceil_mode=False)
  )
  (conv1m): Sequential(
    (0): Conv2d(3, 64, kernel_size=(1, 1), stride=(1, 1))
    (1): ReLU()
  )
  (conv2m): Conv2d(64, 32, kernel_size=(3, 1), stride=(1, 1), padding=(1, 0))
  (conv3m): Sequential(
    (0): Conv2d(13, 32, kernel_size=(3, 3), stride=(1, 1), padding=(1, 1))
    (1): MaxPool2d(kernel_size=2, stride=2, padding=0, dilation=1, ceil_mode=False)
  )
  (conv4m): Sequential(
    (0): Conv2d(32, 64, kernel_size=(3, 3), stride=(1, 1), padding=(1, 1))
    (1): Dropout2d(p=0.5, inplace=False)
    (2): MaxPool2d(kernel_size=2, stride=2, padding=0, dilation=1, ceil_mode=False)
  )
  (conv5): Sequential(
    (0): Conv2d(128, 128, kernel_size=(3, 3), stride=(1, 1), padding=(1, 1))
    (1): ReLU()
    (2): Dropout2d(p=0.5, inplace=False)
    (3): MaxPool2d(kernel_size=2, stride=2, padding=0, dilation=1, ceil_mode=False)
  )
  (conv6): Sequential(
    (0): Conv2d(128, 256, kernel_size=(3, 3), stride=(1, 1), padding=(1, 1))
    (1): ReLU()
    (2): Dropout2d(p=0.5, inplace=False)
    (3): MaxPool2d(kernel_size=2, stride=2, padding=0, dilation=1, ceil_mode=False)
  )
  (fc7): Sequential(
    (0): Linear(in_features=1024, out_features=512, bias=True)
    (1): ReLU()
    (2): Dropout2d(p=0.5, inplace=False)
  )
  (fc8): Linear(in_features=512, out_features=10, bias=True)
)
2021-07-12 20:52:42,036:INFO: Loading the datasets...
2021-07-12 20:52:42,056:INFO: - done.
2021-07-12 20:52:42,056:INFO: Starting training for 150 epoch(s)
2021-07-12 20:52:42,056:INFO: lr decay:exp
2021-07-12 20:52:42,058:INFO: Epoch 1/150
2021-07-12 20:52:44,433:INFO: - Train metrics: accuracytop1: 0.133 ; accuracytop5: 0.544 ; loss: 2.996 ; ls_all: 2.996 ; ls_CE: 2.996
2021-07-12 20:52:44,905:INFO: - Eval metrics : accuracytop1: 0.094 ; accuracytop5: 0.531 ; loss: 2.362 ; ls_all: 2.362 ; ls_CE: 2.362
2021-07-12 20:52:45,341:INFO: - Found new best accuracy
2021-07-12 20:52:45,349:INFO: Epoch 2/150
2021-07-12 20:52:46,166:INFO: - Train metrics: accuracytop1: 0.108 ; accuracytop5: 0.521 ; loss: 2.600 ; ls_all: 2.600 ; ls_CE: 2.600
2021-07-12 20:52:46,607:INFO: - Eval metrics : accuracytop1: 0.125 ; accuracytop5: 0.570 ; loss: 2.429 ; ls_all: 2.429 ; ls_CE: 2.429
2021-07-12 20:52:46,966:INFO: - Found new best accuracy
2021-07-12 20:52:46,987:INFO: Epoch 3/150
2021-07-12 20:52:47,793:INFO: - Train metrics: accuracytop1: 0.136 ; accuracytop5: 0.547 ; loss: 2.600 ; ls_all: 2.600 ; ls_CE: 2.600
2021-07-12 20:52:48,234:INFO: - Eval metrics : accuracytop1: 0.148 ; accuracytop5: 0.578 ; loss: 2.347 ; ls_all: 2.347 ; ls_CE: 2.347
2021-07-12 20:52:48,612:INFO: - Found new best accuracy
2021-07-12 20:52:48,619:INFO: Epoch 4/150
2021-07-12 20:52:49,427:INFO: - Train metrics: accuracytop1: 0.120 ; accuracytop5: 0.560 ; loss: 2.557 ; ls_all: 2.557 ; ls_CE: 2.557
2021-07-12 20:52:49,870:INFO: - Eval metrics : accuracytop1: 0.148 ; accuracytop5: 0.581 ; loss: 2.354 ; ls_all: 2.354 ; ls_CE: 2.354
2021-07-12 20:52:50,248:INFO: - Found new best accuracy
2021-07-12 20:52:50,255:INFO: Epoch 5/150
2021-07-12 20:52:51,074:INFO: - Train metrics: accuracytop1: 0.136 ; accuracytop5: 0.554 ; loss: 2.555 ; ls_all: 2.555 ; ls_CE: 2.555
2021-07-12 20:52:51,517:INFO: - Eval metrics : accuracytop1: 0.148 ; accuracytop5: 0.589 ; loss: 2.345 ; ls_all: 2.345 ; ls_CE: 2.345
2021-07-12 20:52:51,889:INFO: - Found new best accuracy
2021-07-12 20:52:51,900:INFO: Epoch 6/150
2021-07-12 20:52:52,720:INFO: - Train metrics: accuracytop1: 0.159 ; accuracytop5: 0.530 ; loss: 2.514 ; ls_all: 2.514 ; ls_CE: 2.514
2021-07-12 20:52:53,168:INFO: - Eval metrics : accuracytop1: 0.141 ; accuracytop5: 0.565 ; loss: 2.346 ; ls_all: 2.346 ; ls_CE: 2.346
2021-07-12 20:52:53,403:INFO: Epoch 7/150
2021-07-12 20:52:54,220:INFO: - Train metrics: accuracytop1: 0.134 ; accuracytop5: 0.570 ; loss: 2.518 ; ls_all: 2.518 ; ls_CE: 2.518
2021-07-12 20:52:54,659:INFO: - Eval metrics : accuracytop1: 0.143 ; accuracytop5: 0.487 ; loss: 2.347 ; ls_all: 2.347 ; ls_CE: 2.347
2021-07-12 20:52:54,886:INFO: Epoch 8/150
2021-07-12 20:52:55,700:INFO: - Train metrics: accuracytop1: 0.134 ; accuracytop5: 0.571 ; loss: 2.445 ; ls_all: 2.445 ; ls_CE: 2.445
2021-07-12 20:52:56,156:INFO: - Eval metrics : accuracytop1: 0.138 ; accuracytop5: 0.523 ; loss: 2.352 ; ls_all: 2.352 ; ls_CE: 2.352
2021-07-12 20:52:56,399:INFO: Epoch 9/150
2021-07-12 20:52:57,219:INFO: - Train metrics: accuracytop1: 0.141 ; accuracytop5: 0.558 ; loss: 2.434 ; ls_all: 2.434 ; ls_CE: 2.434
2021-07-12 20:52:57,659:INFO: - Eval metrics : accuracytop1: 0.141 ; accuracytop5: 0.549 ; loss: 2.334 ; ls_all: 2.334 ; ls_CE: 2.334
2021-07-12 20:52:57,892:INFO: Epoch 10/150
2021-07-12 20:52:58,710:INFO: - Train metrics: accuracytop1: 0.142 ; accuracytop5: 0.569 ; loss: 2.411 ; ls_all: 2.411 ; ls_CE: 2.411
2021-07-12 20:52:59,150:INFO: - Eval metrics : accuracytop1: 0.164 ; accuracytop5: 0.536 ; loss: 2.319 ; ls_all: 2.319 ; ls_CE: 2.319
2021-07-12 20:52:59,523:INFO: - Found new best accuracy
2021-07-12 20:52:59,531:INFO: Epoch 11/150
2021-07-12 20:53:00,338:INFO: - Train metrics: accuracytop1: 0.142 ; accuracytop5: 0.574 ; loss: 2.399 ; ls_all: 2.399 ; ls_CE: 2.399
2021-07-12 20:53:00,779:INFO: - Eval metrics : accuracytop1: 0.143 ; accuracytop5: 0.578 ; loss: 2.330 ; ls_all: 2.330 ; ls_CE: 2.330
2021-07-12 20:53:01,007:INFO: Epoch 12/150
2021-07-12 20:53:01,815:INFO: - Train metrics: accuracytop1: 0.124 ; accuracytop5: 0.576 ; loss: 2.350 ; ls_all: 2.350 ; ls_CE: 2.350
2021-07-12 20:53:02,253:INFO: - Eval metrics : accuracytop1: 0.146 ; accuracytop5: 0.583 ; loss: 2.323 ; ls_all: 2.323 ; ls_CE: 2.323
2021-07-12 20:53:02,486:INFO: Epoch 13/150
2021-07-12 20:53:03,282:INFO: - Train metrics: accuracytop1: 0.127 ; accuracytop5: 0.571 ; loss: 2.371 ; ls_all: 2.371 ; ls_CE: 2.371
2021-07-12 20:53:03,718:INFO: - Eval metrics : accuracytop1: 0.156 ; accuracytop5: 0.555 ; loss: 2.312 ; ls_all: 2.312 ; ls_CE: 2.312
2021-07-12 20:53:03,981:INFO: Epoch 14/150
2021-07-12 20:53:04,786:INFO: - Train metrics: accuracytop1: 0.153 ; accuracytop5: 0.577 ; loss: 2.327 ; ls_all: 2.327 ; ls_CE: 2.327
2021-07-12 20:53:05,225:INFO: - Eval metrics : accuracytop1: 0.143 ; accuracytop5: 0.557 ; loss: 2.311 ; ls_all: 2.311 ; ls_CE: 2.311
2021-07-12 20:53:05,446:INFO: Epoch 15/150
2021-07-12 20:53:06,255:INFO: - Train metrics: accuracytop1: 0.122 ; accuracytop5: 0.564 ; loss: 2.324 ; ls_all: 2.324 ; ls_CE: 2.324
2021-07-12 20:53:06,690:INFO: - Eval metrics : accuracytop1: 0.156 ; accuracytop5: 0.513 ; loss: 2.308 ; ls_all: 2.308 ; ls_CE: 2.308
2021-07-12 20:53:06,911:INFO: Epoch 16/150
2021-07-12 20:53:07,720:INFO: - Train metrics: accuracytop1: 0.147 ; accuracytop5: 0.585 ; loss: 2.318 ; ls_all: 2.318 ; ls_CE: 2.318
2021-07-12 20:53:08,156:INFO: - Eval metrics : accuracytop1: 0.141 ; accuracytop5: 0.555 ; loss: 2.299 ; ls_all: 2.299 ; ls_CE: 2.299
2021-07-12 20:53:08,396:INFO: Epoch 17/150
2021-07-12 20:53:09,213:INFO: - Train metrics: accuracytop1: 0.149 ; accuracytop5: 0.563 ; loss: 2.322 ; ls_all: 2.322 ; ls_CE: 2.322
2021-07-12 20:53:09,652:INFO: - Eval metrics : accuracytop1: 0.141 ; accuracytop5: 0.534 ; loss: 2.301 ; ls_all: 2.301 ; ls_CE: 2.301
2021-07-12 20:53:09,880:INFO: Epoch 18/150
2021-07-12 20:53:10,700:INFO: - Train metrics: accuracytop1: 0.145 ; accuracytop5: 0.583 ; loss: 2.301 ; ls_all: 2.301 ; ls_CE: 2.301
2021-07-12 20:53:11,145:INFO: - Eval metrics : accuracytop1: 0.148 ; accuracytop5: 0.557 ; loss: 2.296 ; ls_all: 2.296 ; ls_CE: 2.296
2021-07-12 20:53:11,411:INFO: Epoch 19/150
2021-07-12 20:53:12,232:INFO: - Train metrics: accuracytop1: 0.144 ; accuracytop5: 0.552 ; loss: 2.311 ; ls_all: 2.311 ; ls_CE: 2.311
2021-07-12 20:53:12,681:INFO: - Eval metrics : accuracytop1: 0.146 ; accuracytop5: 0.539 ; loss: 2.298 ; ls_all: 2.298 ; ls_CE: 2.298
2021-07-12 20:53:12,925:INFO: Epoch 20/150
2021-07-12 20:53:13,747:INFO: - Train metrics: accuracytop1: 0.147 ; accuracytop5: 0.591 ; loss: 2.287 ; ls_all: 2.287 ; ls_CE: 2.287
2021-07-12 20:53:14,191:INFO: - Eval metrics : accuracytop1: 0.141 ; accuracytop5: 0.536 ; loss: 2.297 ; ls_all: 2.297 ; ls_CE: 2.297
2021-07-12 20:53:14,414:INFO: Epoch 21/150
2021-07-12 20:53:15,219:INFO: - Train metrics: accuracytop1: 0.148 ; accuracytop5: 0.585 ; loss: 2.299 ; ls_all: 2.299 ; ls_CE: 2.299
2021-07-12 20:53:15,654:INFO: - Eval metrics : accuracytop1: 0.143 ; accuracytop5: 0.549 ; loss: 2.293 ; ls_all: 2.293 ; ls_CE: 2.293
2021-07-12 20:53:15,879:INFO: Epoch 22/150
2021-07-12 20:53:16,689:INFO: - Train metrics: accuracytop1: 0.158 ; accuracytop5: 0.578 ; loss: 2.291 ; ls_all: 2.291 ; ls_CE: 2.291
2021-07-12 20:53:17,127:INFO: - Eval metrics : accuracytop1: 0.148 ; accuracytop5: 0.552 ; loss: 2.289 ; ls_all: 2.289 ; ls_CE: 2.289
2021-07-12 20:53:17,356:INFO: Epoch 23/150
2021-07-12 20:53:18,163:INFO: - Train metrics: accuracytop1: 0.168 ; accuracytop5: 0.552 ; loss: 2.281 ; ls_all: 2.281 ; ls_CE: 2.281
2021-07-12 20:53:18,600:INFO: - Eval metrics : accuracytop1: 0.143 ; accuracytop5: 0.539 ; loss: 2.292 ; ls_all: 2.292 ; ls_CE: 2.292
2021-07-12 20:53:18,842:INFO: Epoch 24/150
2021-07-12 20:53:19,663:INFO: - Train metrics: accuracytop1: 0.155 ; accuracytop5: 0.554 ; loss: 2.294 ; ls_all: 2.294 ; ls_CE: 2.294
2021-07-12 20:53:20,102:INFO: - Eval metrics : accuracytop1: 0.143 ; accuracytop5: 0.547 ; loss: 2.292 ; ls_all: 2.292 ; ls_CE: 2.292
2021-07-12 20:53:20,343:INFO: Epoch 25/150
2021-07-12 20:53:21,161:INFO: - Train metrics: accuracytop1: 0.166 ; accuracytop5: 0.568 ; loss: 2.281 ; ls_all: 2.281 ; ls_CE: 2.281
2021-07-12 20:53:21,606:INFO: - Eval metrics : accuracytop1: 0.143 ; accuracytop5: 0.549 ; loss: 2.291 ; ls_all: 2.291 ; ls_CE: 2.291
2021-07-12 20:53:21,877:INFO: Epoch 26/150
2021-07-12 20:53:22,692:INFO: - Train metrics: accuracytop1: 0.165 ; accuracytop5: 0.572 ; loss: 2.277 ; ls_all: 2.277 ; ls_CE: 2.277
2021-07-12 20:53:23,128:INFO: - Eval metrics : accuracytop1: 0.146 ; accuracytop5: 0.557 ; loss: 2.286 ; ls_all: 2.286 ; ls_CE: 2.286
2021-07-12 20:53:23,360:INFO: Epoch 27/150
2021-07-12 20:53:24,170:INFO: - Train metrics: accuracytop1: 0.161 ; accuracytop5: 0.577 ; loss: 2.281 ; ls_all: 2.281 ; ls_CE: 2.281
2021-07-12 20:53:24,605:INFO: - Eval metrics : accuracytop1: 0.146 ; accuracytop5: 0.552 ; loss: 2.285 ; ls_all: 2.285 ; ls_CE: 2.285
2021-07-12 20:53:24,840:INFO: Epoch 28/150
2021-07-12 20:53:25,658:INFO: - Train metrics: accuracytop1: 0.167 ; accuracytop5: 0.581 ; loss: 2.283 ; ls_all: 2.283 ; ls_CE: 2.283
2021-07-12 20:53:26,100:INFO: - Eval metrics : accuracytop1: 0.146 ; accuracytop5: 0.544 ; loss: 2.286 ; ls_all: 2.286 ; ls_CE: 2.286
2021-07-12 20:53:26,340:INFO: Epoch 29/150
2021-07-12 20:53:27,156:INFO: - Train metrics: accuracytop1: 0.159 ; accuracytop5: 0.568 ; loss: 2.275 ; ls_all: 2.275 ; ls_CE: 2.275
2021-07-12 20:53:27,596:INFO: - Eval metrics : accuracytop1: 0.146 ; accuracytop5: 0.562 ; loss: 2.287 ; ls_all: 2.287 ; ls_CE: 2.287
2021-07-12 20:53:27,826:INFO: Epoch 30/150
2021-07-12 20:53:28,633:INFO: - Train metrics: accuracytop1: 0.168 ; accuracytop5: 0.581 ; loss: 2.264 ; ls_all: 2.264 ; ls_CE: 2.264
2021-07-12 20:53:29,071:INFO: - Eval metrics : accuracytop1: 0.143 ; accuracytop5: 0.557 ; loss: 2.289 ; ls_all: 2.289 ; ls_CE: 2.289
2021-07-12 20:53:29,314:INFO: Epoch 31/150
2021-07-12 20:53:30,130:INFO: - Train metrics: accuracytop1: 0.169 ; accuracytop5: 0.579 ; loss: 2.264 ; ls_all: 2.264 ; ls_CE: 2.264
2021-07-12 20:53:30,569:INFO: - Eval metrics : accuracytop1: 0.143 ; accuracytop5: 0.549 ; loss: 2.292 ; ls_all: 2.292 ; ls_CE: 2.292
2021-07-12 20:53:30,790:INFO: Epoch 32/150
2021-07-12 20:53:31,601:INFO: - Train metrics: accuracytop1: 0.160 ; accuracytop5: 0.589 ; loss: 2.282 ; ls_all: 2.282 ; ls_CE: 2.282
2021-07-12 20:53:32,044:INFO: - Eval metrics : accuracytop1: 0.143 ; accuracytop5: 0.573 ; loss: 2.291 ; ls_all: 2.291 ; ls_CE: 2.291
2021-07-12 20:53:32,302:INFO: Epoch 33/150
2021-07-12 20:53:33,119:INFO: - Train metrics: accuracytop1: 0.164 ; accuracytop5: 0.568 ; loss: 2.280 ; ls_all: 2.280 ; ls_CE: 2.280
2021-07-12 20:53:33,561:INFO: - Eval metrics : accuracytop1: 0.143 ; accuracytop5: 0.555 ; loss: 2.291 ; ls_all: 2.291 ; ls_CE: 2.291
2021-07-12 20:53:33,799:INFO: Epoch 34/150
2021-07-12 20:53:34,615:INFO: - Train metrics: accuracytop1: 0.161 ; accuracytop5: 0.593 ; loss: 2.272 ; ls_all: 2.272 ; ls_CE: 2.272
2021-07-12 20:53:35,053:INFO: - Eval metrics : accuracytop1: 0.143 ; accuracytop5: 0.594 ; loss: 2.288 ; ls_all: 2.288 ; ls_CE: 2.288
2021-07-12 20:53:35,294:INFO: Epoch 35/150
2021-07-12 20:53:36,110:INFO: - Train metrics: accuracytop1: 0.161 ; accuracytop5: 0.583 ; loss: 2.266 ; ls_all: 2.266 ; ls_CE: 2.266
2021-07-12 20:53:36,547:INFO: - Eval metrics : accuracytop1: 0.143 ; accuracytop5: 0.602 ; loss: 2.292 ; ls_all: 2.292 ; ls_CE: 2.292
2021-07-12 20:53:36,777:INFO: Epoch 36/150
2021-07-12 20:53:37,583:INFO: - Train metrics: accuracytop1: 0.165 ; accuracytop5: 0.566 ; loss: 2.273 ; ls_all: 2.273 ; ls_CE: 2.273
2021-07-12 20:53:38,018:INFO: - Eval metrics : accuracytop1: 0.143 ; accuracytop5: 0.568 ; loss: 2.292 ; ls_all: 2.292 ; ls_CE: 2.292
2021-07-12 20:53:38,256:INFO: Epoch 37/150
2021-07-12 20:53:39,070:INFO: - Train metrics: accuracytop1: 0.164 ; accuracytop5: 0.589 ; loss: 2.264 ; ls_all: 2.264 ; ls_CE: 2.264
2021-07-12 20:53:39,508:INFO: - Eval metrics : accuracytop1: 0.143 ; accuracytop5: 0.560 ; loss: 2.292 ; ls_all: 2.292 ; ls_CE: 2.292
2021-07-12 20:53:39,745:INFO: Epoch 38/150
2021-07-12 20:53:40,566:INFO: - Train metrics: accuracytop1: 0.166 ; accuracytop5: 0.594 ; loss: 2.269 ; ls_all: 2.269 ; ls_CE: 2.269
2021-07-12 20:53:41,004:INFO: - Eval metrics : accuracytop1: 0.143 ; accuracytop5: 0.555 ; loss: 2.288 ; ls_all: 2.288 ; ls_CE: 2.288
2021-07-12 20:53:41,228:INFO: Epoch 39/150
2021-07-12 20:53:42,040:INFO: - Train metrics: accuracytop1: 0.166 ; accuracytop5: 0.596 ; loss: 2.264 ; ls_all: 2.264 ; ls_CE: 2.264
2021-07-12 20:53:42,466:INFO: - Eval metrics : accuracytop1: 0.143 ; accuracytop5: 0.555 ; loss: 2.287 ; ls_all: 2.287 ; ls_CE: 2.287
2021-07-12 20:53:42,717:INFO: Epoch 40/150
2021-07-12 20:53:43,533:INFO: - Train metrics: accuracytop1: 0.166 ; accuracytop5: 0.585 ; loss: 2.271 ; ls_all: 2.271 ; ls_CE: 2.271
2021-07-12 20:53:43,962:INFO: - Eval metrics : accuracytop1: 0.143 ; accuracytop5: 0.547 ; loss: 2.290 ; ls_all: 2.290 ; ls_CE: 2.290
2021-07-12 20:53:44,213:INFO: Epoch 41/150
2021-07-12 20:53:45,035:INFO: - Train metrics: accuracytop1: 0.166 ; accuracytop5: 0.584 ; loss: 2.270 ; ls_all: 2.270 ; ls_CE: 2.270
2021-07-12 20:53:45,464:INFO: - Eval metrics : accuracytop1: 0.143 ; accuracytop5: 0.552 ; loss: 2.290 ; ls_all: 2.290 ; ls_CE: 2.290
2021-07-12 20:53:45,702:INFO: Epoch 42/150
2021-07-12 20:53:46,518:INFO: - Train metrics: accuracytop1: 0.164 ; accuracytop5: 0.590 ; loss: 2.268 ; ls_all: 2.268 ; ls_CE: 2.268
2021-07-12 20:53:46,947:INFO: - Eval metrics : accuracytop1: 0.143 ; accuracytop5: 0.583 ; loss: 2.292 ; ls_all: 2.292 ; ls_CE: 2.292
2021-07-12 20:53:47,196:INFO: Epoch 43/150
2021-07-12 20:53:48,014:INFO: - Train metrics: accuracytop1: 0.163 ; accuracytop5: 0.577 ; loss: 2.262 ; ls_all: 2.262 ; ls_CE: 2.262
2021-07-12 20:53:48,444:INFO: - Eval metrics : accuracytop1: 0.143 ; accuracytop5: 0.552 ; loss: 2.291 ; ls_all: 2.291 ; ls_CE: 2.291
2021-07-12 20:53:48,678:INFO: Epoch 44/150
2021-07-12 20:53:49,486:INFO: - Train metrics: accuracytop1: 0.157 ; accuracytop5: 0.592 ; loss: 2.264 ; ls_all: 2.264 ; ls_CE: 2.264
2021-07-12 20:53:49,912:INFO: - Eval metrics : accuracytop1: 0.143 ; accuracytop5: 0.549 ; loss: 2.295 ; ls_all: 2.295 ; ls_CE: 2.295
2021-07-12 20:53:50,158:INFO: Epoch 45/150
2021-07-12 20:53:50,979:INFO: - Train metrics: accuracytop1: 0.160 ; accuracytop5: 0.575 ; loss: 2.268 ; ls_all: 2.268 ; ls_CE: 2.268
2021-07-12 20:53:51,413:INFO: - Eval metrics : accuracytop1: 0.143 ; accuracytop5: 0.565 ; loss: 2.291 ; ls_all: 2.291 ; ls_CE: 2.291
2021-07-12 20:53:51,650:INFO: Epoch 46/150
2021-07-12 20:53:52,459:INFO: - Train metrics: accuracytop1: 0.162 ; accuracytop5: 0.578 ; loss: 2.266 ; ls_all: 2.266 ; ls_CE: 2.266
2021-07-12 20:53:52,897:INFO: - Eval metrics : accuracytop1: 0.146 ; accuracytop5: 0.562 ; loss: 2.292 ; ls_all: 2.292 ; ls_CE: 2.292
2021-07-12 20:53:53,157:INFO: Epoch 47/150
2021-07-12 20:53:53,965:INFO: - Train metrics: accuracytop1: 0.158 ; accuracytop5: 0.560 ; loss: 2.266 ; ls_all: 2.266 ; ls_CE: 2.266
2021-07-12 20:53:54,406:INFO: - Eval metrics : accuracytop1: 0.146 ; accuracytop5: 0.591 ; loss: 2.290 ; ls_all: 2.290 ; ls_CE: 2.290
2021-07-12 20:53:54,645:INFO: Epoch 48/150
2021-07-12 20:53:55,453:INFO: - Train metrics: accuracytop1: 0.169 ; accuracytop5: 0.576 ; loss: 2.249 ; ls_all: 2.249 ; ls_CE: 2.249
2021-07-12 20:53:55,891:INFO: - Eval metrics : accuracytop1: 0.146 ; accuracytop5: 0.565 ; loss: 2.296 ; ls_all: 2.296 ; ls_CE: 2.296
2021-07-12 20:53:56,148:INFO: Epoch 49/150
2021-07-12 20:53:56,955:INFO: - Train metrics: accuracytop1: 0.162 ; accuracytop5: 0.588 ; loss: 2.258 ; ls_all: 2.258 ; ls_CE: 2.258
2021-07-12 20:53:57,395:INFO: - Eval metrics : accuracytop1: 0.146 ; accuracytop5: 0.591 ; loss: 2.292 ; ls_all: 2.292 ; ls_CE: 2.292
2021-07-12 20:53:57,631:INFO: Epoch 50/150
2021-07-12 20:53:58,437:INFO: - Train metrics: accuracytop1: 0.167 ; accuracytop5: 0.574 ; loss: 2.256 ; ls_all: 2.256 ; ls_CE: 2.256
2021-07-12 20:53:58,876:INFO: - Eval metrics : accuracytop1: 0.143 ; accuracytop5: 0.565 ; loss: 2.290 ; ls_all: 2.290 ; ls_CE: 2.290
2021-07-12 20:53:59,294:INFO: Epoch 51/150
2021-07-12 20:54:00,108:INFO: - Train metrics: accuracytop1: 0.173 ; accuracytop5: 0.601 ; loss: 2.259 ; ls_all: 2.259 ; ls_CE: 2.259
2021-07-12 20:54:00,549:INFO: - Eval metrics : accuracytop1: 0.143 ; accuracytop5: 0.565 ; loss: 2.289 ; ls_all: 2.289 ; ls_CE: 2.289
2021-07-12 20:54:00,792:INFO: Epoch 52/150
2021-07-12 20:54:01,613:INFO: - Train metrics: accuracytop1: 0.172 ; accuracytop5: 0.582 ; loss: 2.258 ; ls_all: 2.258 ; ls_CE: 2.258
2021-07-12 20:54:02,052:INFO: - Eval metrics : accuracytop1: 0.143 ; accuracytop5: 0.565 ; loss: 2.295 ; ls_all: 2.295 ; ls_CE: 2.295
2021-07-12 20:54:02,306:INFO: Epoch 53/150
2021-07-12 20:54:03,123:INFO: - Train metrics: accuracytop1: 0.175 ; accuracytop5: 0.585 ; loss: 2.250 ; ls_all: 2.250 ; ls_CE: 2.250
2021-07-12 20:54:03,567:INFO: - Eval metrics : accuracytop1: 0.151 ; accuracytop5: 0.565 ; loss: 2.292 ; ls_all: 2.292 ; ls_CE: 2.292
2021-07-12 20:54:03,799:INFO: Epoch 54/150
2021-07-12 20:54:04,624:INFO: - Train metrics: accuracytop1: 0.164 ; accuracytop5: 0.576 ; loss: 2.266 ; ls_all: 2.266 ; ls_CE: 2.266
2021-07-12 20:54:05,065:INFO: - Eval metrics : accuracytop1: 0.143 ; accuracytop5: 0.562 ; loss: 2.287 ; ls_all: 2.287 ; ls_CE: 2.287
2021-07-12 20:54:05,310:INFO: Epoch 55/150
2021-07-12 20:54:06,139:INFO: - Train metrics: accuracytop1: 0.167 ; accuracytop5: 0.581 ; loss: 2.257 ; ls_all: 2.257 ; ls_CE: 2.257
2021-07-12 20:54:06,580:INFO: - Eval metrics : accuracytop1: 0.146 ; accuracytop5: 0.573 ; loss: 2.289 ; ls_all: 2.289 ; ls_CE: 2.289
2021-07-12 20:54:06,817:INFO: Epoch 56/150
2021-07-12 20:54:07,638:INFO: - Train metrics: accuracytop1: 0.166 ; accuracytop5: 0.583 ; loss: 2.251 ; ls_all: 2.251 ; ls_CE: 2.251
2021-07-12 20:54:08,080:INFO: - Eval metrics : accuracytop1: 0.154 ; accuracytop5: 0.576 ; loss: 2.289 ; ls_all: 2.289 ; ls_CE: 2.289
2021-07-12 20:54:08,315:INFO: Epoch 57/150
2021-07-12 20:54:09,134:INFO: - Train metrics: accuracytop1: 0.166 ; accuracytop5: 0.583 ; loss: 2.259 ; ls_all: 2.259 ; ls_CE: 2.259
2021-07-12 20:54:09,574:INFO: - Eval metrics : accuracytop1: 0.151 ; accuracytop5: 0.586 ; loss: 2.285 ; ls_all: 2.285 ; ls_CE: 2.285
2021-07-12 20:54:09,816:INFO: Epoch 58/150
2021-07-12 20:54:10,642:INFO: - Train metrics: accuracytop1: 0.168 ; accuracytop5: 0.590 ; loss: 2.258 ; ls_all: 2.258 ; ls_CE: 2.258
2021-07-12 20:54:11,082:INFO: - Eval metrics : accuracytop1: 0.154 ; accuracytop5: 0.568 ; loss: 2.286 ; ls_all: 2.286 ; ls_CE: 2.286
2021-07-12 20:54:11,319:INFO: Epoch 59/150
2021-07-12 20:54:12,142:INFO: - Train metrics: accuracytop1: 0.168 ; accuracytop5: 0.587 ; loss: 2.245 ; ls_all: 2.245 ; ls_CE: 2.245
2021-07-12 20:54:12,583:INFO: - Eval metrics : accuracytop1: 0.146 ; accuracytop5: 0.596 ; loss: 2.290 ; ls_all: 2.290 ; ls_CE: 2.290
2021-07-12 20:54:12,815:INFO: Epoch 60/150
2021-07-12 20:54:13,636:INFO: - Train metrics: accuracytop1: 0.167 ; accuracytop5: 0.583 ; loss: 2.257 ; ls_all: 2.257 ; ls_CE: 2.257
2021-07-12 20:54:14,077:INFO: - Eval metrics : accuracytop1: 0.156 ; accuracytop5: 0.547 ; loss: 2.291 ; ls_all: 2.291 ; ls_CE: 2.291
2021-07-12 20:54:14,320:INFO: Epoch 61/150
2021-07-12 20:54:15,143:INFO: - Train metrics: accuracytop1: 0.173 ; accuracytop5: 0.598 ; loss: 2.249 ; ls_all: 2.249 ; ls_CE: 2.249
2021-07-12 20:54:15,583:INFO: - Eval metrics : accuracytop1: 0.146 ; accuracytop5: 0.565 ; loss: 2.290 ; ls_all: 2.290 ; ls_CE: 2.290
2021-07-12 20:54:15,825:INFO: Epoch 62/150
2021-07-12 20:54:16,647:INFO: - Train metrics: accuracytop1: 0.162 ; accuracytop5: 0.608 ; loss: 2.258 ; ls_all: 2.258 ; ls_CE: 2.258
2021-07-12 20:54:17,087:INFO: - Eval metrics : accuracytop1: 0.146 ; accuracytop5: 0.552 ; loss: 2.289 ; ls_all: 2.289 ; ls_CE: 2.289
2021-07-12 20:54:17,320:INFO: Epoch 63/150
2021-07-12 20:54:18,130:INFO: - Train metrics: accuracytop1: 0.164 ; accuracytop5: 0.588 ; loss: 2.251 ; ls_all: 2.251 ; ls_CE: 2.251
2021-07-12 20:54:18,568:INFO: - Eval metrics : accuracytop1: 0.146 ; accuracytop5: 0.549 ; loss: 2.287 ; ls_all: 2.287 ; ls_CE: 2.287
2021-07-12 20:54:18,816:INFO: Epoch 64/150
2021-07-12 20:54:19,648:INFO: - Train metrics: accuracytop1: 0.165 ; accuracytop5: 0.578 ; loss: 2.253 ; ls_all: 2.253 ; ls_CE: 2.253
2021-07-12 20:54:20,091:INFO: - Eval metrics : accuracytop1: 0.151 ; accuracytop5: 0.557 ; loss: 2.289 ; ls_all: 2.289 ; ls_CE: 2.289
2021-07-12 20:54:20,390:INFO: Epoch 65/150
2021-07-12 20:54:21,215:INFO: - Train metrics: accuracytop1: 0.166 ; accuracytop5: 0.589 ; loss: 2.254 ; ls_all: 2.254 ; ls_CE: 2.254
2021-07-12 20:54:21,656:INFO: - Eval metrics : accuracytop1: 0.146 ; accuracytop5: 0.568 ; loss: 2.291 ; ls_all: 2.291 ; ls_CE: 2.291
2021-07-12 20:54:21,890:INFO: Epoch 66/150
2021-07-12 20:54:22,713:INFO: - Train metrics: accuracytop1: 0.171 ; accuracytop5: 0.591 ; loss: 2.253 ; ls_all: 2.253 ; ls_CE: 2.253
2021-07-12 20:54:23,156:INFO: - Eval metrics : accuracytop1: 0.151 ; accuracytop5: 0.562 ; loss: 2.287 ; ls_all: 2.287 ; ls_CE: 2.287
2021-07-12 20:54:23,394:INFO: Epoch 67/150
2021-07-12 20:54:24,207:INFO: - Train metrics: accuracytop1: 0.169 ; accuracytop5: 0.595 ; loss: 2.249 ; ls_all: 2.249 ; ls_CE: 2.249
2021-07-12 20:54:24,646:INFO: - Eval metrics : accuracytop1: 0.148 ; accuracytop5: 0.526 ; loss: 2.290 ; ls_all: 2.290 ; ls_CE: 2.290
2021-07-12 20:54:24,872:INFO: Epoch 68/150
2021-07-12 20:54:25,691:INFO: - Train metrics: accuracytop1: 0.168 ; accuracytop5: 0.585 ; loss: 2.252 ; ls_all: 2.252 ; ls_CE: 2.252
2021-07-12 20:54:26,127:INFO: - Eval metrics : accuracytop1: 0.148 ; accuracytop5: 0.565 ; loss: 2.291 ; ls_all: 2.291 ; ls_CE: 2.291
2021-07-12 20:54:26,373:INFO: Epoch 69/150
2021-07-12 20:54:27,199:INFO: - Train metrics: accuracytop1: 0.167 ; accuracytop5: 0.590 ; loss: 2.252 ; ls_all: 2.252 ; ls_CE: 2.252
2021-07-12 20:54:27,641:INFO: - Eval metrics : accuracytop1: 0.146 ; accuracytop5: 0.565 ; loss: 2.291 ; ls_all: 2.291 ; ls_CE: 2.291
2021-07-12 20:54:27,875:INFO: Epoch 70/150
2021-07-12 20:54:28,688:INFO: - Train metrics: accuracytop1: 0.161 ; accuracytop5: 0.601 ; loss: 2.247 ; ls_all: 2.247 ; ls_CE: 2.247
2021-07-12 20:54:29,127:INFO: - Eval metrics : accuracytop1: 0.146 ; accuracytop5: 0.578 ; loss: 2.285 ; ls_all: 2.285 ; ls_CE: 2.285
2021-07-12 20:54:29,361:INFO: Epoch 71/150
2021-07-12 20:54:30,180:INFO: - Train metrics: accuracytop1: 0.174 ; accuracytop5: 0.596 ; loss: 2.252 ; ls_all: 2.252 ; ls_CE: 2.252
2021-07-12 20:54:30,617:INFO: - Eval metrics : accuracytop1: 0.154 ; accuracytop5: 0.547 ; loss: 2.287 ; ls_all: 2.287 ; ls_CE: 2.287
2021-07-12 20:54:30,852:INFO: Epoch 72/150
2021-07-12 20:54:31,680:INFO: - Train metrics: accuracytop1: 0.175 ; accuracytop5: 0.595 ; loss: 2.250 ; ls_all: 2.250 ; ls_CE: 2.250
2021-07-12 20:54:32,123:INFO: - Eval metrics : accuracytop1: 0.151 ; accuracytop5: 0.531 ; loss: 2.286 ; ls_all: 2.286 ; ls_CE: 2.286
2021-07-12 20:54:32,352:INFO: Epoch 73/150
2021-07-12 20:54:33,162:INFO: - Train metrics: accuracytop1: 0.171 ; accuracytop5: 0.589 ; loss: 2.243 ; ls_all: 2.243 ; ls_CE: 2.243
2021-07-12 20:54:33,599:INFO: - Eval metrics : accuracytop1: 0.146 ; accuracytop5: 0.531 ; loss: 2.289 ; ls_all: 2.289 ; ls_CE: 2.289
2021-07-12 20:54:33,839:INFO: Epoch 74/150
2021-07-12 20:54:34,664:INFO: - Train metrics: accuracytop1: 0.172 ; accuracytop5: 0.596 ; loss: 2.235 ; ls_all: 2.235 ; ls_CE: 2.235
2021-07-12 20:54:35,106:INFO: - Eval metrics : accuracytop1: 0.151 ; accuracytop5: 0.531 ; loss: 2.289 ; ls_all: 2.289 ; ls_CE: 2.289
2021-07-12 20:54:35,355:INFO: Epoch 75/150
2021-07-12 20:54:36,179:INFO: - Train metrics: accuracytop1: 0.176 ; accuracytop5: 0.611 ; loss: 2.232 ; ls_all: 2.232 ; ls_CE: 2.232
2021-07-12 20:54:36,619:INFO: - Eval metrics : accuracytop1: 0.143 ; accuracytop5: 0.565 ; loss: 2.292 ; ls_all: 2.292 ; ls_CE: 2.292
2021-07-12 20:54:36,857:INFO: Epoch 76/150
2021-07-12 20:54:37,681:INFO: - Train metrics: accuracytop1: 0.169 ; accuracytop5: 0.590 ; loss: 2.243 ; ls_all: 2.243 ; ls_CE: 2.243
2021-07-12 20:54:38,122:INFO: - Eval metrics : accuracytop1: 0.148 ; accuracytop5: 0.531 ; loss: 2.290 ; ls_all: 2.290 ; ls_CE: 2.290
2021-07-12 20:54:38,367:INFO: Epoch 77/150
2021-07-12 20:54:39,187:INFO: - Train metrics: accuracytop1: 0.180 ; accuracytop5: 0.624 ; loss: 2.232 ; ls_all: 2.232 ; ls_CE: 2.232
2021-07-12 20:54:39,629:INFO: - Eval metrics : accuracytop1: 0.154 ; accuracytop5: 0.547 ; loss: 2.287 ; ls_all: 2.287 ; ls_CE: 2.287
2021-07-12 20:54:39,857:INFO: Epoch 78/150
2021-07-12 20:54:40,671:INFO: - Train metrics: accuracytop1: 0.179 ; accuracytop5: 0.609 ; loss: 2.240 ; ls_all: 2.240 ; ls_CE: 2.240
2021-07-12 20:54:41,108:INFO: - Eval metrics : accuracytop1: 0.148 ; accuracytop5: 0.531 ; loss: 2.289 ; ls_all: 2.289 ; ls_CE: 2.289
2021-07-12 20:54:41,357:INFO: Epoch 79/150
2021-07-12 20:54:42,179:INFO: - Train metrics: accuracytop1: 0.171 ; accuracytop5: 0.602 ; loss: 2.250 ; ls_all: 2.250 ; ls_CE: 2.250
2021-07-12 20:54:42,620:INFO: - Eval metrics : accuracytop1: 0.151 ; accuracytop5: 0.534 ; loss: 2.292 ; ls_all: 2.292 ; ls_CE: 2.292
2021-07-12 20:54:42,862:INFO: Epoch 80/150
2021-07-12 20:54:43,682:INFO: - Train metrics: accuracytop1: 0.173 ; accuracytop5: 0.594 ; loss: 2.241 ; ls_all: 2.241 ; ls_CE: 2.241
2021-07-12 20:54:44,124:INFO: - Eval metrics : accuracytop1: 0.143 ; accuracytop5: 0.534 ; loss: 2.288 ; ls_all: 2.288 ; ls_CE: 2.288
2021-07-12 20:54:44,349:INFO: Epoch 81/150
2021-07-12 20:54:45,163:INFO: - Train metrics: accuracytop1: 0.170 ; accuracytop5: 0.598 ; loss: 2.247 ; ls_all: 2.247 ; ls_CE: 2.247
2021-07-12 20:54:45,599:INFO: - Eval metrics : accuracytop1: 0.146 ; accuracytop5: 0.557 ; loss: 2.288 ; ls_all: 2.288 ; ls_CE: 2.288
2021-07-12 20:54:45,833:INFO: Epoch 82/150
2021-07-12 20:54:46,649:INFO: - Train metrics: accuracytop1: 0.166 ; accuracytop5: 0.589 ; loss: 2.244 ; ls_all: 2.244 ; ls_CE: 2.244
2021-07-12 20:54:47,085:INFO: - Eval metrics : accuracytop1: 0.151 ; accuracytop5: 0.568 ; loss: 2.286 ; ls_all: 2.286 ; ls_CE: 2.286
2021-07-12 20:54:47,319:INFO: Epoch 83/150
2021-07-12 20:54:48,136:INFO: - Train metrics: accuracytop1: 0.173 ; accuracytop5: 0.577 ; loss: 2.240 ; ls_all: 2.240 ; ls_CE: 2.240
2021-07-12 20:54:48,571:INFO: - Eval metrics : accuracytop1: 0.148 ; accuracytop5: 0.562 ; loss: 2.284 ; ls_all: 2.284 ; ls_CE: 2.284
2021-07-12 20:54:48,811:INFO: Epoch 84/150
2021-07-12 20:54:49,627:INFO: - Train metrics: accuracytop1: 0.169 ; accuracytop5: 0.589 ; loss: 2.248 ; ls_all: 2.248 ; ls_CE: 2.248
2021-07-12 20:54:50,067:INFO: - Eval metrics : accuracytop1: 0.148 ; accuracytop5: 0.536 ; loss: 2.287 ; ls_all: 2.287 ; ls_CE: 2.287
2021-07-12 20:54:50,309:INFO: Epoch 85/150
2021-07-12 20:54:51,130:INFO: - Train metrics: accuracytop1: 0.176 ; accuracytop5: 0.600 ; loss: 2.230 ; ls_all: 2.230 ; ls_CE: 2.230
2021-07-12 20:54:51,573:INFO: - Eval metrics : accuracytop1: 0.167 ; accuracytop5: 0.547 ; loss: 2.289 ; ls_all: 2.289 ; ls_CE: 2.289
2021-07-12 20:54:51,935:INFO: - Found new best accuracy
2021-07-12 20:54:51,941:INFO: Epoch 86/150
2021-07-12 20:54:52,767:INFO: - Train metrics: accuracytop1: 0.166 ; accuracytop5: 0.608 ; loss: 2.241 ; ls_all: 2.241 ; ls_CE: 2.241
2021-07-12 20:54:53,212:INFO: - Eval metrics : accuracytop1: 0.174 ; accuracytop5: 0.549 ; loss: 2.283 ; ls_all: 2.283 ; ls_CE: 2.283
2021-07-12 20:54:53,603:INFO: - Found new best accuracy
2021-07-12 20:54:53,613:INFO: Epoch 87/150
2021-07-12 20:54:54,425:INFO: - Train metrics: accuracytop1: 0.170 ; accuracytop5: 0.604 ; loss: 2.245 ; ls_all: 2.245 ; ls_CE: 2.245
2021-07-12 20:54:54,870:INFO: - Eval metrics : accuracytop1: 0.143 ; accuracytop5: 0.539 ; loss: 2.287 ; ls_all: 2.287 ; ls_CE: 2.287
2021-07-12 20:54:55,113:INFO: Epoch 88/150
2021-07-12 20:54:55,925:INFO: - Train metrics: accuracytop1: 0.169 ; accuracytop5: 0.611 ; loss: 2.230 ; ls_all: 2.230 ; ls_CE: 2.230
2021-07-12 20:54:56,368:INFO: - Eval metrics : accuracytop1: 0.143 ; accuracytop5: 0.549 ; loss: 2.294 ; ls_all: 2.294 ; ls_CE: 2.294
2021-07-12 20:54:56,629:INFO: Epoch 89/150
2021-07-12 20:54:57,443:INFO: - Train metrics: accuracytop1: 0.175 ; accuracytop5: 0.598 ; loss: 2.237 ; ls_all: 2.237 ; ls_CE: 2.237
2021-07-12 20:54:57,884:INFO: - Eval metrics : accuracytop1: 0.143 ; accuracytop5: 0.549 ; loss: 2.295 ; ls_all: 2.295 ; ls_CE: 2.295
2021-07-12 20:54:58,145:INFO: Epoch 90/150
2021-07-12 20:54:58,960:INFO: - Train metrics: accuracytop1: 0.168 ; accuracytop5: 0.599 ; loss: 2.250 ; ls_all: 2.250 ; ls_CE: 2.250
2021-07-12 20:54:59,402:INFO: - Eval metrics : accuracytop1: 0.143 ; accuracytop5: 0.557 ; loss: 2.288 ; ls_all: 2.288 ; ls_CE: 2.288
2021-07-12 20:54:59,640:INFO: Epoch 91/150
2021-07-12 20:55:00,448:INFO: - Train metrics: accuracytop1: 0.179 ; accuracytop5: 0.585 ; loss: 2.240 ; ls_all: 2.240 ; ls_CE: 2.240
2021-07-12 20:55:00,885:INFO: - Eval metrics : accuracytop1: 0.141 ; accuracytop5: 0.557 ; loss: 2.293 ; ls_all: 2.293 ; ls_CE: 2.293
2021-07-12 20:55:01,175:INFO: Epoch 92/150
2021-07-12 20:55:01,997:INFO: - Train metrics: accuracytop1: 0.170 ; accuracytop5: 0.597 ; loss: 2.235 ; ls_all: 2.235 ; ls_CE: 2.235
2021-07-12 20:55:02,430:INFO: - Eval metrics : accuracytop1: 0.141 ; accuracytop5: 0.557 ; loss: 2.291 ; ls_all: 2.291 ; ls_CE: 2.291
2021-07-12 20:55:02,688:INFO: Epoch 93/150
2021-07-12 20:55:03,509:INFO: - Train metrics: accuracytop1: 0.173 ; accuracytop5: 0.605 ; loss: 2.237 ; ls_all: 2.237 ; ls_CE: 2.237
2021-07-12 20:55:03,941:INFO: - Eval metrics : accuracytop1: 0.146 ; accuracytop5: 0.544 ; loss: 2.288 ; ls_all: 2.288 ; ls_CE: 2.288
2021-07-12 20:55:04,185:INFO: Epoch 94/150
2021-07-12 20:55:05,002:INFO: - Train metrics: accuracytop1: 0.168 ; accuracytop5: 0.601 ; loss: 2.225 ; ls_all: 2.225 ; ls_CE: 2.225
2021-07-12 20:55:05,431:INFO: - Eval metrics : accuracytop1: 0.154 ; accuracytop5: 0.583 ; loss: 2.289 ; ls_all: 2.289 ; ls_CE: 2.289
2021-07-12 20:55:05,676:INFO: Epoch 95/150
2021-07-12 20:55:06,487:INFO: - Train metrics: accuracytop1: 0.180 ; accuracytop5: 0.612 ; loss: 2.231 ; ls_all: 2.231 ; ls_CE: 2.231
2021-07-12 20:55:06,915:INFO: - Eval metrics : accuracytop1: 0.148 ; accuracytop5: 0.555 ; loss: 2.287 ; ls_all: 2.287 ; ls_CE: 2.287
2021-07-12 20:55:07,160:INFO: Epoch 96/150
2021-07-12 20:55:07,980:INFO: - Train metrics: accuracytop1: 0.176 ; accuracytop5: 0.618 ; loss: 2.225 ; ls_all: 2.225 ; ls_CE: 2.225
2021-07-12 20:55:08,407:INFO: - Eval metrics : accuracytop1: 0.146 ; accuracytop5: 0.576 ; loss: 2.283 ; ls_all: 2.283 ; ls_CE: 2.283
2021-07-12 20:55:08,646:INFO: Epoch 97/150
2021-07-12 20:55:09,451:INFO: - Train metrics: accuracytop1: 0.177 ; accuracytop5: 0.601 ; loss: 2.234 ; ls_all: 2.234 ; ls_CE: 2.234
2021-07-12 20:55:09,887:INFO: - Eval metrics : accuracytop1: 0.172 ; accuracytop5: 0.586 ; loss: 2.283 ; ls_all: 2.283 ; ls_CE: 2.283
2021-07-12 20:55:10,148:INFO: Epoch 98/150
2021-07-12 20:55:10,967:INFO: - Train metrics: accuracytop1: 0.167 ; accuracytop5: 0.622 ; loss: 2.235 ; ls_all: 2.235 ; ls_CE: 2.235
2021-07-12 20:55:11,408:INFO: - Eval metrics : accuracytop1: 0.156 ; accuracytop5: 0.560 ; loss: 2.284 ; ls_all: 2.284 ; ls_CE: 2.284
2021-07-12 20:55:11,654:INFO: Epoch 99/150
2021-07-12 20:55:12,460:INFO: - Train metrics: accuracytop1: 0.170 ; accuracytop5: 0.618 ; loss: 2.239 ; ls_all: 2.239 ; ls_CE: 2.239
2021-07-12 20:55:12,896:INFO: - Eval metrics : accuracytop1: 0.148 ; accuracytop5: 0.568 ; loss: 2.284 ; ls_all: 2.284 ; ls_CE: 2.284
2021-07-12 20:55:13,134:INFO: Epoch 100/150
2021-07-12 20:55:13,938:INFO: - Train metrics: accuracytop1: 0.179 ; accuracytop5: 0.625 ; loss: 2.238 ; ls_all: 2.238 ; ls_CE: 2.238
2021-07-12 20:55:14,375:INFO: - Eval metrics : accuracytop1: 0.151 ; accuracytop5: 0.552 ; loss: 2.287 ; ls_all: 2.287 ; ls_CE: 2.287
2021-07-12 20:55:14,813:INFO: Epoch 101/150
2021-07-12 20:55:15,639:INFO: - Train metrics: accuracytop1: 0.185 ; accuracytop5: 0.600 ; loss: 2.229 ; ls_all: 2.229 ; ls_CE: 2.229
2021-07-12 20:55:16,085:INFO: - Eval metrics : accuracytop1: 0.148 ; accuracytop5: 0.560 ; loss: 2.294 ; ls_all: 2.294 ; ls_CE: 2.294
2021-07-12 20:55:16,321:INFO: Epoch 102/150
2021-07-12 20:55:17,143:INFO: - Train metrics: accuracytop1: 0.175 ; accuracytop5: 0.609 ; loss: 2.233 ; ls_all: 2.233 ; ls_CE: 2.233
2021-07-12 20:55:17,584:INFO: - Eval metrics : accuracytop1: 0.141 ; accuracytop5: 0.576 ; loss: 2.292 ; ls_all: 2.292 ; ls_CE: 2.292
2021-07-12 20:55:17,827:INFO: Epoch 103/150
2021-07-12 20:55:18,641:INFO: - Train metrics: accuracytop1: 0.178 ; accuracytop5: 0.614 ; loss: 2.227 ; ls_all: 2.227 ; ls_CE: 2.227
2021-07-12 20:55:19,077:INFO: - Eval metrics : accuracytop1: 0.143 ; accuracytop5: 0.557 ; loss: 2.293 ; ls_all: 2.293 ; ls_CE: 2.293
2021-07-12 20:55:19,323:INFO: Epoch 104/150
2021-07-12 20:55:20,142:INFO: - Train metrics: accuracytop1: 0.185 ; accuracytop5: 0.620 ; loss: 2.219 ; ls_all: 2.219 ; ls_CE: 2.219
2021-07-12 20:55:20,585:INFO: - Eval metrics : accuracytop1: 0.156 ; accuracytop5: 0.557 ; loss: 2.292 ; ls_all: 2.292 ; ls_CE: 2.292
2021-07-12 20:55:20,824:INFO: Epoch 105/150
2021-07-12 20:55:21,634:INFO: - Train metrics: accuracytop1: 0.175 ; accuracytop5: 0.618 ; loss: 2.232 ; ls_all: 2.232 ; ls_CE: 2.232
2021-07-12 20:55:22,070:INFO: - Eval metrics : accuracytop1: 0.148 ; accuracytop5: 0.581 ; loss: 2.285 ; ls_all: 2.285 ; ls_CE: 2.285
2021-07-12 20:55:22,320:INFO: Epoch 106/150
2021-07-12 20:55:23,134:INFO: - Train metrics: accuracytop1: 0.173 ; accuracytop5: 0.615 ; loss: 2.230 ; ls_all: 2.230 ; ls_CE: 2.230
2021-07-12 20:55:23,571:INFO: - Eval metrics : accuracytop1: 0.151 ; accuracytop5: 0.565 ; loss: 2.291 ; ls_all: 2.291 ; ls_CE: 2.291
2021-07-12 20:55:23,811:INFO: Epoch 107/150
2021-07-12 20:55:24,626:INFO: - Train metrics: accuracytop1: 0.172 ; accuracytop5: 0.622 ; loss: 2.233 ; ls_all: 2.233 ; ls_CE: 2.233
2021-07-12 20:55:25,064:INFO: - Eval metrics : accuracytop1: 0.156 ; accuracytop5: 0.573 ; loss: 2.288 ; ls_all: 2.288 ; ls_CE: 2.288
2021-07-12 20:55:25,298:INFO: Epoch 108/150
2021-07-12 20:55:26,108:INFO: - Train metrics: accuracytop1: 0.164 ; accuracytop5: 0.629 ; loss: 2.235 ; ls_all: 2.235 ; ls_CE: 2.235
2021-07-12 20:55:26,546:INFO: - Eval metrics : accuracytop1: 0.146 ; accuracytop5: 0.531 ; loss: 2.285 ; ls_all: 2.285 ; ls_CE: 2.285
2021-07-12 20:55:26,777:INFO: Epoch 109/150
2021-07-12 20:55:27,591:INFO: - Train metrics: accuracytop1: 0.182 ; accuracytop5: 0.606 ; loss: 2.224 ; ls_all: 2.224 ; ls_CE: 2.224
2021-07-12 20:55:28,027:INFO: - Eval metrics : accuracytop1: 0.148 ; accuracytop5: 0.583 ; loss: 2.285 ; ls_all: 2.285 ; ls_CE: 2.285
2021-07-12 20:55:28,263:INFO: Epoch 110/150
2021-07-12 20:55:29,076:INFO: - Train metrics: accuracytop1: 0.176 ; accuracytop5: 0.614 ; loss: 2.227 ; ls_all: 2.227 ; ls_CE: 2.227
2021-07-12 20:55:29,512:INFO: - Eval metrics : accuracytop1: 0.148 ; accuracytop5: 0.581 ; loss: 2.291 ; ls_all: 2.291 ; ls_CE: 2.291
2021-07-12 20:55:29,751:INFO: Epoch 111/150
2021-07-12 20:55:30,565:INFO: - Train metrics: accuracytop1: 0.183 ; accuracytop5: 0.628 ; loss: 2.216 ; ls_all: 2.216 ; ls_CE: 2.216
2021-07-12 20:55:31,002:INFO: - Eval metrics : accuracytop1: 0.156 ; accuracytop5: 0.568 ; loss: 2.286 ; ls_all: 2.286 ; ls_CE: 2.286
2021-07-12 20:55:31,237:INFO: Epoch 112/150
2021-07-12 20:55:32,051:INFO: - Train metrics: accuracytop1: 0.190 ; accuracytop5: 0.628 ; loss: 2.218 ; ls_all: 2.218 ; ls_CE: 2.218
2021-07-12 20:55:32,488:INFO: - Eval metrics : accuracytop1: 0.154 ; accuracytop5: 0.529 ; loss: 2.291 ; ls_all: 2.291 ; ls_CE: 2.291
2021-07-12 20:55:32,727:INFO: Epoch 113/150
2021-07-12 20:55:33,545:INFO: - Train metrics: accuracytop1: 0.171 ; accuracytop5: 0.628 ; loss: 2.223 ; ls_all: 2.223 ; ls_CE: 2.223
2021-07-12 20:55:33,984:INFO: - Eval metrics : accuracytop1: 0.148 ; accuracytop5: 0.547 ; loss: 2.294 ; ls_all: 2.294 ; ls_CE: 2.294
2021-07-12 20:55:34,234:INFO: Epoch 114/150
2021-07-12 20:55:35,050:INFO: - Train metrics: accuracytop1: 0.172 ; accuracytop5: 0.629 ; loss: 2.224 ; ls_all: 2.224 ; ls_CE: 2.224
2021-07-12 20:55:35,495:INFO: - Eval metrics : accuracytop1: 0.154 ; accuracytop5: 0.555 ; loss: 2.285 ; ls_all: 2.285 ; ls_CE: 2.285
2021-07-12 20:55:35,825:INFO: Epoch 115/150
2021-07-12 20:55:36,650:INFO: - Train metrics: accuracytop1: 0.179 ; accuracytop5: 0.618 ; loss: 2.222 ; ls_all: 2.222 ; ls_CE: 2.222
2021-07-12 20:55:37,096:INFO: - Eval metrics : accuracytop1: 0.154 ; accuracytop5: 0.578 ; loss: 2.281 ; ls_all: 2.281 ; ls_CE: 2.281
2021-07-12 20:55:37,334:INFO: Epoch 116/150
2021-07-12 20:55:38,156:INFO: - Train metrics: accuracytop1: 0.178 ; accuracytop5: 0.620 ; loss: 2.226 ; ls_all: 2.226 ; ls_CE: 2.226
2021-07-12 20:55:38,597:INFO: - Eval metrics : accuracytop1: 0.151 ; accuracytop5: 0.557 ; loss: 2.289 ; ls_all: 2.289 ; ls_CE: 2.289
2021-07-12 20:55:38,877:INFO: Epoch 117/150
2021-07-12 20:55:39,702:INFO: - Train metrics: accuracytop1: 0.179 ; accuracytop5: 0.633 ; loss: 2.219 ; ls_all: 2.219 ; ls_CE: 2.219
2021-07-12 20:55:40,145:INFO: - Eval metrics : accuracytop1: 0.161 ; accuracytop5: 0.576 ; loss: 2.285 ; ls_all: 2.285 ; ls_CE: 2.285
2021-07-12 20:55:40,396:INFO: Epoch 118/150
2021-07-12 20:55:41,218:INFO: - Train metrics: accuracytop1: 0.172 ; accuracytop5: 0.636 ; loss: 2.212 ; ls_all: 2.212 ; ls_CE: 2.212
2021-07-12 20:55:41,661:INFO: - Eval metrics : accuracytop1: 0.148 ; accuracytop5: 0.555 ; loss: 2.283 ; ls_all: 2.283 ; ls_CE: 2.283
2021-07-12 20:55:41,899:INFO: Epoch 119/150
2021-07-12 20:55:42,712:INFO: - Train metrics: accuracytop1: 0.181 ; accuracytop5: 0.615 ; loss: 2.215 ; ls_all: 2.215 ; ls_CE: 2.215
2021-07-12 20:55:43,149:INFO: - Eval metrics : accuracytop1: 0.151 ; accuracytop5: 0.560 ; loss: 2.289 ; ls_all: 2.289 ; ls_CE: 2.289
2021-07-12 20:55:43,383:INFO: Epoch 120/150
2021-07-12 20:55:44,199:INFO: - Train metrics: accuracytop1: 0.181 ; accuracytop5: 0.630 ; loss: 2.205 ; ls_all: 2.205 ; ls_CE: 2.205
2021-07-12 20:55:44,637:INFO: - Eval metrics : accuracytop1: 0.151 ; accuracytop5: 0.565 ; loss: 2.278 ; ls_all: 2.278 ; ls_CE: 2.278
2021-07-12 20:55:44,871:INFO: Epoch 121/150
2021-07-12 20:55:45,687:INFO: - Train metrics: accuracytop1: 0.169 ; accuracytop5: 0.617 ; loss: 2.215 ; ls_all: 2.215 ; ls_CE: 2.215
2021-07-12 20:55:46,124:INFO: - Eval metrics : accuracytop1: 0.151 ; accuracytop5: 0.583 ; loss: 2.275 ; ls_all: 2.275 ; ls_CE: 2.275
2021-07-12 20:55:46,377:INFO: Epoch 122/150
2021-07-12 20:55:47,199:INFO: - Train metrics: accuracytop1: 0.181 ; accuracytop5: 0.637 ; loss: 2.199 ; ls_all: 2.199 ; ls_CE: 2.199
2021-07-12 20:55:47,641:INFO: - Eval metrics : accuracytop1: 0.156 ; accuracytop5: 0.581 ; loss: 2.276 ; ls_all: 2.276 ; ls_CE: 2.276
2021-07-12 20:55:47,879:INFO: Epoch 123/150
2021-07-12 20:55:48,696:INFO: - Train metrics: accuracytop1: 0.176 ; accuracytop5: 0.642 ; loss: 2.196 ; ls_all: 2.196 ; ls_CE: 2.196
2021-07-12 20:55:49,137:INFO: - Eval metrics : accuracytop1: 0.148 ; accuracytop5: 0.547 ; loss: 2.294 ; ls_all: 2.294 ; ls_CE: 2.294
2021-07-12 20:55:49,378:INFO: Epoch 124/150
2021-07-12 20:55:50,191:INFO: - Train metrics: accuracytop1: 0.188 ; accuracytop5: 0.621 ; loss: 2.219 ; ls_all: 2.219 ; ls_CE: 2.219
2021-07-12 20:55:50,629:INFO: - Eval metrics : accuracytop1: 0.148 ; accuracytop5: 0.544 ; loss: 2.296 ; ls_all: 2.296 ; ls_CE: 2.296
2021-07-12 20:55:50,870:INFO: Epoch 125/150
2021-07-12 20:55:51,683:INFO: - Train metrics: accuracytop1: 0.182 ; accuracytop5: 0.616 ; loss: 2.212 ; ls_all: 2.212 ; ls_CE: 2.212
2021-07-12 20:55:52,121:INFO: - Eval metrics : accuracytop1: 0.159 ; accuracytop5: 0.570 ; loss: 2.276 ; ls_all: 2.276 ; ls_CE: 2.276
2021-07-12 20:55:52,354:INFO: Epoch 126/150
2021-07-12 20:55:53,167:INFO: - Train metrics: accuracytop1: 0.181 ; accuracytop5: 0.638 ; loss: 2.201 ; ls_all: 2.201 ; ls_CE: 2.201
2021-07-12 20:55:53,608:INFO: - Eval metrics : accuracytop1: 0.151 ; accuracytop5: 0.562 ; loss: 2.265 ; ls_all: 2.265 ; ls_CE: 2.265
2021-07-12 20:55:53,853:INFO: Epoch 127/150
2021-07-12 20:55:54,676:INFO: - Train metrics: accuracytop1: 0.185 ; accuracytop5: 0.631 ; loss: 2.177 ; ls_all: 2.177 ; ls_CE: 2.177
2021-07-12 20:55:55,121:INFO: - Eval metrics : accuracytop1: 0.154 ; accuracytop5: 0.562 ; loss: 2.292 ; ls_all: 2.292 ; ls_CE: 2.292
2021-07-12 20:55:55,360:INFO: Epoch 128/150
2021-07-12 20:55:56,178:INFO: - Train metrics: accuracytop1: 0.180 ; accuracytop5: 0.638 ; loss: 2.179 ; ls_all: 2.179 ; ls_CE: 2.179
2021-07-12 20:55:56,616:INFO: - Eval metrics : accuracytop1: 0.156 ; accuracytop5: 0.622 ; loss: 2.236 ; ls_all: 2.236 ; ls_CE: 2.236
2021-07-12 20:55:56,855:INFO: Epoch 129/150
2021-07-12 20:55:57,669:INFO: - Train metrics: accuracytop1: 0.178 ; accuracytop5: 0.687 ; loss: 2.134 ; ls_all: 2.134 ; ls_CE: 2.134
2021-07-12 20:55:58,105:INFO: - Eval metrics : accuracytop1: 0.154 ; accuracytop5: 0.620 ; loss: 2.208 ; ls_all: 2.208 ; ls_CE: 2.208
2021-07-12 20:55:58,357:INFO: Epoch 130/150
2021-07-12 20:55:59,174:INFO: - Train metrics: accuracytop1: 0.177 ; accuracytop5: 0.663 ; loss: 2.124 ; ls_all: 2.124 ; ls_CE: 2.124
2021-07-12 20:55:59,618:INFO: - Eval metrics : accuracytop1: 0.151 ; accuracytop5: 0.609 ; loss: 2.157 ; ls_all: 2.157 ; ls_CE: 2.157
2021-07-12 20:55:59,851:INFO: Epoch 131/150
2021-07-12 20:56:00,667:INFO: - Train metrics: accuracytop1: 0.197 ; accuracytop5: 0.682 ; loss: 2.106 ; ls_all: 2.106 ; ls_CE: 2.106
2021-07-12 20:56:01,104:INFO: - Eval metrics : accuracytop1: 0.154 ; accuracytop5: 0.625 ; loss: 2.183 ; ls_all: 2.183 ; ls_CE: 2.183
2021-07-12 20:56:01,337:INFO: Epoch 132/150
2021-07-12 20:56:02,152:INFO: - Train metrics: accuracytop1: 0.193 ; accuracytop5: 0.702 ; loss: 2.106 ; ls_all: 2.106 ; ls_CE: 2.106
2021-07-12 20:56:02,589:INFO: - Eval metrics : accuracytop1: 0.232 ; accuracytop5: 0.628 ; loss: 2.163 ; ls_all: 2.163 ; ls_CE: 2.163
2021-07-12 20:56:02,981:INFO: - Found new best accuracy
2021-07-12 20:56:02,988:INFO: Epoch 133/150
2021-07-12 20:56:03,804:INFO: - Train metrics: accuracytop1: 0.210 ; accuracytop5: 0.717 ; loss: 2.045 ; ls_all: 2.045 ; ls_CE: 2.045
2021-07-12 20:56:04,248:INFO: - Eval metrics : accuracytop1: 0.237 ; accuracytop5: 0.688 ; loss: 2.118 ; ls_all: 2.118 ; ls_CE: 2.118
2021-07-12 20:56:04,629:INFO: - Found new best accuracy
2021-07-12 20:56:04,636:INFO: Epoch 134/150
2021-07-12 20:56:05,457:INFO: - Train metrics: accuracytop1: 0.218 ; accuracytop5: 0.733 ; loss: 2.032 ; ls_all: 2.032 ; ls_CE: 2.032
2021-07-12 20:56:05,901:INFO: - Eval metrics : accuracytop1: 0.227 ; accuracytop5: 0.648 ; loss: 2.182 ; ls_all: 2.182 ; ls_CE: 2.182
2021-07-12 20:56:06,150:INFO: Epoch 135/150
2021-07-12 20:56:06,960:INFO: - Train metrics: accuracytop1: 0.201 ; accuracytop5: 0.731 ; loss: 2.016 ; ls_all: 2.016 ; ls_CE: 2.016
2021-07-12 20:56:07,400:INFO: - Eval metrics : accuracytop1: 0.247 ; accuracytop5: 0.773 ; loss: 1.999 ; ls_all: 1.999 ; ls_CE: 1.999
2021-07-12 20:56:07,801:INFO: - Found new best accuracy
2021-07-12 20:56:07,809:INFO: Epoch 136/150
2021-07-12 20:56:08,631:INFO: - Train metrics: accuracytop1: 0.228 ; accuracytop5: 0.777 ; loss: 1.942 ; ls_all: 1.942 ; ls_CE: 1.942
2021-07-12 20:56:09,076:INFO: - Eval metrics : accuracytop1: 0.268 ; accuracytop5: 0.766 ; loss: 1.924 ; ls_all: 1.924 ; ls_CE: 1.924
2021-07-12 20:56:09,460:INFO: - Found new best accuracy
2021-07-12 20:56:09,483:INFO: Epoch 137/150
2021-07-12 20:56:10,296:INFO: - Train metrics: accuracytop1: 0.223 ; accuracytop5: 0.760 ; loss: 1.932 ; ls_all: 1.932 ; ls_CE: 1.932
2021-07-12 20:56:10,743:INFO: - Eval metrics : accuracytop1: 0.266 ; accuracytop5: 0.779 ; loss: 2.019 ; ls_all: 2.019 ; ls_CE: 2.019
2021-07-12 20:56:10,994:INFO: Epoch 138/150
2021-07-12 20:56:11,807:INFO: - Train metrics: accuracytop1: 0.234 ; accuracytop5: 0.788 ; loss: 1.911 ; ls_all: 1.911 ; ls_CE: 1.911
2021-07-12 20:56:12,249:INFO: - Eval metrics : accuracytop1: 0.271 ; accuracytop5: 0.828 ; loss: 1.930 ; ls_all: 1.930 ; ls_CE: 1.930
2021-07-12 20:56:12,639:INFO: - Found new best accuracy
2021-07-12 20:56:12,649:INFO: Epoch 139/150
2021-07-12 20:56:13,468:INFO: - Train metrics: accuracytop1: 0.235 ; accuracytop5: 0.781 ; loss: 1.879 ; ls_all: 1.879 ; ls_CE: 1.879
2021-07-12 20:56:13,912:INFO: - Eval metrics : accuracytop1: 0.284 ; accuracytop5: 0.776 ; loss: 1.930 ; ls_all: 1.930 ; ls_CE: 1.930
2021-07-12 20:56:14,299:INFO: - Found new best accuracy
2021-07-12 20:56:14,306:INFO: Epoch 140/150
2021-07-12 20:56:15,127:INFO: - Train metrics: accuracytop1: 0.240 ; accuracytop5: 0.788 ; loss: 1.870 ; ls_all: 1.870 ; ls_CE: 1.870
2021-07-12 20:56:15,570:INFO: - Eval metrics : accuracytop1: 0.281 ; accuracytop5: 0.823 ; loss: 1.937 ; ls_all: 1.937 ; ls_CE: 1.937
2021-07-12 20:56:15,810:INFO: Epoch 141/150
2021-07-12 20:56:16,625:INFO: - Train metrics: accuracytop1: 0.229 ; accuracytop5: 0.788 ; loss: 1.894 ; ls_all: 1.894 ; ls_CE: 1.894
2021-07-12 20:56:17,064:INFO: - Eval metrics : accuracytop1: 0.255 ; accuracytop5: 0.810 ; loss: 1.998 ; ls_all: 1.998 ; ls_CE: 1.998
2021-07-12 20:56:17,305:INFO: Epoch 142/150
2021-07-12 20:56:18,116:INFO: - Train metrics: accuracytop1: 0.255 ; accuracytop5: 0.815 ; loss: 1.864 ; ls_all: 1.864 ; ls_CE: 1.864
2021-07-12 20:56:18,556:INFO: - Eval metrics : accuracytop1: 0.247 ; accuracytop5: 0.831 ; loss: 1.874 ; ls_all: 1.874 ; ls_CE: 1.874
2021-07-12 20:56:18,803:INFO: Epoch 143/150
2021-07-12 20:56:19,624:INFO: - Train metrics: accuracytop1: 0.263 ; accuracytop5: 0.814 ; loss: 1.841 ; ls_all: 1.841 ; ls_CE: 1.841
2021-07-12 20:56:20,066:INFO: - Eval metrics : accuracytop1: 0.266 ; accuracytop5: 0.807 ; loss: 1.930 ; ls_all: 1.930 ; ls_CE: 1.930
2021-07-12 20:56:20,312:INFO: Epoch 144/150
2021-07-12 20:56:21,123:INFO: - Train metrics: accuracytop1: 0.250 ; accuracytop5: 0.794 ; loss: 1.864 ; ls_all: 1.864 ; ls_CE: 1.864
2021-07-12 20:56:21,561:INFO: - Eval metrics : accuracytop1: 0.268 ; accuracytop5: 0.831 ; loss: 1.881 ; ls_all: 1.881 ; ls_CE: 1.881
2021-07-12 20:56:21,814:INFO: Epoch 145/150
2021-07-12 20:56:22,635:INFO: - Train metrics: accuracytop1: 0.268 ; accuracytop5: 0.813 ; loss: 1.812 ; ls_all: 1.812 ; ls_CE: 1.812
2021-07-12 20:56:23,079:INFO: - Eval metrics : accuracytop1: 0.266 ; accuracytop5: 0.852 ; loss: 1.882 ; ls_all: 1.882 ; ls_CE: 1.882
2021-07-12 20:56:23,323:INFO: Epoch 146/150
2021-07-12 20:56:24,135:INFO: - Train metrics: accuracytop1: 0.300 ; accuracytop5: 0.831 ; loss: 1.777 ; ls_all: 1.777 ; ls_CE: 1.777
2021-07-12 20:56:24,572:INFO: - Eval metrics : accuracytop1: 0.258 ; accuracytop5: 0.833 ; loss: 1.927 ; ls_all: 1.927 ; ls_CE: 1.927
2021-07-12 20:56:24,818:INFO: Epoch 147/150
2021-07-12 20:56:25,630:INFO: - Train metrics: accuracytop1: 0.281 ; accuracytop5: 0.828 ; loss: 1.801 ; ls_all: 1.801 ; ls_CE: 1.801
2021-07-12 20:56:26,066:INFO: - Eval metrics : accuracytop1: 0.299 ; accuracytop5: 0.836 ; loss: 1.998 ; ls_all: 1.998 ; ls_CE: 1.998
2021-07-12 20:56:26,440:INFO: - Found new best accuracy
2021-07-12 20:56:26,447:INFO: Epoch 148/150
2021-07-12 20:56:27,274:INFO: - Train metrics: accuracytop1: 0.303 ; accuracytop5: 0.843 ; loss: 1.744 ; ls_all: 1.744 ; ls_CE: 1.744
2021-07-12 20:56:27,716:INFO: - Eval metrics : accuracytop1: 0.302 ; accuracytop5: 0.833 ; loss: 1.914 ; ls_all: 1.914 ; ls_CE: 1.914
2021-07-12 20:56:28,119:INFO: - Found new best accuracy
2021-07-12 20:56:28,127:INFO: Epoch 149/150
2021-07-12 20:56:28,942:INFO: - Train metrics: accuracytop1: 0.291 ; accuracytop5: 0.838 ; loss: 1.753 ; ls_all: 1.753 ; ls_CE: 1.753
2021-07-12 20:56:29,387:INFO: - Eval metrics : accuracytop1: 0.292 ; accuracytop5: 0.852 ; loss: 1.896 ; ls_all: 1.896 ; ls_CE: 1.896
2021-07-12 20:56:29,647:INFO: Epoch 150/150
2021-07-12 20:56:30,464:INFO: - Train metrics: accuracytop1: 0.276 ; accuracytop5: 0.830 ; loss: 1.810 ; ls_all: 1.810 ; ls_CE: 1.810
2021-07-12 20:56:30,906:INFO: - Eval metrics : accuracytop1: 0.268 ; accuracytop5: 0.836 ; loss: 2.037 ; ls_all: 2.037 ; ls_CE: 2.037
