2021-07-08 04:51:00,257:WARNING: Setting up a new session...
2021-07-08 04:51:00,275:INFO: Visdom successfully connected to server
2021-07-08 04:51:00,371:WARNING: Setting up a new session...
2021-07-08 04:51:00,386:INFO: Visdom successfully connected to server
2021-07-08 04:51:00,482:WARNING: Setting up a new session...
2021-07-08 04:51:00,497:INFO: Visdom successfully connected to server
2021-07-08 04:51:00,594:WARNING: Setting up a new session...
2021-07-08 04:51:00,608:INFO: Visdom successfully connected to server
2021-07-08 04:51:00,705:WARNING: Setting up a new session...
2021-07-08 04:51:00,720:INFO: Visdom successfully connected to server
2021-07-08 04:51:00,816:INFO: dataset_dir: lidar_mocap_split_convert/
2021-07-08 04:51:00,816:INFO: dataset_name: lidar_mocap
2021-07-08 04:51:00,816:INFO: model_dir: ./
2021-07-08 04:51:00,816:INFO: model_name: HCN
2021-07-08 04:51:00,816:INFO: load_model: None
2021-07-08 04:51:00,817:INFO: load: False
2021-07-08 04:51:00,817:INFO: mode: train
2021-07-08 04:51:00,817:INFO: num: 04
2021-07-08 04:51:00,817:INFO: model_version: HCN
2021-07-08 04:51:00,817:INFO: experiment_path: ./experiments/lidar_mocap/HCN04
2021-07-08 04:51:00,817:INFO: restore_file: None
2021-07-08 04:51:00,817:INFO: gpu_id: 0
2021-07-08 04:51:00,817:INFO: cuda: True
2021-07-08 04:51:00,817:INFO: data_parallel: False
2021-07-08 04:51:00,817:INFO: seed: 0
2021-07-08 04:51:00,818:INFO: lr: 0.001
2021-07-08 04:51:00,818:INFO: lr_decay_type: exp
2021-07-08 04:51:00,818:INFO: lr_step: [100, 160, 200]
2021-07-08 04:51:00,818:INFO: scheduler_gamma: 0.1
2021-07-08 04:51:00,818:INFO: scheduler_gamma2: 0.99
2021-07-08 04:51:00,818:INFO: scheduler_gamma3: 0.5
2021-07-08 04:51:00,818:INFO: patience: 50
2021-07-08 04:51:00,818:INFO: batch_size: 64
2021-07-08 04:51:00,818:INFO: num_epochs: 200
2021-07-08 04:51:00,818:INFO: start_epoch: 0
2021-07-08 04:51:00,819:INFO: save_best_ever_n_epoch: 50
2021-07-08 04:51:00,819:INFO: save_summary_steps: 1
2021-07-08 04:51:00,819:INFO: num_workers: 4
2021-07-08 04:51:00,819:INFO: optimizer: Adam
2021-07-08 04:51:00,819:INFO: weight_decay: 0.0001
2021-07-08 04:51:00,819:INFO: clip: 0.5
2021-07-08 04:51:00,819:INFO: train_feeder_args: {'data_path': None, 'label_path': None, 'random_valid_choose': False, 'random_shift': False, 'random_move': False, 'window_size': 32, 'normalization': False, 'debug': False, 'origin_transfer': 0, 'crop_resize': True, 'p_interval': [0.5, 1]}
2021-07-08 04:51:00,819:INFO: test_feeder_args: {'data_path': None, 'label_path': None, 'random_valid_choose': False, 'random_shift': False, 'random_move': False, 'window_size': 32, 'normalization': False, 'debug': False, 'origin_transfer': 0, 'crop_resize': True, 'p_interval': [0.95]}
2021-07-08 04:51:00,819:INFO: model_args: {'in_channel': 3, 'out_channel': 64, 'window_size': 32, 'num_joint': 13, 'num_person': 1, 'num_class': 9}
2021-07-08 04:51:00,819:INFO: loss_args: {'type': 'CE'}
2021-07-08 04:51:00,820:INFO: dataset_dir: lidar_mocap_split_convert/
2021-07-08 04:51:00,820:INFO: dataset_name: lidar_mocap
2021-07-08 04:51:00,820:INFO: mode: train
2021-07-08 04:51:10,088:INFO: HCN(
  (conv1): Sequential(
    (0): Conv2d(3, 64, kernel_size=(1, 1), stride=(1, 1))
    (1): ReLU()
  )
  (conv2): Conv2d(64, 32, kernel_size=(3, 1), stride=(1, 1), padding=(1, 0))
  (conv3): Sequential(
    (0): Conv2d(13, 32, kernel_size=(3, 3), stride=(1, 1), padding=(1, 1))
    (1): MaxPool2d(kernel_size=2, stride=2, padding=0, dilation=1, ceil_mode=False)
  )
  (conv4): Sequential(
    (0): Conv2d(32, 64, kernel_size=(3, 3), stride=(1, 1), padding=(1, 1))
    (1): Dropout2d(p=0.5, inplace=False)
    (2): MaxPool2d(kernel_size=2, stride=2, padding=0, dilation=1, ceil_mode=False)
  )
  (conv1m): Sequential(
    (0): Conv2d(3, 64, kernel_size=(1, 1), stride=(1, 1))
    (1): ReLU()
  )
  (conv2m): Conv2d(64, 32, kernel_size=(3, 1), stride=(1, 1), padding=(1, 0))
  (conv3m): Sequential(
    (0): Conv2d(13, 32, kernel_size=(3, 3), stride=(1, 1), padding=(1, 1))
    (1): MaxPool2d(kernel_size=2, stride=2, padding=0, dilation=1, ceil_mode=False)
  )
  (conv4m): Sequential(
    (0): Conv2d(32, 64, kernel_size=(3, 3), stride=(1, 1), padding=(1, 1))
    (1): Dropout2d(p=0.5, inplace=False)
    (2): MaxPool2d(kernel_size=2, stride=2, padding=0, dilation=1, ceil_mode=False)
  )
  (conv5): Sequential(
    (0): Conv2d(128, 128, kernel_size=(3, 3), stride=(1, 1), padding=(1, 1))
    (1): ReLU()
    (2): Dropout2d(p=0.5, inplace=False)
    (3): MaxPool2d(kernel_size=2, stride=2, padding=0, dilation=1, ceil_mode=False)
  )
  (conv6): Sequential(
    (0): Conv2d(128, 256, kernel_size=(3, 3), stride=(1, 1), padding=(1, 1))
    (1): ReLU()
    (2): Dropout2d(p=0.5, inplace=False)
    (3): MaxPool2d(kernel_size=2, stride=2, padding=0, dilation=1, ceil_mode=False)
  )
  (fc7): Sequential(
    (0): Linear(in_features=1024, out_features=512, bias=True)
    (1): ReLU()
    (2): Dropout2d(p=0.5, inplace=False)
  )
  (fc8): Linear(in_features=512, out_features=9, bias=True)
)
2021-07-08 04:51:10,090:INFO: Loading the datasets...
2021-07-08 04:51:10,109:INFO: - done.
2021-07-08 04:51:10,109:INFO: Starting training for 200 epoch(s)
2021-07-08 04:51:10,110:INFO: lr decay:exp
2021-07-08 04:51:10,111:INFO: Epoch 1/200
2021-07-08 04:51:12,251:INFO: - Train metrics: accuracytop1: 0.116 ; accuracytop5: 0.562 ; loss: 3.525 ; ls_all: 3.525 ; ls_CE: 3.525
2021-07-08 04:51:13,069:INFO: - Eval metrics : accuracytop1: 0.113 ; accuracytop5: 0.512 ; loss: 2.515 ; ls_all: 2.515 ; ls_CE: 2.515
2021-07-08 04:51:13,508:INFO: - Found new best accuracy
2021-07-08 04:51:13,515:INFO: Epoch 2/200
2021-07-08 04:51:14,055:INFO: - Train metrics: accuracytop1: 0.139 ; accuracytop5: 0.599 ; loss: 2.955 ; ls_all: 2.955 ; ls_CE: 2.955
2021-07-08 04:51:14,464:INFO: - Eval metrics : accuracytop1: 0.118 ; accuracytop5: 0.496 ; loss: 2.579 ; ls_all: 2.579 ; ls_CE: 2.579
2021-07-08 04:51:15,000:INFO: - Found new best accuracy
2021-07-08 04:51:15,013:INFO: Epoch 3/200
2021-07-08 04:51:15,557:INFO: - Train metrics: accuracytop1: 0.109 ; accuracytop5: 0.575 ; loss: 3.056 ; ls_all: 3.056 ; ls_CE: 3.056
2021-07-08 04:51:15,967:INFO: - Eval metrics : accuracytop1: 0.119 ; accuracytop5: 0.549 ; loss: 2.580 ; ls_all: 2.580 ; ls_CE: 2.580
2021-07-08 04:51:16,532:INFO: - Found new best accuracy
2021-07-08 04:51:16,542:INFO: Epoch 4/200
2021-07-08 04:51:17,086:INFO: - Train metrics: accuracytop1: 0.120 ; accuracytop5: 0.591 ; loss: 2.904 ; ls_all: 2.904 ; ls_CE: 2.904
2021-07-08 04:51:17,496:INFO: - Eval metrics : accuracytop1: 0.077 ; accuracytop5: 0.593 ; loss: 2.554 ; ls_all: 2.554 ; ls_CE: 2.554
2021-07-08 04:51:17,825:INFO: Epoch 5/200
2021-07-08 04:51:18,365:INFO: - Train metrics: accuracytop1: 0.125 ; accuracytop5: 0.605 ; loss: 3.073 ; ls_all: 3.073 ; ls_CE: 3.073
2021-07-08 04:51:18,765:INFO: - Eval metrics : accuracytop1: 0.125 ; accuracytop5: 0.597 ; loss: 2.537 ; ls_all: 2.537 ; ls_CE: 2.537
2021-07-08 04:51:19,176:INFO: - Found new best accuracy
2021-07-08 04:51:19,183:INFO: Epoch 6/200
2021-07-08 04:51:19,724:INFO: - Train metrics: accuracytop1: 0.116 ; accuracytop5: 0.604 ; loss: 2.816 ; ls_all: 2.816 ; ls_CE: 2.816
2021-07-08 04:51:20,134:INFO: - Eval metrics : accuracytop1: 0.102 ; accuracytop5: 0.537 ; loss: 2.521 ; ls_all: 2.521 ; ls_CE: 2.521
2021-07-08 04:51:20,360:INFO: Epoch 7/200
2021-07-08 04:51:20,902:INFO: - Train metrics: accuracytop1: 0.126 ; accuracytop5: 0.605 ; loss: 2.910 ; ls_all: 2.910 ; ls_CE: 2.910
2021-07-08 04:51:21,330:INFO: - Eval metrics : accuracytop1: 0.102 ; accuracytop5: 0.515 ; loss: 2.530 ; ls_all: 2.530 ; ls_CE: 2.530
2021-07-08 04:51:21,698:INFO: Epoch 8/200
2021-07-08 04:51:22,245:INFO: - Train metrics: accuracytop1: 0.131 ; accuracytop5: 0.600 ; loss: 2.940 ; ls_all: 2.940 ; ls_CE: 2.940
2021-07-08 04:51:22,656:INFO: - Eval metrics : accuracytop1: 0.113 ; accuracytop5: 0.515 ; loss: 2.514 ; ls_all: 2.514 ; ls_CE: 2.514
2021-07-08 04:51:22,873:INFO: Epoch 9/200
2021-07-08 04:51:23,415:INFO: - Train metrics: accuracytop1: 0.152 ; accuracytop5: 0.637 ; loss: 2.614 ; ls_all: 2.614 ; ls_CE: 2.614
2021-07-08 04:51:23,827:INFO: - Eval metrics : accuracytop1: 0.114 ; accuracytop5: 0.522 ; loss: 2.493 ; ls_all: 2.493 ; ls_CE: 2.493
2021-07-08 04:51:24,052:INFO: Epoch 10/200
2021-07-08 04:51:24,594:INFO: - Train metrics: accuracytop1: 0.137 ; accuracytop5: 0.622 ; loss: 2.759 ; ls_all: 2.759 ; ls_CE: 2.759
2021-07-08 04:51:25,002:INFO: - Eval metrics : accuracytop1: 0.113 ; accuracytop5: 0.528 ; loss: 2.489 ; ls_all: 2.489 ; ls_CE: 2.489
2021-07-08 04:51:25,253:INFO: Epoch 11/200
2021-07-08 04:51:25,797:INFO: - Train metrics: accuracytop1: 0.137 ; accuracytop5: 0.635 ; loss: 2.661 ; ls_all: 2.661 ; ls_CE: 2.661
2021-07-08 04:51:26,210:INFO: - Eval metrics : accuracytop1: 0.102 ; accuracytop5: 0.500 ; loss: 2.485 ; ls_all: 2.485 ; ls_CE: 2.485
2021-07-08 04:51:26,445:INFO: Epoch 12/200
2021-07-08 04:51:27,002:INFO: - Train metrics: accuracytop1: 0.134 ; accuracytop5: 0.622 ; loss: 2.846 ; ls_all: 2.846 ; ls_CE: 2.846
2021-07-08 04:51:27,421:INFO: - Eval metrics : accuracytop1: 0.081 ; accuracytop5: 0.517 ; loss: 2.465 ; ls_all: 2.465 ; ls_CE: 2.465
2021-07-08 04:51:27,831:INFO: Epoch 13/200
2021-07-08 04:51:28,373:INFO: - Train metrics: accuracytop1: 0.138 ; accuracytop5: 0.624 ; loss: 2.773 ; ls_all: 2.773 ; ls_CE: 2.773
2021-07-08 04:51:28,773:INFO: - Eval metrics : accuracytop1: 0.087 ; accuracytop5: 0.500 ; loss: 2.439 ; ls_all: 2.439 ; ls_CE: 2.439
2021-07-08 04:51:29,003:INFO: Epoch 14/200
2021-07-08 04:51:29,548:INFO: - Train metrics: accuracytop1: 0.113 ; accuracytop5: 0.584 ; loss: 3.017 ; ls_all: 3.017 ; ls_CE: 3.017
2021-07-08 04:51:29,956:INFO: - Eval metrics : accuracytop1: 0.107 ; accuracytop5: 0.494 ; loss: 2.419 ; ls_all: 2.419 ; ls_CE: 2.419
2021-07-08 04:51:30,174:INFO: Epoch 15/200
2021-07-08 04:51:30,717:INFO: - Train metrics: accuracytop1: 0.109 ; accuracytop5: 0.615 ; loss: 2.831 ; ls_all: 2.831 ; ls_CE: 2.831
2021-07-08 04:51:31,206:INFO: - Eval metrics : accuracytop1: 0.135 ; accuracytop5: 0.489 ; loss: 2.408 ; ls_all: 2.408 ; ls_CE: 2.408
2021-07-08 04:51:31,606:INFO: - Found new best accuracy
2021-07-08 04:51:31,613:INFO: Epoch 16/200
2021-07-08 04:51:32,157:INFO: - Train metrics: accuracytop1: 0.120 ; accuracytop5: 0.579 ; loss: 2.640 ; ls_all: 2.640 ; ls_CE: 2.640
2021-07-08 04:51:32,565:INFO: - Eval metrics : accuracytop1: 0.107 ; accuracytop5: 0.543 ; loss: 2.408 ; ls_all: 2.408 ; ls_CE: 2.408
2021-07-08 04:51:32,967:INFO: Epoch 17/200
2021-07-08 04:51:33,510:INFO: - Train metrics: accuracytop1: 0.127 ; accuracytop5: 0.601 ; loss: 2.640 ; ls_all: 2.640 ; ls_CE: 2.640
2021-07-08 04:51:33,921:INFO: - Eval metrics : accuracytop1: 0.085 ; accuracytop5: 0.511 ; loss: 2.397 ; ls_all: 2.397 ; ls_CE: 2.397
2021-07-08 04:51:34,154:INFO: Epoch 18/200
2021-07-08 04:51:34,696:INFO: - Train metrics: accuracytop1: 0.120 ; accuracytop5: 0.624 ; loss: 2.596 ; ls_all: 2.596 ; ls_CE: 2.596
2021-07-08 04:51:35,108:INFO: - Eval metrics : accuracytop1: 0.070 ; accuracytop5: 0.517 ; loss: 2.358 ; ls_all: 2.358 ; ls_CE: 2.358
2021-07-08 04:51:35,332:INFO: Epoch 19/200
2021-07-08 04:51:35,873:INFO: - Train metrics: accuracytop1: 0.136 ; accuracytop5: 0.611 ; loss: 2.487 ; ls_all: 2.487 ; ls_CE: 2.487
2021-07-08 04:51:36,337:INFO: - Eval metrics : accuracytop1: 0.103 ; accuracytop5: 0.521 ; loss: 2.315 ; ls_all: 2.315 ; ls_CE: 2.315
2021-07-08 04:51:36,648:INFO: Epoch 20/200
2021-07-08 04:51:37,196:INFO: - Train metrics: accuracytop1: 0.134 ; accuracytop5: 0.590 ; loss: 2.508 ; ls_all: 2.508 ; ls_CE: 2.508
2021-07-08 04:51:37,609:INFO: - Eval metrics : accuracytop1: 0.109 ; accuracytop5: 0.530 ; loss: 2.296 ; ls_all: 2.296 ; ls_CE: 2.296
2021-07-08 04:51:37,834:INFO: Epoch 21/200
2021-07-08 04:51:38,379:INFO: - Train metrics: accuracytop1: 0.141 ; accuracytop5: 0.586 ; loss: 2.451 ; ls_all: 2.451 ; ls_CE: 2.451
2021-07-08 04:51:38,781:INFO: - Eval metrics : accuracytop1: 0.117 ; accuracytop5: 0.513 ; loss: 2.288 ; ls_all: 2.288 ; ls_CE: 2.288
2021-07-08 04:51:39,013:INFO: Epoch 22/200
2021-07-08 04:51:39,558:INFO: - Train metrics: accuracytop1: 0.158 ; accuracytop5: 0.613 ; loss: 2.437 ; ls_all: 2.437 ; ls_CE: 2.437
2021-07-08 04:51:39,972:INFO: - Eval metrics : accuracytop1: 0.109 ; accuracytop5: 0.552 ; loss: 2.266 ; ls_all: 2.266 ; ls_CE: 2.266
2021-07-08 04:51:40,330:INFO: Epoch 23/200
2021-07-08 04:51:40,873:INFO: - Train metrics: accuracytop1: 0.116 ; accuracytop5: 0.597 ; loss: 2.359 ; ls_all: 2.359 ; ls_CE: 2.359
2021-07-08 04:51:41,275:INFO: - Eval metrics : accuracytop1: 0.124 ; accuracytop5: 0.577 ; loss: 2.242 ; ls_all: 2.242 ; ls_CE: 2.242
2021-07-08 04:51:41,504:INFO: Epoch 24/200
2021-07-08 04:51:42,049:INFO: - Train metrics: accuracytop1: 0.128 ; accuracytop5: 0.606 ; loss: 2.357 ; ls_all: 2.357 ; ls_CE: 2.357
2021-07-08 04:51:42,460:INFO: - Eval metrics : accuracytop1: 0.093 ; accuracytop5: 0.549 ; loss: 2.221 ; ls_all: 2.221 ; ls_CE: 2.221
2021-07-08 04:51:42,689:INFO: Epoch 25/200
2021-07-08 04:51:43,235:INFO: - Train metrics: accuracytop1: 0.123 ; accuracytop5: 0.601 ; loss: 2.254 ; ls_all: 2.254 ; ls_CE: 2.254
2021-07-08 04:51:43,643:INFO: - Eval metrics : accuracytop1: 0.100 ; accuracytop5: 0.494 ; loss: 2.224 ; ls_all: 2.224 ; ls_CE: 2.224
2021-07-08 04:51:43,888:INFO: Epoch 26/200
2021-07-08 04:51:44,430:INFO: - Train metrics: accuracytop1: 0.122 ; accuracytop5: 0.622 ; loss: 2.356 ; ls_all: 2.356 ; ls_CE: 2.356
2021-07-08 04:51:44,839:INFO: - Eval metrics : accuracytop1: 0.083 ; accuracytop5: 0.516 ; loss: 2.225 ; ls_all: 2.225 ; ls_CE: 2.225
2021-07-08 04:51:45,139:INFO: Epoch 27/200
2021-07-08 04:51:45,680:INFO: - Train metrics: accuracytop1: 0.134 ; accuracytop5: 0.607 ; loss: 2.297 ; ls_all: 2.297 ; ls_CE: 2.297
2021-07-08 04:51:46,088:INFO: - Eval metrics : accuracytop1: 0.109 ; accuracytop5: 0.516 ; loss: 2.211 ; ls_all: 2.211 ; ls_CE: 2.211
2021-07-08 04:51:46,328:INFO: Epoch 28/200
2021-07-08 04:51:46,872:INFO: - Train metrics: accuracytop1: 0.108 ; accuracytop5: 0.605 ; loss: 2.280 ; ls_all: 2.280 ; ls_CE: 2.280
2021-07-08 04:51:47,327:INFO: - Eval metrics : accuracytop1: 0.109 ; accuracytop5: 0.574 ; loss: 2.204 ; ls_all: 2.204 ; ls_CE: 2.204
2021-07-08 04:51:47,573:INFO: Epoch 29/200
2021-07-08 04:51:48,118:INFO: - Train metrics: accuracytop1: 0.130 ; accuracytop5: 0.609 ; loss: 2.283 ; ls_all: 2.283 ; ls_CE: 2.283
2021-07-08 04:51:48,527:INFO: - Eval metrics : accuracytop1: 0.114 ; accuracytop5: 0.578 ; loss: 2.198 ; ls_all: 2.198 ; ls_CE: 2.198
2021-07-08 04:51:48,752:INFO: Epoch 30/200
2021-07-08 04:51:49,300:INFO: - Train metrics: accuracytop1: 0.144 ; accuracytop5: 0.618 ; loss: 2.210 ; ls_all: 2.210 ; ls_CE: 2.210
2021-07-08 04:51:49,714:INFO: - Eval metrics : accuracytop1: 0.109 ; accuracytop5: 0.600 ; loss: 2.194 ; ls_all: 2.194 ; ls_CE: 2.194
2021-07-08 04:51:49,944:INFO: Epoch 31/200
2021-07-08 04:51:50,492:INFO: - Train metrics: accuracytop1: 0.122 ; accuracytop5: 0.616 ; loss: 2.223 ; ls_all: 2.223 ; ls_CE: 2.223
2021-07-08 04:51:50,904:INFO: - Eval metrics : accuracytop1: 0.114 ; accuracytop5: 0.578 ; loss: 2.199 ; ls_all: 2.199 ; ls_CE: 2.199
2021-07-08 04:51:51,134:INFO: Epoch 32/200
2021-07-08 04:51:51,682:INFO: - Train metrics: accuracytop1: 0.136 ; accuracytop5: 0.626 ; loss: 2.218 ; ls_all: 2.218 ; ls_CE: 2.218
2021-07-08 04:51:52,092:INFO: - Eval metrics : accuracytop1: 0.109 ; accuracytop5: 0.578 ; loss: 2.199 ; ls_all: 2.199 ; ls_CE: 2.199
2021-07-08 04:51:52,344:INFO: Epoch 33/200
2021-07-08 04:51:52,887:INFO: - Train metrics: accuracytop1: 0.127 ; accuracytop5: 0.611 ; loss: 2.244 ; ls_all: 2.244 ; ls_CE: 2.244
2021-07-08 04:51:53,287:INFO: - Eval metrics : accuracytop1: 0.114 ; accuracytop5: 0.584 ; loss: 2.199 ; ls_all: 2.199 ; ls_CE: 2.199
2021-07-08 04:51:53,576:INFO: Epoch 34/200
2021-07-08 04:51:54,123:INFO: - Train metrics: accuracytop1: 0.138 ; accuracytop5: 0.586 ; loss: 2.248 ; ls_all: 2.248 ; ls_CE: 2.248
2021-07-08 04:51:54,533:INFO: - Eval metrics : accuracytop1: 0.119 ; accuracytop5: 0.590 ; loss: 2.200 ; ls_all: 2.200 ; ls_CE: 2.200
2021-07-08 04:51:54,755:INFO: Epoch 35/200
2021-07-08 04:51:55,299:INFO: - Train metrics: accuracytop1: 0.158 ; accuracytop5: 0.594 ; loss: 2.218 ; ls_all: 2.218 ; ls_CE: 2.218
2021-07-08 04:51:55,711:INFO: - Eval metrics : accuracytop1: 0.114 ; accuracytop5: 0.498 ; loss: 2.199 ; ls_all: 2.199 ; ls_CE: 2.199
2021-07-08 04:51:55,947:INFO: Epoch 36/200
2021-07-08 04:51:56,489:INFO: - Train metrics: accuracytop1: 0.119 ; accuracytop5: 0.600 ; loss: 2.229 ; ls_all: 2.229 ; ls_CE: 2.229
2021-07-08 04:51:56,900:INFO: - Eval metrics : accuracytop1: 0.114 ; accuracytop5: 0.498 ; loss: 2.198 ; ls_all: 2.198 ; ls_CE: 2.198
2021-07-08 04:51:57,135:INFO: Epoch 37/200
2021-07-08 04:51:57,679:INFO: - Train metrics: accuracytop1: 0.124 ; accuracytop5: 0.611 ; loss: 2.204 ; ls_all: 2.204 ; ls_CE: 2.204
2021-07-08 04:51:58,088:INFO: - Eval metrics : accuracytop1: 0.114 ; accuracytop5: 0.504 ; loss: 2.198 ; ls_all: 2.198 ; ls_CE: 2.198
2021-07-08 04:51:58,325:INFO: Epoch 38/200
2021-07-08 04:51:58,873:INFO: - Train metrics: accuracytop1: 0.153 ; accuracytop5: 0.644 ; loss: 2.202 ; ls_all: 2.202 ; ls_CE: 2.202
2021-07-08 04:51:59,272:INFO: - Eval metrics : accuracytop1: 0.114 ; accuracytop5: 0.498 ; loss: 2.198 ; ls_all: 2.198 ; ls_CE: 2.198
2021-07-08 04:51:59,514:INFO: Epoch 39/200
2021-07-08 04:52:00,061:INFO: - Train metrics: accuracytop1: 0.115 ; accuracytop5: 0.648 ; loss: 2.207 ; ls_all: 2.207 ; ls_CE: 2.207
2021-07-08 04:52:00,474:INFO: - Eval metrics : accuracytop1: 0.114 ; accuracytop5: 0.504 ; loss: 2.198 ; ls_all: 2.198 ; ls_CE: 2.198
2021-07-08 04:52:00,705:INFO: Epoch 40/200
2021-07-08 04:52:01,251:INFO: - Train metrics: accuracytop1: 0.140 ; accuracytop5: 0.646 ; loss: 2.196 ; ls_all: 2.196 ; ls_CE: 2.196
2021-07-08 04:52:01,661:INFO: - Eval metrics : accuracytop1: 0.114 ; accuracytop5: 0.504 ; loss: 2.198 ; ls_all: 2.198 ; ls_CE: 2.198
2021-07-08 04:52:01,934:INFO: Epoch 41/200
2021-07-08 04:52:02,473:INFO: - Train metrics: accuracytop1: 0.148 ; accuracytop5: 0.638 ; loss: 2.224 ; ls_all: 2.224 ; ls_CE: 2.224
2021-07-08 04:52:02,882:INFO: - Eval metrics : accuracytop1: 0.114 ; accuracytop5: 0.504 ; loss: 2.198 ; ls_all: 2.198 ; ls_CE: 2.198
2021-07-08 04:52:03,155:INFO: Epoch 42/200
2021-07-08 04:52:03,699:INFO: - Train metrics: accuracytop1: 0.136 ; accuracytop5: 0.643 ; loss: 2.179 ; ls_all: 2.179 ; ls_CE: 2.179
2021-07-08 04:52:04,116:INFO: - Eval metrics : accuracytop1: 0.114 ; accuracytop5: 0.504 ; loss: 2.198 ; ls_all: 2.198 ; ls_CE: 2.198
2021-07-08 04:52:04,356:INFO: Epoch 43/200
2021-07-08 04:52:04,899:INFO: - Train metrics: accuracytop1: 0.146 ; accuracytop5: 0.613 ; loss: 2.216 ; ls_all: 2.216 ; ls_CE: 2.216
2021-07-08 04:52:05,332:INFO: - Eval metrics : accuracytop1: 0.114 ; accuracytop5: 0.504 ; loss: 2.199 ; ls_all: 2.199 ; ls_CE: 2.199
2021-07-08 04:52:05,692:INFO: Epoch 44/200
2021-07-08 04:52:06,237:INFO: - Train metrics: accuracytop1: 0.141 ; accuracytop5: 0.603 ; loss: 2.219 ; ls_all: 2.219 ; ls_CE: 2.219
2021-07-08 04:52:06,745:INFO: - Eval metrics : accuracytop1: 0.119 ; accuracytop5: 0.504 ; loss: 2.199 ; ls_all: 2.199 ; ls_CE: 2.199
2021-07-08 04:52:07,011:INFO: Epoch 45/200
2021-07-08 04:52:07,557:INFO: - Train metrics: accuracytop1: 0.131 ; accuracytop5: 0.617 ; loss: 2.213 ; ls_all: 2.213 ; ls_CE: 2.213
2021-07-08 04:52:07,968:INFO: - Eval metrics : accuracytop1: 0.114 ; accuracytop5: 0.510 ; loss: 2.198 ; ls_all: 2.198 ; ls_CE: 2.198
2021-07-08 04:52:08,196:INFO: Epoch 46/200
2021-07-08 04:52:08,744:INFO: - Train metrics: accuracytop1: 0.126 ; accuracytop5: 0.662 ; loss: 2.203 ; ls_all: 2.203 ; ls_CE: 2.203
2021-07-08 04:52:09,153:INFO: - Eval metrics : accuracytop1: 0.109 ; accuracytop5: 0.498 ; loss: 2.198 ; ls_all: 2.198 ; ls_CE: 2.198
2021-07-08 04:52:09,391:INFO: Epoch 47/200
2021-07-08 04:52:09,936:INFO: - Train metrics: accuracytop1: 0.114 ; accuracytop5: 0.618 ; loss: 2.220 ; ls_all: 2.220 ; ls_CE: 2.220
2021-07-08 04:52:10,347:INFO: - Eval metrics : accuracytop1: 0.109 ; accuracytop5: 0.504 ; loss: 2.199 ; ls_all: 2.199 ; ls_CE: 2.199
2021-07-08 04:52:10,571:INFO: Epoch 48/200
2021-07-08 04:52:11,120:INFO: - Train metrics: accuracytop1: 0.109 ; accuracytop5: 0.638 ; loss: 2.193 ; ls_all: 2.193 ; ls_CE: 2.193
2021-07-08 04:52:11,531:INFO: - Eval metrics : accuracytop1: 0.114 ; accuracytop5: 0.504 ; loss: 2.200 ; ls_all: 2.200 ; ls_CE: 2.200
2021-07-08 04:52:11,868:INFO: Epoch 49/200
2021-07-08 04:52:12,409:INFO: - Train metrics: accuracytop1: 0.117 ; accuracytop5: 0.630 ; loss: 2.205 ; ls_all: 2.205 ; ls_CE: 2.205
2021-07-08 04:52:12,822:INFO: - Eval metrics : accuracytop1: 0.114 ; accuracytop5: 0.504 ; loss: 2.199 ; ls_all: 2.199 ; ls_CE: 2.199
2021-07-08 04:52:13,045:INFO: Epoch 50/200
2021-07-08 04:52:13,590:INFO: - Train metrics: accuracytop1: 0.135 ; accuracytop5: 0.623 ; loss: 2.190 ; ls_all: 2.190 ; ls_CE: 2.190
2021-07-08 04:52:14,001:INFO: - Eval metrics : accuracytop1: 0.114 ; accuracytop5: 0.504 ; loss: 2.199 ; ls_all: 2.199 ; ls_CE: 2.199
2021-07-08 04:52:14,391:INFO: Epoch 51/200
2021-07-08 04:52:14,937:INFO: - Train metrics: accuracytop1: 0.127 ; accuracytop5: 0.632 ; loss: 2.179 ; ls_all: 2.179 ; ls_CE: 2.179
2021-07-08 04:52:15,350:INFO: - Eval metrics : accuracytop1: 0.114 ; accuracytop5: 0.504 ; loss: 2.199 ; ls_all: 2.199 ; ls_CE: 2.199
2021-07-08 04:52:15,581:INFO: Epoch 52/200
2021-07-08 04:52:16,129:INFO: - Train metrics: accuracytop1: 0.141 ; accuracytop5: 0.641 ; loss: 2.197 ; ls_all: 2.197 ; ls_CE: 2.197
2021-07-08 04:52:16,543:INFO: - Eval metrics : accuracytop1: 0.082 ; accuracytop5: 0.516 ; loss: 2.202 ; ls_all: 2.202 ; ls_CE: 2.202
2021-07-08 04:52:16,922:INFO: Epoch 53/200
2021-07-08 04:52:17,471:INFO: - Train metrics: accuracytop1: 0.166 ; accuracytop5: 0.620 ; loss: 2.205 ; ls_all: 2.205 ; ls_CE: 2.205
2021-07-08 04:52:17,881:INFO: - Eval metrics : accuracytop1: 0.120 ; accuracytop5: 0.504 ; loss: 2.199 ; ls_all: 2.199 ; ls_CE: 2.199
2021-07-08 04:52:18,110:INFO: Epoch 54/200
2021-07-08 04:52:18,653:INFO: - Train metrics: accuracytop1: 0.159 ; accuracytop5: 0.671 ; loss: 2.174 ; ls_all: 2.174 ; ls_CE: 2.174
2021-07-08 04:52:19,065:INFO: - Eval metrics : accuracytop1: 0.119 ; accuracytop5: 0.504 ; loss: 2.199 ; ls_all: 2.199 ; ls_CE: 2.199
2021-07-08 04:52:19,289:INFO: Epoch 55/200
2021-07-08 04:52:19,851:INFO: - Train metrics: accuracytop1: 0.127 ; accuracytop5: 0.641 ; loss: 2.200 ; ls_all: 2.200 ; ls_CE: 2.200
2021-07-08 04:52:20,263:INFO: - Eval metrics : accuracytop1: 0.114 ; accuracytop5: 0.498 ; loss: 2.201 ; ls_all: 2.201 ; ls_CE: 2.201
2021-07-08 04:52:20,554:INFO: Epoch 56/200
2021-07-08 04:52:21,102:INFO: - Train metrics: accuracytop1: 0.121 ; accuracytop5: 0.638 ; loss: 2.185 ; ls_all: 2.185 ; ls_CE: 2.185
2021-07-08 04:52:21,510:INFO: - Eval metrics : accuracytop1: 0.119 ; accuracytop5: 0.504 ; loss: 2.200 ; ls_all: 2.200 ; ls_CE: 2.200
2021-07-08 04:52:21,745:INFO: Epoch 57/200
2021-07-08 04:52:22,291:INFO: - Train metrics: accuracytop1: 0.119 ; accuracytop5: 0.634 ; loss: 2.198 ; ls_all: 2.198 ; ls_CE: 2.198
2021-07-08 04:52:22,700:INFO: - Eval metrics : accuracytop1: 0.109 ; accuracytop5: 0.504 ; loss: 2.200 ; ls_all: 2.200 ; ls_CE: 2.200
2021-07-08 04:52:22,941:INFO: Epoch 58/200
2021-07-08 04:52:23,487:INFO: - Train metrics: accuracytop1: 0.155 ; accuracytop5: 0.654 ; loss: 2.190 ; ls_all: 2.190 ; ls_CE: 2.190
2021-07-08 04:52:23,900:INFO: - Eval metrics : accuracytop1: 0.092 ; accuracytop5: 0.504 ; loss: 2.203 ; ls_all: 2.203 ; ls_CE: 2.203
2021-07-08 04:52:24,146:INFO: Epoch 59/200
2021-07-08 04:52:24,687:INFO: - Train metrics: accuracytop1: 0.130 ; accuracytop5: 0.640 ; loss: 2.193 ; ls_all: 2.193 ; ls_CE: 2.193
2021-07-08 04:52:25,097:INFO: - Eval metrics : accuracytop1: 0.092 ; accuracytop5: 0.504 ; loss: 2.203 ; ls_all: 2.203 ; ls_CE: 2.203
2021-07-08 04:52:25,327:INFO: Epoch 60/200
2021-07-08 04:52:25,866:INFO: - Train metrics: accuracytop1: 0.164 ; accuracytop5: 0.640 ; loss: 2.197 ; ls_all: 2.197 ; ls_CE: 2.197
2021-07-08 04:52:26,265:INFO: - Eval metrics : accuracytop1: 0.091 ; accuracytop5: 0.509 ; loss: 2.201 ; ls_all: 2.201 ; ls_CE: 2.201
2021-07-08 04:52:26,503:INFO: Epoch 61/200
2021-07-08 04:52:27,048:INFO: - Train metrics: accuracytop1: 0.138 ; accuracytop5: 0.621 ; loss: 2.220 ; ls_all: 2.220 ; ls_CE: 2.220
2021-07-08 04:52:27,459:INFO: - Eval metrics : accuracytop1: 0.114 ; accuracytop5: 0.509 ; loss: 2.200 ; ls_all: 2.200 ; ls_CE: 2.200
2021-07-08 04:52:27,688:INFO: Epoch 62/200
2021-07-08 04:52:28,235:INFO: - Train metrics: accuracytop1: 0.139 ; accuracytop5: 0.650 ; loss: 2.182 ; ls_all: 2.182 ; ls_CE: 2.182
2021-07-08 04:52:28,648:INFO: - Eval metrics : accuracytop1: 0.134 ; accuracytop5: 0.504 ; loss: 2.200 ; ls_all: 2.200 ; ls_CE: 2.200
2021-07-08 04:52:28,874:INFO: Epoch 63/200
2021-07-08 04:52:29,420:INFO: - Train metrics: accuracytop1: 0.133 ; accuracytop5: 0.649 ; loss: 2.181 ; ls_all: 2.181 ; ls_CE: 2.181
2021-07-08 04:52:29,833:INFO: - Eval metrics : accuracytop1: 0.090 ; accuracytop5: 0.504 ; loss: 2.199 ; ls_all: 2.199 ; ls_CE: 2.199
2021-07-08 04:52:30,082:INFO: Epoch 64/200
2021-07-08 04:52:30,634:INFO: - Train metrics: accuracytop1: 0.142 ; accuracytop5: 0.647 ; loss: 2.184 ; ls_all: 2.184 ; ls_CE: 2.184
2021-07-08 04:52:31,045:INFO: - Eval metrics : accuracytop1: 0.090 ; accuracytop5: 0.504 ; loss: 2.199 ; ls_all: 2.199 ; ls_CE: 2.199
2021-07-08 04:52:31,268:INFO: Epoch 65/200
2021-07-08 04:52:31,823:INFO: - Train metrics: accuracytop1: 0.152 ; accuracytop5: 0.648 ; loss: 2.185 ; ls_all: 2.185 ; ls_CE: 2.185
2021-07-08 04:52:32,224:INFO: - Eval metrics : accuracytop1: 0.124 ; accuracytop5: 0.509 ; loss: 2.199 ; ls_all: 2.199 ; ls_CE: 2.199
2021-07-08 04:52:32,714:INFO: Epoch 66/200
2021-07-08 04:52:33,260:INFO: - Train metrics: accuracytop1: 0.144 ; accuracytop5: 0.655 ; loss: 2.184 ; ls_all: 2.184 ; ls_CE: 2.184
2021-07-08 04:52:33,669:INFO: - Eval metrics : accuracytop1: 0.108 ; accuracytop5: 0.578 ; loss: 2.196 ; ls_all: 2.196 ; ls_CE: 2.196
2021-07-08 04:52:33,898:INFO: Epoch 67/200
2021-07-08 04:52:34,446:INFO: - Train metrics: accuracytop1: 0.153 ; accuracytop5: 0.661 ; loss: 2.188 ; ls_all: 2.188 ; ls_CE: 2.188
2021-07-08 04:52:34,859:INFO: - Eval metrics : accuracytop1: 0.114 ; accuracytop5: 0.609 ; loss: 2.194 ; ls_all: 2.194 ; ls_CE: 2.194
2021-07-08 04:52:35,086:INFO: Epoch 68/200
2021-07-08 04:52:35,629:INFO: - Train metrics: accuracytop1: 0.149 ; accuracytop5: 0.641 ; loss: 2.180 ; ls_all: 2.180 ; ls_CE: 2.180
2021-07-08 04:52:36,040:INFO: - Eval metrics : accuracytop1: 0.124 ; accuracytop5: 0.515 ; loss: 2.199 ; ls_all: 2.199 ; ls_CE: 2.199
2021-07-08 04:52:36,268:INFO: Epoch 69/200
2021-07-08 04:52:36,824:INFO: - Train metrics: accuracytop1: 0.125 ; accuracytop5: 0.639 ; loss: 2.185 ; ls_all: 2.185 ; ls_CE: 2.185
2021-07-08 04:52:37,226:INFO: - Eval metrics : accuracytop1: 0.119 ; accuracytop5: 0.504 ; loss: 2.202 ; ls_all: 2.202 ; ls_CE: 2.202
2021-07-08 04:52:37,526:INFO: Epoch 70/200
2021-07-08 04:52:38,070:INFO: - Train metrics: accuracytop1: 0.123 ; accuracytop5: 0.628 ; loss: 2.177 ; ls_all: 2.177 ; ls_CE: 2.177
2021-07-08 04:52:38,482:INFO: - Eval metrics : accuracytop1: 0.125 ; accuracytop5: 0.504 ; loss: 2.205 ; ls_all: 2.205 ; ls_CE: 2.205
2021-07-08 04:52:38,742:INFO: Epoch 71/200
2021-07-08 04:52:39,289:INFO: - Train metrics: accuracytop1: 0.144 ; accuracytop5: 0.659 ; loss: 2.177 ; ls_all: 2.177 ; ls_CE: 2.177
2021-07-08 04:52:39,700:INFO: - Eval metrics : accuracytop1: 0.114 ; accuracytop5: 0.509 ; loss: 2.205 ; ls_all: 2.205 ; ls_CE: 2.205
2021-07-08 04:52:39,951:INFO: Epoch 72/200
2021-07-08 04:52:40,498:INFO: - Train metrics: accuracytop1: 0.144 ; accuracytop5: 0.669 ; loss: 2.178 ; ls_all: 2.178 ; ls_CE: 2.178
2021-07-08 04:52:40,908:INFO: - Eval metrics : accuracytop1: 0.109 ; accuracytop5: 0.509 ; loss: 2.207 ; ls_all: 2.207 ; ls_CE: 2.207
2021-07-08 04:52:41,140:INFO: Epoch 73/200
2021-07-08 04:52:41,684:INFO: - Train metrics: accuracytop1: 0.130 ; accuracytop5: 0.663 ; loss: 2.188 ; ls_all: 2.188 ; ls_CE: 2.188
2021-07-08 04:52:42,095:INFO: - Eval metrics : accuracytop1: 0.119 ; accuracytop5: 0.509 ; loss: 2.206 ; ls_all: 2.206 ; ls_CE: 2.206
2021-07-08 04:52:42,448:INFO: Epoch 74/200
2021-07-08 04:52:42,994:INFO: - Train metrics: accuracytop1: 0.112 ; accuracytop5: 0.660 ; loss: 2.174 ; ls_all: 2.174 ; ls_CE: 2.174
2021-07-08 04:52:43,406:INFO: - Eval metrics : accuracytop1: 0.092 ; accuracytop5: 0.509 ; loss: 2.209 ; ls_all: 2.209 ; ls_CE: 2.209
2021-07-08 04:52:43,665:INFO: Epoch 75/200
2021-07-08 04:52:44,207:INFO: - Train metrics: accuracytop1: 0.114 ; accuracytop5: 0.623 ; loss: 2.210 ; ls_all: 2.210 ; ls_CE: 2.210
2021-07-08 04:52:44,616:INFO: - Eval metrics : accuracytop1: 0.097 ; accuracytop5: 0.509 ; loss: 2.210 ; ls_all: 2.210 ; ls_CE: 2.210
2021-07-08 04:52:44,845:INFO: Epoch 76/200
2021-07-08 04:52:45,389:INFO: - Train metrics: accuracytop1: 0.130 ; accuracytop5: 0.648 ; loss: 2.174 ; ls_all: 2.174 ; ls_CE: 2.174
2021-07-08 04:52:45,789:INFO: - Eval metrics : accuracytop1: 0.096 ; accuracytop5: 0.509 ; loss: 2.209 ; ls_all: 2.209 ; ls_CE: 2.209
2021-07-08 04:52:46,108:INFO: Epoch 77/200
2021-07-08 04:52:46,653:INFO: - Train metrics: accuracytop1: 0.126 ; accuracytop5: 0.643 ; loss: 2.180 ; ls_all: 2.180 ; ls_CE: 2.180
2021-07-08 04:52:47,064:INFO: - Eval metrics : accuracytop1: 0.096 ; accuracytop5: 0.509 ; loss: 2.211 ; ls_all: 2.211 ; ls_CE: 2.211
2021-07-08 04:52:47,325:INFO: Epoch 78/200
2021-07-08 04:52:47,866:INFO: - Train metrics: accuracytop1: 0.124 ; accuracytop5: 0.652 ; loss: 2.179 ; ls_all: 2.179 ; ls_CE: 2.179
2021-07-08 04:52:48,263:INFO: - Eval metrics : accuracytop1: 0.096 ; accuracytop5: 0.509 ; loss: 2.214 ; ls_all: 2.214 ; ls_CE: 2.214
2021-07-08 04:52:48,505:INFO: Epoch 79/200
2021-07-08 04:52:49,053:INFO: - Train metrics: accuracytop1: 0.126 ; accuracytop5: 0.649 ; loss: 2.179 ; ls_all: 2.179 ; ls_CE: 2.179
2021-07-08 04:52:49,465:INFO: - Eval metrics : accuracytop1: 0.096 ; accuracytop5: 0.509 ; loss: 2.207 ; ls_all: 2.207 ; ls_CE: 2.207
2021-07-08 04:52:49,715:INFO: Epoch 80/200
2021-07-08 04:52:50,261:INFO: - Train metrics: accuracytop1: 0.137 ; accuracytop5: 0.642 ; loss: 2.190 ; ls_all: 2.190 ; ls_CE: 2.190
2021-07-08 04:52:50,674:INFO: - Eval metrics : accuracytop1: 0.096 ; accuracytop5: 0.509 ; loss: 2.205 ; ls_all: 2.205 ; ls_CE: 2.205
2021-07-08 04:52:50,916:INFO: Epoch 81/200
2021-07-08 04:52:51,459:INFO: - Train metrics: accuracytop1: 0.131 ; accuracytop5: 0.659 ; loss: 2.179 ; ls_all: 2.179 ; ls_CE: 2.179
2021-07-08 04:52:51,871:INFO: - Eval metrics : accuracytop1: 0.096 ; accuracytop5: 0.509 ; loss: 2.201 ; ls_all: 2.201 ; ls_CE: 2.201
2021-07-08 04:52:52,132:INFO: Epoch 82/200
2021-07-08 04:52:52,674:INFO: - Train metrics: accuracytop1: 0.117 ; accuracytop5: 0.643 ; loss: 2.191 ; ls_all: 2.191 ; ls_CE: 2.191
2021-07-08 04:52:53,085:INFO: - Eval metrics : accuracytop1: 0.096 ; accuracytop5: 0.509 ; loss: 2.200 ; ls_all: 2.200 ; ls_CE: 2.200
2021-07-08 04:52:53,326:INFO: Epoch 83/200
2021-07-08 04:52:53,868:INFO: - Train metrics: accuracytop1: 0.136 ; accuracytop5: 0.648 ; loss: 2.180 ; ls_all: 2.180 ; ls_CE: 2.180
2021-07-08 04:52:54,276:INFO: - Eval metrics : accuracytop1: 0.096 ; accuracytop5: 0.509 ; loss: 2.200 ; ls_all: 2.200 ; ls_CE: 2.200
2021-07-08 04:52:54,653:INFO: Epoch 84/200
2021-07-08 04:52:55,196:INFO: - Train metrics: accuracytop1: 0.137 ; accuracytop5: 0.661 ; loss: 2.184 ; ls_all: 2.184 ; ls_CE: 2.184
2021-07-08 04:52:55,687:INFO: - Eval metrics : accuracytop1: 0.096 ; accuracytop5: 0.509 ; loss: 2.200 ; ls_all: 2.200 ; ls_CE: 2.200
2021-07-08 04:52:55,962:INFO: Epoch 85/200
2021-07-08 04:52:56,507:INFO: - Train metrics: accuracytop1: 0.136 ; accuracytop5: 0.662 ; loss: 2.180 ; ls_all: 2.180 ; ls_CE: 2.180
2021-07-08 04:52:56,916:INFO: - Eval metrics : accuracytop1: 0.096 ; accuracytop5: 0.509 ; loss: 2.201 ; ls_all: 2.201 ; ls_CE: 2.201
2021-07-08 04:52:57,146:INFO: Epoch 86/200
2021-07-08 04:52:57,688:INFO: - Train metrics: accuracytop1: 0.149 ; accuracytop5: 0.650 ; loss: 2.172 ; ls_all: 2.172 ; ls_CE: 2.172
2021-07-08 04:52:58,101:INFO: - Eval metrics : accuracytop1: 0.118 ; accuracytop5: 0.509 ; loss: 2.204 ; ls_all: 2.204 ; ls_CE: 2.204
2021-07-08 04:52:58,331:INFO: Epoch 87/200
2021-07-08 04:52:58,872:INFO: - Train metrics: accuracytop1: 0.128 ; accuracytop5: 0.650 ; loss: 2.179 ; ls_all: 2.179 ; ls_CE: 2.179
2021-07-08 04:52:59,275:INFO: - Eval metrics : accuracytop1: 0.128 ; accuracytop5: 0.509 ; loss: 2.206 ; ls_all: 2.206 ; ls_CE: 2.206
2021-07-08 04:52:59,525:INFO: Epoch 88/200
2021-07-08 04:53:00,082:INFO: - Train metrics: accuracytop1: 0.139 ; accuracytop5: 0.644 ; loss: 2.185 ; ls_all: 2.185 ; ls_CE: 2.185
2021-07-08 04:53:00,527:INFO: - Eval metrics : accuracytop1: 0.107 ; accuracytop5: 0.509 ; loss: 2.207 ; ls_all: 2.207 ; ls_CE: 2.207
2021-07-08 04:53:00,970:INFO: Epoch 89/200
2021-07-08 04:53:01,522:INFO: - Train metrics: accuracytop1: 0.125 ; accuracytop5: 0.657 ; loss: 2.180 ; ls_all: 2.180 ; ls_CE: 2.180
2021-07-08 04:53:01,943:INFO: - Eval metrics : accuracytop1: 0.096 ; accuracytop5: 0.509 ; loss: 2.205 ; ls_all: 2.205 ; ls_CE: 2.205
2021-07-08 04:53:02,169:INFO: Epoch 90/200
2021-07-08 04:53:02,716:INFO: - Train metrics: accuracytop1: 0.144 ; accuracytop5: 0.658 ; loss: 2.176 ; ls_all: 2.176 ; ls_CE: 2.176
2021-07-08 04:53:03,126:INFO: - Eval metrics : accuracytop1: 0.096 ; accuracytop5: 0.509 ; loss: 2.204 ; ls_all: 2.204 ; ls_CE: 2.204
2021-07-08 04:53:03,357:INFO: Epoch 91/200
2021-07-08 04:53:03,898:INFO: - Train metrics: accuracytop1: 0.150 ; accuracytop5: 0.649 ; loss: 2.178 ; ls_all: 2.178 ; ls_CE: 2.178
2021-07-08 04:53:04,301:INFO: - Eval metrics : accuracytop1: 0.096 ; accuracytop5: 0.509 ; loss: 2.203 ; ls_all: 2.203 ; ls_CE: 2.203
2021-07-08 04:53:04,549:INFO: Epoch 92/200
2021-07-08 04:53:05,094:INFO: - Train metrics: accuracytop1: 0.154 ; accuracytop5: 0.661 ; loss: 2.170 ; ls_all: 2.170 ; ls_CE: 2.170
2021-07-08 04:53:05,504:INFO: - Eval metrics : accuracytop1: 0.096 ; accuracytop5: 0.509 ; loss: 2.203 ; ls_all: 2.203 ; ls_CE: 2.203
2021-07-08 04:53:05,757:INFO: Epoch 93/200
2021-07-08 04:53:06,373:INFO: - Train metrics: accuracytop1: 0.158 ; accuracytop5: 0.650 ; loss: 2.174 ; ls_all: 2.174 ; ls_CE: 2.174
2021-07-08 04:53:06,795:INFO: - Eval metrics : accuracytop1: 0.118 ; accuracytop5: 0.509 ; loss: 2.205 ; ls_all: 2.205 ; ls_CE: 2.205
2021-07-08 04:53:07,030:INFO: Epoch 94/200
2021-07-08 04:53:07,574:INFO: - Train metrics: accuracytop1: 0.142 ; accuracytop5: 0.654 ; loss: 2.172 ; ls_all: 2.172 ; ls_CE: 2.172
2021-07-08 04:53:07,985:INFO: - Eval metrics : accuracytop1: 0.113 ; accuracytop5: 0.509 ; loss: 2.206 ; ls_all: 2.206 ; ls_CE: 2.206
2021-07-08 04:53:08,215:INFO: Epoch 95/200
2021-07-08 04:53:08,761:INFO: - Train metrics: accuracytop1: 0.130 ; accuracytop5: 0.644 ; loss: 2.184 ; ls_all: 2.184 ; ls_CE: 2.184
2021-07-08 04:53:09,273:INFO: - Eval metrics : accuracytop1: 0.102 ; accuracytop5: 0.509 ; loss: 2.206 ; ls_all: 2.206 ; ls_CE: 2.206
2021-07-08 04:53:09,543:INFO: Epoch 96/200
2021-07-08 04:53:10,093:INFO: - Train metrics: accuracytop1: 0.147 ; accuracytop5: 0.655 ; loss: 2.174 ; ls_all: 2.174 ; ls_CE: 2.174
2021-07-08 04:53:10,503:INFO: - Eval metrics : accuracytop1: 0.108 ; accuracytop5: 0.509 ; loss: 2.205 ; ls_all: 2.205 ; ls_CE: 2.205
2021-07-08 04:53:10,731:INFO: Epoch 97/200
2021-07-08 04:53:11,278:INFO: - Train metrics: accuracytop1: 0.158 ; accuracytop5: 0.647 ; loss: 2.179 ; ls_all: 2.179 ; ls_CE: 2.179
2021-07-08 04:53:11,698:INFO: - Eval metrics : accuracytop1: 0.109 ; accuracytop5: 0.509 ; loss: 2.205 ; ls_all: 2.205 ; ls_CE: 2.205
2021-07-08 04:53:11,951:INFO: Epoch 98/200
2021-07-08 04:53:12,497:INFO: - Train metrics: accuracytop1: 0.158 ; accuracytop5: 0.650 ; loss: 2.175 ; ls_all: 2.175 ; ls_CE: 2.175
2021-07-08 04:53:12,907:INFO: - Eval metrics : accuracytop1: 0.103 ; accuracytop5: 0.509 ; loss: 2.205 ; ls_all: 2.205 ; ls_CE: 2.205
2021-07-08 04:53:13,136:INFO: Epoch 99/200
2021-07-08 04:53:13,683:INFO: - Train metrics: accuracytop1: 0.154 ; accuracytop5: 0.641 ; loss: 2.184 ; ls_all: 2.184 ; ls_CE: 2.184
2021-07-08 04:53:14,094:INFO: - Eval metrics : accuracytop1: 0.113 ; accuracytop5: 0.509 ; loss: 2.205 ; ls_all: 2.205 ; ls_CE: 2.205
2021-07-08 04:53:14,325:INFO: Epoch 100/200
2021-07-08 04:53:14,921:INFO: - Train metrics: accuracytop1: 0.128 ; accuracytop5: 0.651 ; loss: 2.178 ; ls_all: 2.178 ; ls_CE: 2.178
2021-07-08 04:53:15,354:INFO: - Eval metrics : accuracytop1: 0.102 ; accuracytop5: 0.509 ; loss: 2.207 ; ls_all: 2.207 ; ls_CE: 2.207
2021-07-08 04:53:15,759:INFO: Epoch 101/200
2021-07-08 04:53:16,305:INFO: - Train metrics: accuracytop1: 0.134 ; accuracytop5: 0.651 ; loss: 2.173 ; ls_all: 2.173 ; ls_CE: 2.173
2021-07-08 04:53:16,714:INFO: - Eval metrics : accuracytop1: 0.097 ; accuracytop5: 0.509 ; loss: 2.212 ; ls_all: 2.212 ; ls_CE: 2.212
2021-07-08 04:53:17,008:INFO: Epoch 102/200
2021-07-08 04:53:17,552:INFO: - Train metrics: accuracytop1: 0.159 ; accuracytop5: 0.652 ; loss: 2.179 ; ls_all: 2.179 ; ls_CE: 2.179
2021-07-08 04:53:17,964:INFO: - Eval metrics : accuracytop1: 0.097 ; accuracytop5: 0.509 ; loss: 2.212 ; ls_all: 2.212 ; ls_CE: 2.212
2021-07-08 04:53:18,399:INFO: Epoch 103/200
2021-07-08 04:53:18,945:INFO: - Train metrics: accuracytop1: 0.143 ; accuracytop5: 0.640 ; loss: 2.167 ; ls_all: 2.167 ; ls_CE: 2.167
2021-07-08 04:53:19,354:INFO: - Eval metrics : accuracytop1: 0.097 ; accuracytop5: 0.509 ; loss: 2.210 ; ls_all: 2.210 ; ls_CE: 2.210
2021-07-08 04:53:19,605:INFO: Epoch 104/200
2021-07-08 04:53:20,158:INFO: - Train metrics: accuracytop1: 0.162 ; accuracytop5: 0.640 ; loss: 2.177 ; ls_all: 2.177 ; ls_CE: 2.177
2021-07-08 04:53:20,568:INFO: - Eval metrics : accuracytop1: 0.102 ; accuracytop5: 0.509 ; loss: 2.208 ; ls_all: 2.208 ; ls_CE: 2.208
2021-07-08 04:53:20,830:INFO: Epoch 105/200
2021-07-08 04:53:21,375:INFO: - Train metrics: accuracytop1: 0.140 ; accuracytop5: 0.649 ; loss: 2.189 ; ls_all: 2.189 ; ls_CE: 2.189
2021-07-08 04:53:21,777:INFO: - Eval metrics : accuracytop1: 0.102 ; accuracytop5: 0.509 ; loss: 2.206 ; ls_all: 2.206 ; ls_CE: 2.206
2021-07-08 04:53:22,074:INFO: Epoch 106/200
2021-07-08 04:53:22,627:INFO: - Train metrics: accuracytop1: 0.155 ; accuracytop5: 0.646 ; loss: 2.182 ; ls_all: 2.182 ; ls_CE: 2.182
2021-07-08 04:53:23,050:INFO: - Eval metrics : accuracytop1: 0.107 ; accuracytop5: 0.509 ; loss: 2.204 ; ls_all: 2.204 ; ls_CE: 2.204
2021-07-08 04:53:23,289:INFO: Epoch 107/200
2021-07-08 04:53:23,843:INFO: - Train metrics: accuracytop1: 0.131 ; accuracytop5: 0.644 ; loss: 2.180 ; ls_all: 2.180 ; ls_CE: 2.180
2021-07-08 04:53:24,247:INFO: - Eval metrics : accuracytop1: 0.102 ; accuracytop5: 0.509 ; loss: 2.203 ; ls_all: 2.203 ; ls_CE: 2.203
2021-07-08 04:53:24,613:INFO: Epoch 108/200
2021-07-08 04:53:25,157:INFO: - Train metrics: accuracytop1: 0.127 ; accuracytop5: 0.642 ; loss: 2.173 ; ls_all: 2.173 ; ls_CE: 2.173
2021-07-08 04:53:25,569:INFO: - Eval metrics : accuracytop1: 0.108 ; accuracytop5: 0.509 ; loss: 2.203 ; ls_all: 2.203 ; ls_CE: 2.203
2021-07-08 04:53:25,822:INFO: Epoch 109/200
2021-07-08 04:53:26,362:INFO: - Train metrics: accuracytop1: 0.126 ; accuracytop5: 0.641 ; loss: 2.179 ; ls_all: 2.179 ; ls_CE: 2.179
2021-07-08 04:53:26,766:INFO: - Eval metrics : accuracytop1: 0.113 ; accuracytop5: 0.509 ; loss: 2.204 ; ls_all: 2.204 ; ls_CE: 2.204
2021-07-08 04:53:27,002:INFO: Epoch 110/200
2021-07-08 04:53:27,545:INFO: - Train metrics: accuracytop1: 0.149 ; accuracytop5: 0.648 ; loss: 2.174 ; ls_all: 2.174 ; ls_CE: 2.174
2021-07-08 04:53:27,955:INFO: - Eval metrics : accuracytop1: 0.108 ; accuracytop5: 0.509 ; loss: 2.205 ; ls_all: 2.205 ; ls_CE: 2.205
2021-07-08 04:53:28,246:INFO: Epoch 111/200
2021-07-08 04:53:28,824:INFO: - Train metrics: accuracytop1: 0.122 ; accuracytop5: 0.640 ; loss: 2.187 ; ls_all: 2.187 ; ls_CE: 2.187
2021-07-08 04:53:29,243:INFO: - Eval metrics : accuracytop1: 0.108 ; accuracytop5: 0.509 ; loss: 2.204 ; ls_all: 2.204 ; ls_CE: 2.204
2021-07-08 04:53:29,488:INFO: Epoch 112/200
2021-07-08 04:53:30,177:INFO: - Train metrics: accuracytop1: 0.134 ; accuracytop5: 0.640 ; loss: 2.165 ; ls_all: 2.165 ; ls_CE: 2.165
2021-07-08 04:53:30,606:INFO: - Eval metrics : accuracytop1: 0.113 ; accuracytop5: 0.509 ; loss: 2.205 ; ls_all: 2.205 ; ls_CE: 2.205
2021-07-08 04:53:30,840:INFO: Epoch 113/200
2021-07-08 04:53:31,385:INFO: - Train metrics: accuracytop1: 0.116 ; accuracytop5: 0.649 ; loss: 2.178 ; ls_all: 2.178 ; ls_CE: 2.178
2021-07-08 04:53:31,884:INFO: - Eval metrics : accuracytop1: 0.113 ; accuracytop5: 0.509 ; loss: 2.206 ; ls_all: 2.206 ; ls_CE: 2.206
2021-07-08 04:53:32,174:INFO: Epoch 114/200
2021-07-08 04:53:32,716:INFO: - Train metrics: accuracytop1: 0.137 ; accuracytop5: 0.659 ; loss: 2.184 ; ls_all: 2.184 ; ls_CE: 2.184
2021-07-08 04:53:33,127:INFO: - Eval metrics : accuracytop1: 0.113 ; accuracytop5: 0.509 ; loss: 2.206 ; ls_all: 2.206 ; ls_CE: 2.206
2021-07-08 04:53:33,436:INFO: Epoch 115/200
2021-07-08 04:53:33,980:INFO: - Train metrics: accuracytop1: 0.144 ; accuracytop5: 0.651 ; loss: 2.181 ; ls_all: 2.181 ; ls_CE: 2.181
2021-07-08 04:53:34,393:INFO: - Eval metrics : accuracytop1: 0.113 ; accuracytop5: 0.509 ; loss: 2.206 ; ls_all: 2.206 ; ls_CE: 2.206
2021-07-08 04:53:34,840:INFO: Epoch 116/200
2021-07-08 04:53:35,384:INFO: - Train metrics: accuracytop1: 0.155 ; accuracytop5: 0.661 ; loss: 2.176 ; ls_all: 2.176 ; ls_CE: 2.176
2021-07-08 04:53:35,785:INFO: - Eval metrics : accuracytop1: 0.124 ; accuracytop5: 0.509 ; loss: 2.207 ; ls_all: 2.207 ; ls_CE: 2.207
2021-07-08 04:53:36,040:INFO: Epoch 117/200
2021-07-08 04:53:36,588:INFO: - Train metrics: accuracytop1: 0.153 ; accuracytop5: 0.647 ; loss: 2.166 ; ls_all: 2.166 ; ls_CE: 2.166
2021-07-08 04:53:37,000:INFO: - Eval metrics : accuracytop1: 0.124 ; accuracytop5: 0.509 ; loss: 2.207 ; ls_all: 2.207 ; ls_CE: 2.207
2021-07-08 04:53:37,240:INFO: Epoch 118/200
2021-07-08 04:53:37,786:INFO: - Train metrics: accuracytop1: 0.139 ; accuracytop5: 0.642 ; loss: 2.177 ; ls_all: 2.177 ; ls_CE: 2.177
2021-07-08 04:53:38,198:INFO: - Eval metrics : accuracytop1: 0.113 ; accuracytop5: 0.509 ; loss: 2.207 ; ls_all: 2.207 ; ls_CE: 2.207
2021-07-08 04:53:38,484:INFO: Epoch 119/200
2021-07-08 04:53:39,029:INFO: - Train metrics: accuracytop1: 0.139 ; accuracytop5: 0.645 ; loss: 2.191 ; ls_all: 2.191 ; ls_CE: 2.191
2021-07-08 04:53:39,440:INFO: - Eval metrics : accuracytop1: 0.107 ; accuracytop5: 0.509 ; loss: 2.206 ; ls_all: 2.206 ; ls_CE: 2.206
2021-07-08 04:53:39,692:INFO: Epoch 120/200
2021-07-08 04:53:40,237:INFO: - Train metrics: accuracytop1: 0.122 ; accuracytop5: 0.656 ; loss: 2.175 ; ls_all: 2.175 ; ls_CE: 2.175
2021-07-08 04:53:40,645:INFO: - Eval metrics : accuracytop1: 0.113 ; accuracytop5: 0.509 ; loss: 2.204 ; ls_all: 2.204 ; ls_CE: 2.204
2021-07-08 04:53:40,899:INFO: Epoch 121/200
2021-07-08 04:53:41,493:INFO: - Train metrics: accuracytop1: 0.131 ; accuracytop5: 0.654 ; loss: 2.182 ; ls_all: 2.182 ; ls_CE: 2.182
2021-07-08 04:53:41,922:INFO: - Eval metrics : accuracytop1: 0.129 ; accuracytop5: 0.509 ; loss: 2.203 ; ls_all: 2.203 ; ls_CE: 2.203
2021-07-08 04:53:42,164:INFO: Epoch 122/200
2021-07-08 04:53:42,708:INFO: - Train metrics: accuracytop1: 0.154 ; accuracytop5: 0.649 ; loss: 2.183 ; ls_all: 2.183 ; ls_CE: 2.183
2021-07-08 04:53:43,119:INFO: - Eval metrics : accuracytop1: 0.118 ; accuracytop5: 0.509 ; loss: 2.203 ; ls_all: 2.203 ; ls_CE: 2.203
2021-07-08 04:53:43,349:INFO: Epoch 123/200
2021-07-08 04:53:43,895:INFO: - Train metrics: accuracytop1: 0.144 ; accuracytop5: 0.647 ; loss: 2.183 ; ls_all: 2.183 ; ls_CE: 2.183
2021-07-08 04:53:44,295:INFO: - Eval metrics : accuracytop1: 0.118 ; accuracytop5: 0.509 ; loss: 2.203 ; ls_all: 2.203 ; ls_CE: 2.203
2021-07-08 04:53:44,556:INFO: Epoch 124/200
2021-07-08 04:53:45,103:INFO: - Train metrics: accuracytop1: 0.135 ; accuracytop5: 0.660 ; loss: 2.171 ; ls_all: 2.171 ; ls_CE: 2.171
2021-07-08 04:53:45,515:INFO: - Eval metrics : accuracytop1: 0.124 ; accuracytop5: 0.509 ; loss: 2.203 ; ls_all: 2.203 ; ls_CE: 2.203
2021-07-08 04:53:45,745:INFO: Epoch 125/200
2021-07-08 04:53:46,291:INFO: - Train metrics: accuracytop1: 0.167 ; accuracytop5: 0.653 ; loss: 2.171 ; ls_all: 2.171 ; ls_CE: 2.171
2021-07-08 04:53:46,700:INFO: - Eval metrics : accuracytop1: 0.113 ; accuracytop5: 0.509 ; loss: 2.203 ; ls_all: 2.203 ; ls_CE: 2.203
2021-07-08 04:53:46,981:INFO: Epoch 126/200
2021-07-08 04:53:47,526:INFO: - Train metrics: accuracytop1: 0.121 ; accuracytop5: 0.650 ; loss: 2.186 ; ls_all: 2.186 ; ls_CE: 2.186
2021-07-08 04:53:47,937:INFO: - Eval metrics : accuracytop1: 0.114 ; accuracytop5: 0.509 ; loss: 2.203 ; ls_all: 2.203 ; ls_CE: 2.203
2021-07-08 04:53:48,172:INFO: Epoch 127/200
2021-07-08 04:53:48,845:INFO: - Train metrics: accuracytop1: 0.140 ; accuracytop5: 0.652 ; loss: 2.180 ; ls_all: 2.180 ; ls_CE: 2.180
2021-07-08 04:53:49,266:INFO: - Eval metrics : accuracytop1: 0.161 ; accuracytop5: 0.509 ; loss: 2.203 ; ls_all: 2.203 ; ls_CE: 2.203
2021-07-08 04:53:49,646:INFO: - Found new best accuracy
2021-07-08 04:53:49,667:INFO: Epoch 128/200
2021-07-08 04:53:50,213:INFO: - Train metrics: accuracytop1: 0.131 ; accuracytop5: 0.649 ; loss: 2.186 ; ls_all: 2.186 ; ls_CE: 2.186
2021-07-08 04:53:50,624:INFO: - Eval metrics : accuracytop1: 0.113 ; accuracytop5: 0.509 ; loss: 2.203 ; ls_all: 2.203 ; ls_CE: 2.203
2021-07-08 04:53:50,863:INFO: Epoch 129/200
2021-07-08 04:53:51,406:INFO: - Train metrics: accuracytop1: 0.129 ; accuracytop5: 0.642 ; loss: 2.178 ; ls_all: 2.178 ; ls_CE: 2.178
2021-07-08 04:53:51,816:INFO: - Eval metrics : accuracytop1: 0.109 ; accuracytop5: 0.509 ; loss: 2.203 ; ls_all: 2.203 ; ls_CE: 2.203
2021-07-08 04:53:52,050:INFO: Epoch 130/200
2021-07-08 04:53:52,595:INFO: - Train metrics: accuracytop1: 0.116 ; accuracytop5: 0.649 ; loss: 2.172 ; ls_all: 2.172 ; ls_CE: 2.172
2021-07-08 04:53:53,006:INFO: - Eval metrics : accuracytop1: 0.109 ; accuracytop5: 0.509 ; loss: 2.203 ; ls_all: 2.203 ; ls_CE: 2.203
2021-07-08 04:53:53,251:INFO: Epoch 131/200
2021-07-08 04:53:53,798:INFO: - Train metrics: accuracytop1: 0.115 ; accuracytop5: 0.656 ; loss: 2.182 ; ls_all: 2.182 ; ls_CE: 2.182
2021-07-08 04:53:54,210:INFO: - Eval metrics : accuracytop1: 0.124 ; accuracytop5: 0.509 ; loss: 2.204 ; ls_all: 2.204 ; ls_CE: 2.204
2021-07-08 04:53:54,455:INFO: Epoch 132/200
2021-07-08 04:53:55,001:INFO: - Train metrics: accuracytop1: 0.133 ; accuracytop5: 0.656 ; loss: 2.181 ; ls_all: 2.181 ; ls_CE: 2.181
2021-07-08 04:53:55,410:INFO: - Eval metrics : accuracytop1: 0.128 ; accuracytop5: 0.509 ; loss: 2.204 ; ls_all: 2.204 ; ls_CE: 2.204
2021-07-08 04:53:55,645:INFO: Epoch 133/200
2021-07-08 04:53:56,192:INFO: - Train metrics: accuracytop1: 0.154 ; accuracytop5: 0.654 ; loss: 2.172 ; ls_all: 2.172 ; ls_CE: 2.172
2021-07-08 04:53:56,602:INFO: - Eval metrics : accuracytop1: 0.133 ; accuracytop5: 0.509 ; loss: 2.205 ; ls_all: 2.205 ; ls_CE: 2.205
2021-07-08 04:53:56,963:INFO: Epoch 134/200
2021-07-08 04:53:57,509:INFO: - Train metrics: accuracytop1: 0.140 ; accuracytop5: 0.640 ; loss: 2.184 ; ls_all: 2.184 ; ls_CE: 2.184
2021-07-08 04:53:57,924:INFO: - Eval metrics : accuracytop1: 0.133 ; accuracytop5: 0.509 ; loss: 2.206 ; ls_all: 2.206 ; ls_CE: 2.206
2021-07-08 04:53:58,169:INFO: Epoch 135/200
2021-07-08 04:53:58,739:INFO: - Train metrics: accuracytop1: 0.147 ; accuracytop5: 0.662 ; loss: 2.177 ; ls_all: 2.177 ; ls_CE: 2.177
2021-07-08 04:53:59,171:INFO: - Eval metrics : accuracytop1: 0.128 ; accuracytop5: 0.509 ; loss: 2.206 ; ls_all: 2.206 ; ls_CE: 2.206
2021-07-08 04:53:59,454:INFO: Epoch 136/200
2021-07-08 04:54:00,000:INFO: - Train metrics: accuracytop1: 0.120 ; accuracytop5: 0.655 ; loss: 2.184 ; ls_all: 2.184 ; ls_CE: 2.184
2021-07-08 04:54:00,412:INFO: - Eval metrics : accuracytop1: 0.101 ; accuracytop5: 0.509 ; loss: 2.205 ; ls_all: 2.205 ; ls_CE: 2.205
2021-07-08 04:54:00,773:INFO: Epoch 137/200
2021-07-08 04:54:01,326:INFO: - Train metrics: accuracytop1: 0.127 ; accuracytop5: 0.645 ; loss: 2.177 ; ls_all: 2.177 ; ls_CE: 2.177
2021-07-08 04:54:01,726:INFO: - Eval metrics : accuracytop1: 0.096 ; accuracytop5: 0.509 ; loss: 2.204 ; ls_all: 2.204 ; ls_CE: 2.204
2021-07-08 04:54:02,009:INFO: Epoch 138/200
2021-07-08 04:54:02,553:INFO: - Train metrics: accuracytop1: 0.141 ; accuracytop5: 0.656 ; loss: 2.179 ; ls_all: 2.179 ; ls_CE: 2.179
2021-07-08 04:54:02,969:INFO: - Eval metrics : accuracytop1: 0.096 ; accuracytop5: 0.509 ; loss: 2.205 ; ls_all: 2.205 ; ls_CE: 2.205
2021-07-08 04:54:03,230:INFO: Epoch 139/200
2021-07-08 04:54:03,773:INFO: - Train metrics: accuracytop1: 0.147 ; accuracytop5: 0.658 ; loss: 2.172 ; ls_all: 2.172 ; ls_CE: 2.172
2021-07-08 04:54:04,184:INFO: - Eval metrics : accuracytop1: 0.101 ; accuracytop5: 0.509 ; loss: 2.205 ; ls_all: 2.205 ; ls_CE: 2.205
2021-07-08 04:54:04,455:INFO: Epoch 140/200
2021-07-08 04:54:05,002:INFO: - Train metrics: accuracytop1: 0.146 ; accuracytop5: 0.645 ; loss: 2.173 ; ls_all: 2.173 ; ls_CE: 2.173
2021-07-08 04:54:05,450:INFO: - Eval metrics : accuracytop1: 0.134 ; accuracytop5: 0.509 ; loss: 2.206 ; ls_all: 2.206 ; ls_CE: 2.206
2021-07-08 04:54:05,722:INFO: Epoch 141/200
2021-07-08 04:54:06,266:INFO: - Train metrics: accuracytop1: 0.142 ; accuracytop5: 0.659 ; loss: 2.168 ; ls_all: 2.168 ; ls_CE: 2.168
2021-07-08 04:54:06,678:INFO: - Eval metrics : accuracytop1: 0.113 ; accuracytop5: 0.509 ; loss: 2.206 ; ls_all: 2.206 ; ls_CE: 2.206
2021-07-08 04:54:06,992:INFO: Epoch 142/200
2021-07-08 04:54:07,536:INFO: - Train metrics: accuracytop1: 0.150 ; accuracytop5: 0.645 ; loss: 2.175 ; ls_all: 2.175 ; ls_CE: 2.175
2021-07-08 04:54:07,946:INFO: - Eval metrics : accuracytop1: 0.113 ; accuracytop5: 0.509 ; loss: 2.206 ; ls_all: 2.206 ; ls_CE: 2.206
2021-07-08 04:54:08,176:INFO: Epoch 143/200
2021-07-08 04:54:08,722:INFO: - Train metrics: accuracytop1: 0.128 ; accuracytop5: 0.653 ; loss: 2.171 ; ls_all: 2.171 ; ls_CE: 2.171
2021-07-08 04:54:09,134:INFO: - Eval metrics : accuracytop1: 0.108 ; accuracytop5: 0.509 ; loss: 2.207 ; ls_all: 2.207 ; ls_CE: 2.207
2021-07-08 04:54:09,369:INFO: Epoch 144/200
2021-07-08 04:54:09,914:INFO: - Train metrics: accuracytop1: 0.147 ; accuracytop5: 0.650 ; loss: 2.178 ; ls_all: 2.178 ; ls_CE: 2.178
2021-07-08 04:54:10,330:INFO: - Eval metrics : accuracytop1: 0.118 ; accuracytop5: 0.509 ; loss: 2.207 ; ls_all: 2.207 ; ls_CE: 2.207
2021-07-08 04:54:10,612:INFO: Epoch 145/200
2021-07-08 04:54:11,158:INFO: - Train metrics: accuracytop1: 0.121 ; accuracytop5: 0.651 ; loss: 2.175 ; ls_all: 2.175 ; ls_CE: 2.175
2021-07-08 04:54:11,569:INFO: - Eval metrics : accuracytop1: 0.150 ; accuracytop5: 0.509 ; loss: 2.206 ; ls_all: 2.206 ; ls_CE: 2.206
2021-07-08 04:54:11,830:INFO: Epoch 146/200
2021-07-08 04:54:12,378:INFO: - Train metrics: accuracytop1: 0.127 ; accuracytop5: 0.649 ; loss: 2.175 ; ls_all: 2.175 ; ls_CE: 2.175
2021-07-08 04:54:12,781:INFO: - Eval metrics : accuracytop1: 0.101 ; accuracytop5: 0.509 ; loss: 2.206 ; ls_all: 2.206 ; ls_CE: 2.206
2021-07-08 04:54:13,028:INFO: Epoch 147/200
2021-07-08 04:54:13,579:INFO: - Train metrics: accuracytop1: 0.123 ; accuracytop5: 0.655 ; loss: 2.175 ; ls_all: 2.175 ; ls_CE: 2.175
2021-07-08 04:54:13,990:INFO: - Eval metrics : accuracytop1: 0.101 ; accuracytop5: 0.509 ; loss: 2.206 ; ls_all: 2.206 ; ls_CE: 2.206
2021-07-08 04:54:14,227:INFO: Epoch 148/200
2021-07-08 04:54:14,775:INFO: - Train metrics: accuracytop1: 0.145 ; accuracytop5: 0.663 ; loss: 2.166 ; ls_all: 2.166 ; ls_CE: 2.166
2021-07-08 04:54:15,188:INFO: - Eval metrics : accuracytop1: 0.101 ; accuracytop5: 0.509 ; loss: 2.206 ; ls_all: 2.206 ; ls_CE: 2.206
2021-07-08 04:54:15,480:INFO: Epoch 149/200
2021-07-08 04:54:16,025:INFO: - Train metrics: accuracytop1: 0.167 ; accuracytop5: 0.653 ; loss: 2.172 ; ls_all: 2.172 ; ls_CE: 2.172
2021-07-08 04:54:16,441:INFO: - Eval metrics : accuracytop1: 0.139 ; accuracytop5: 0.509 ; loss: 2.206 ; ls_all: 2.206 ; ls_CE: 2.206
2021-07-08 04:54:16,720:INFO: Epoch 150/200
2021-07-08 04:54:17,265:INFO: - Train metrics: accuracytop1: 0.152 ; accuracytop5: 0.649 ; loss: 2.191 ; ls_all: 2.191 ; ls_CE: 2.191
2021-07-08 04:54:17,677:INFO: - Eval metrics : accuracytop1: 0.133 ; accuracytop5: 0.509 ; loss: 2.207 ; ls_all: 2.207 ; ls_CE: 2.207
2021-07-08 04:54:18,190:INFO: Epoch 151/200
2021-07-08 04:54:18,736:INFO: - Train metrics: accuracytop1: 0.141 ; accuracytop5: 0.653 ; loss: 2.172 ; ls_all: 2.172 ; ls_CE: 2.172
2021-07-08 04:54:19,145:INFO: - Eval metrics : accuracytop1: 0.128 ; accuracytop5: 0.509 ; loss: 2.207 ; ls_all: 2.207 ; ls_CE: 2.207
2021-07-08 04:54:19,399:INFO: Epoch 152/200
2021-07-08 04:54:19,942:INFO: - Train metrics: accuracytop1: 0.150 ; accuracytop5: 0.658 ; loss: 2.173 ; ls_all: 2.173 ; ls_CE: 2.173
2021-07-08 04:54:20,350:INFO: - Eval metrics : accuracytop1: 0.123 ; accuracytop5: 0.509 ; loss: 2.207 ; ls_all: 2.207 ; ls_CE: 2.207
2021-07-08 04:54:20,601:INFO: Epoch 153/200
2021-07-08 04:54:21,261:INFO: - Train metrics: accuracytop1: 0.130 ; accuracytop5: 0.650 ; loss: 2.179 ; ls_all: 2.179 ; ls_CE: 2.179
2021-07-08 04:54:21,692:INFO: - Eval metrics : accuracytop1: 0.128 ; accuracytop5: 0.509 ; loss: 2.206 ; ls_all: 2.206 ; ls_CE: 2.206
2021-07-08 04:54:21,951:INFO: Epoch 154/200
2021-07-08 04:54:22,496:INFO: - Train metrics: accuracytop1: 0.148 ; accuracytop5: 0.651 ; loss: 2.171 ; ls_all: 2.171 ; ls_CE: 2.171
2021-07-08 04:54:22,907:INFO: - Eval metrics : accuracytop1: 0.128 ; accuracytop5: 0.509 ; loss: 2.206 ; ls_all: 2.206 ; ls_CE: 2.206
2021-07-08 04:54:23,139:INFO: Epoch 155/200
2021-07-08 04:54:23,686:INFO: - Train metrics: accuracytop1: 0.135 ; accuracytop5: 0.655 ; loss: 2.177 ; ls_all: 2.177 ; ls_CE: 2.177
2021-07-08 04:54:24,096:INFO: - Eval metrics : accuracytop1: 0.128 ; accuracytop5: 0.509 ; loss: 2.206 ; ls_all: 2.206 ; ls_CE: 2.206
2021-07-08 04:54:24,330:INFO: Epoch 156/200
2021-07-08 04:54:24,871:INFO: - Train metrics: accuracytop1: 0.146 ; accuracytop5: 0.660 ; loss: 2.166 ; ls_all: 2.166 ; ls_CE: 2.166
2021-07-08 04:54:25,277:INFO: - Eval metrics : accuracytop1: 0.118 ; accuracytop5: 0.509 ; loss: 2.206 ; ls_all: 2.206 ; ls_CE: 2.206
2021-07-08 04:54:25,548:INFO: Epoch 157/200
2021-07-08 04:54:26,092:INFO: - Train metrics: accuracytop1: 0.130 ; accuracytop5: 0.650 ; loss: 2.174 ; ls_all: 2.174 ; ls_CE: 2.174
2021-07-08 04:54:26,502:INFO: - Eval metrics : accuracytop1: 0.107 ; accuracytop5: 0.509 ; loss: 2.207 ; ls_all: 2.207 ; ls_CE: 2.207
2021-07-08 04:54:26,743:INFO: Epoch 158/200
2021-07-08 04:54:27,293:INFO: - Train metrics: accuracytop1: 0.147 ; accuracytop5: 0.648 ; loss: 2.170 ; ls_all: 2.170 ; ls_CE: 2.170
2021-07-08 04:54:27,702:INFO: - Eval metrics : accuracytop1: 0.107 ; accuracytop5: 0.509 ; loss: 2.207 ; ls_all: 2.207 ; ls_CE: 2.207
2021-07-08 04:54:27,943:INFO: Epoch 159/200
2021-07-08 04:54:28,489:INFO: - Train metrics: accuracytop1: 0.138 ; accuracytop5: 0.642 ; loss: 2.181 ; ls_all: 2.181 ; ls_CE: 2.181
2021-07-08 04:54:28,898:INFO: - Eval metrics : accuracytop1: 0.107 ; accuracytop5: 0.509 ; loss: 2.207 ; ls_all: 2.207 ; ls_CE: 2.207
2021-07-08 04:54:29,177:INFO: Epoch 160/200
2021-07-08 04:54:29,721:INFO: - Train metrics: accuracytop1: 0.134 ; accuracytop5: 0.651 ; loss: 2.164 ; ls_all: 2.164 ; ls_CE: 2.164
2021-07-08 04:54:30,134:INFO: - Eval metrics : accuracytop1: 0.107 ; accuracytop5: 0.509 ; loss: 2.207 ; ls_all: 2.207 ; ls_CE: 2.207
2021-07-08 04:54:30,386:INFO: Epoch 161/200
2021-07-08 04:54:30,930:INFO: - Train metrics: accuracytop1: 0.141 ; accuracytop5: 0.654 ; loss: 2.169 ; ls_all: 2.169 ; ls_CE: 2.169
2021-07-08 04:54:31,343:INFO: - Eval metrics : accuracytop1: 0.107 ; accuracytop5: 0.509 ; loss: 2.208 ; ls_all: 2.208 ; ls_CE: 2.208
2021-07-08 04:54:31,582:INFO: Epoch 162/200
2021-07-08 04:54:32,126:INFO: - Train metrics: accuracytop1: 0.128 ; accuracytop5: 0.644 ; loss: 2.180 ; ls_all: 2.180 ; ls_CE: 2.180
2021-07-08 04:54:32,537:INFO: - Eval metrics : accuracytop1: 0.107 ; accuracytop5: 0.509 ; loss: 2.209 ; ls_all: 2.209 ; ls_CE: 2.209
2021-07-08 04:54:32,837:INFO: Epoch 163/200
2021-07-08 04:54:33,381:INFO: - Train metrics: accuracytop1: 0.138 ; accuracytop5: 0.648 ; loss: 2.181 ; ls_all: 2.181 ; ls_CE: 2.181
2021-07-08 04:54:33,785:INFO: - Eval metrics : accuracytop1: 0.123 ; accuracytop5: 0.509 ; loss: 2.209 ; ls_all: 2.209 ; ls_CE: 2.209
2021-07-08 04:54:34,207:INFO: Epoch 164/200
2021-07-08 04:54:34,756:INFO: - Train metrics: accuracytop1: 0.116 ; accuracytop5: 0.653 ; loss: 2.184 ; ls_all: 2.184 ; ls_CE: 2.184
2021-07-08 04:54:35,166:INFO: - Eval metrics : accuracytop1: 0.133 ; accuracytop5: 0.509 ; loss: 2.208 ; ls_all: 2.208 ; ls_CE: 2.208
2021-07-08 04:54:35,414:INFO: Epoch 165/200
2021-07-08 04:54:35,962:INFO: - Train metrics: accuracytop1: 0.153 ; accuracytop5: 0.645 ; loss: 2.183 ; ls_all: 2.183 ; ls_CE: 2.183
2021-07-08 04:54:36,374:INFO: - Eval metrics : accuracytop1: 0.150 ; accuracytop5: 0.509 ; loss: 2.207 ; ls_all: 2.207 ; ls_CE: 2.207
2021-07-08 04:54:36,614:INFO: Epoch 166/200
2021-07-08 04:54:37,160:INFO: - Train metrics: accuracytop1: 0.125 ; accuracytop5: 0.654 ; loss: 2.169 ; ls_all: 2.169 ; ls_CE: 2.169
2021-07-08 04:54:37,571:INFO: - Eval metrics : accuracytop1: 0.150 ; accuracytop5: 0.509 ; loss: 2.206 ; ls_all: 2.206 ; ls_CE: 2.206
2021-07-08 04:54:37,824:INFO: Epoch 167/200
2021-07-08 04:54:38,366:INFO: - Train metrics: accuracytop1: 0.152 ; accuracytop5: 0.651 ; loss: 2.172 ; ls_all: 2.172 ; ls_CE: 2.172
2021-07-08 04:54:38,768:INFO: - Eval metrics : accuracytop1: 0.139 ; accuracytop5: 0.509 ; loss: 2.206 ; ls_all: 2.206 ; ls_CE: 2.206
2021-07-08 04:54:39,215:INFO: Epoch 168/200
2021-07-08 04:54:39,758:INFO: - Train metrics: accuracytop1: 0.144 ; accuracytop5: 0.640 ; loss: 2.169 ; ls_all: 2.169 ; ls_CE: 2.169
2021-07-08 04:54:40,169:INFO: - Eval metrics : accuracytop1: 0.118 ; accuracytop5: 0.509 ; loss: 2.206 ; ls_all: 2.206 ; ls_CE: 2.206
2021-07-08 04:54:40,410:INFO: Epoch 169/200
2021-07-08 04:54:40,954:INFO: - Train metrics: accuracytop1: 0.106 ; accuracytop5: 0.643 ; loss: 2.165 ; ls_all: 2.165 ; ls_CE: 2.165
2021-07-08 04:54:41,366:INFO: - Eval metrics : accuracytop1: 0.113 ; accuracytop5: 0.509 ; loss: 2.207 ; ls_all: 2.207 ; ls_CE: 2.207
2021-07-08 04:54:41,601:INFO: Epoch 170/200
2021-07-08 04:54:42,146:INFO: - Train metrics: accuracytop1: 0.179 ; accuracytop5: 0.639 ; loss: 2.181 ; ls_all: 2.181 ; ls_CE: 2.181
2021-07-08 04:54:42,652:INFO: - Eval metrics : accuracytop1: 0.118 ; accuracytop5: 0.509 ; loss: 2.208 ; ls_all: 2.208 ; ls_CE: 2.208
2021-07-08 04:54:42,981:INFO: Epoch 171/200
2021-07-08 04:54:43,525:INFO: - Train metrics: accuracytop1: 0.170 ; accuracytop5: 0.665 ; loss: 2.165 ; ls_all: 2.165 ; ls_CE: 2.165
2021-07-08 04:54:43,936:INFO: - Eval metrics : accuracytop1: 0.107 ; accuracytop5: 0.509 ; loss: 2.208 ; ls_all: 2.208 ; ls_CE: 2.208
2021-07-08 04:54:44,171:INFO: Epoch 172/200
2021-07-08 04:54:44,719:INFO: - Train metrics: accuracytop1: 0.160 ; accuracytop5: 0.664 ; loss: 2.163 ; ls_all: 2.163 ; ls_CE: 2.163
2021-07-08 04:54:45,128:INFO: - Eval metrics : accuracytop1: 0.113 ; accuracytop5: 0.509 ; loss: 2.208 ; ls_all: 2.208 ; ls_CE: 2.208
2021-07-08 04:54:45,380:INFO: Epoch 173/200
2021-07-08 04:54:45,926:INFO: - Train metrics: accuracytop1: 0.142 ; accuracytop5: 0.644 ; loss: 2.163 ; ls_all: 2.163 ; ls_CE: 2.163
2021-07-08 04:54:46,341:INFO: - Eval metrics : accuracytop1: 0.102 ; accuracytop5: 0.509 ; loss: 2.209 ; ls_all: 2.209 ; ls_CE: 2.209
2021-07-08 04:54:46,621:INFO: Epoch 174/200
2021-07-08 04:54:47,169:INFO: - Train metrics: accuracytop1: 0.150 ; accuracytop5: 0.658 ; loss: 2.178 ; ls_all: 2.178 ; ls_CE: 2.178
2021-07-08 04:54:47,582:INFO: - Eval metrics : accuracytop1: 0.102 ; accuracytop5: 0.509 ; loss: 2.209 ; ls_all: 2.209 ; ls_CE: 2.209
2021-07-08 04:54:47,825:INFO: Epoch 175/200
2021-07-08 04:54:48,366:INFO: - Train metrics: accuracytop1: 0.138 ; accuracytop5: 0.658 ; loss: 2.181 ; ls_all: 2.181 ; ls_CE: 2.181
2021-07-08 04:54:48,767:INFO: - Eval metrics : accuracytop1: 0.107 ; accuracytop5: 0.509 ; loss: 2.209 ; ls_all: 2.209 ; ls_CE: 2.209
2021-07-08 04:54:49,027:INFO: Epoch 176/200
2021-07-08 04:54:49,570:INFO: - Train metrics: accuracytop1: 0.133 ; accuracytop5: 0.650 ; loss: 2.166 ; ls_all: 2.166 ; ls_CE: 2.166
2021-07-08 04:54:49,984:INFO: - Eval metrics : accuracytop1: 0.118 ; accuracytop5: 0.509 ; loss: 2.208 ; ls_all: 2.208 ; ls_CE: 2.208
2021-07-08 04:54:50,254:INFO: Epoch 177/200
2021-07-08 04:54:50,798:INFO: - Train metrics: accuracytop1: 0.156 ; accuracytop5: 0.654 ; loss: 2.168 ; ls_all: 2.168 ; ls_CE: 2.168
2021-07-08 04:54:51,210:INFO: - Eval metrics : accuracytop1: 0.118 ; accuracytop5: 0.509 ; loss: 2.208 ; ls_all: 2.208 ; ls_CE: 2.208
2021-07-08 04:54:51,460:INFO: Epoch 178/200
2021-07-08 04:54:52,018:INFO: - Train metrics: accuracytop1: 0.152 ; accuracytop5: 0.651 ; loss: 2.173 ; ls_all: 2.173 ; ls_CE: 2.173
2021-07-08 04:54:52,448:INFO: - Eval metrics : accuracytop1: 0.113 ; accuracytop5: 0.509 ; loss: 2.207 ; ls_all: 2.207 ; ls_CE: 2.207
2021-07-08 04:54:52,878:INFO: Epoch 179/200
2021-07-08 04:54:53,419:INFO: - Train metrics: accuracytop1: 0.137 ; accuracytop5: 0.651 ; loss: 2.170 ; ls_all: 2.170 ; ls_CE: 2.170
2021-07-08 04:54:53,831:INFO: - Eval metrics : accuracytop1: 0.113 ; accuracytop5: 0.509 ; loss: 2.207 ; ls_all: 2.207 ; ls_CE: 2.207
2021-07-08 04:54:54,087:INFO: Epoch 180/200
2021-07-08 04:54:54,637:INFO: - Train metrics: accuracytop1: 0.147 ; accuracytop5: 0.655 ; loss: 2.169 ; ls_all: 2.169 ; ls_CE: 2.169
2021-07-08 04:54:55,050:INFO: - Eval metrics : accuracytop1: 0.113 ; accuracytop5: 0.509 ; loss: 2.206 ; ls_all: 2.206 ; ls_CE: 2.206
2021-07-08 04:54:55,325:INFO: Epoch 181/200
2021-07-08 04:54:55,867:INFO: - Train metrics: accuracytop1: 0.154 ; accuracytop5: 0.667 ; loss: 2.174 ; ls_all: 2.174 ; ls_CE: 2.174
2021-07-08 04:54:56,269:INFO: - Eval metrics : accuracytop1: 0.113 ; accuracytop5: 0.509 ; loss: 2.206 ; ls_all: 2.206 ; ls_CE: 2.206
2021-07-08 04:54:56,562:INFO: Epoch 182/200
2021-07-08 04:54:57,133:INFO: - Train metrics: accuracytop1: 0.130 ; accuracytop5: 0.649 ; loss: 2.170 ; ls_all: 2.170 ; ls_CE: 2.170
2021-07-08 04:54:57,565:INFO: - Eval metrics : accuracytop1: 0.113 ; accuracytop5: 0.509 ; loss: 2.206 ; ls_all: 2.206 ; ls_CE: 2.206
2021-07-08 04:54:57,830:INFO: Epoch 183/200
2021-07-08 04:54:58,375:INFO: - Train metrics: accuracytop1: 0.139 ; accuracytop5: 0.658 ; loss: 2.162 ; ls_all: 2.162 ; ls_CE: 2.162
2021-07-08 04:54:58,778:INFO: - Eval metrics : accuracytop1: 0.113 ; accuracytop5: 0.509 ; loss: 2.206 ; ls_all: 2.206 ; ls_CE: 2.206
2021-07-08 04:54:59,033:INFO: Epoch 184/200
2021-07-08 04:54:59,668:INFO: - Train metrics: accuracytop1: 0.135 ; accuracytop5: 0.639 ; loss: 2.186 ; ls_all: 2.186 ; ls_CE: 2.186
2021-07-08 04:55:00,099:INFO: - Eval metrics : accuracytop1: 0.113 ; accuracytop5: 0.509 ; loss: 2.207 ; ls_all: 2.207 ; ls_CE: 2.207
2021-07-08 04:55:00,340:INFO: Epoch 185/200
2021-07-08 04:55:00,888:INFO: - Train metrics: accuracytop1: 0.139 ; accuracytop5: 0.641 ; loss: 2.185 ; ls_all: 2.185 ; ls_CE: 2.185
2021-07-08 04:55:01,357:INFO: - Eval metrics : accuracytop1: 0.113 ; accuracytop5: 0.509 ; loss: 2.207 ; ls_all: 2.207 ; ls_CE: 2.207
2021-07-08 04:55:01,678:INFO: Epoch 186/200
2021-07-08 04:55:02,221:INFO: - Train metrics: accuracytop1: 0.156 ; accuracytop5: 0.661 ; loss: 2.163 ; ls_all: 2.163 ; ls_CE: 2.163
2021-07-08 04:55:02,634:INFO: - Eval metrics : accuracytop1: 0.113 ; accuracytop5: 0.509 ; loss: 2.207 ; ls_all: 2.207 ; ls_CE: 2.207
2021-07-08 04:55:03,069:INFO: Epoch 187/200
2021-07-08 04:55:03,614:INFO: - Train metrics: accuracytop1: 0.134 ; accuracytop5: 0.658 ; loss: 2.177 ; ls_all: 2.177 ; ls_CE: 2.177
2021-07-08 04:55:04,026:INFO: - Eval metrics : accuracytop1: 0.113 ; accuracytop5: 0.509 ; loss: 2.207 ; ls_all: 2.207 ; ls_CE: 2.207
2021-07-08 04:55:04,280:INFO: Epoch 188/200
2021-07-08 04:55:04,836:INFO: - Train metrics: accuracytop1: 0.134 ; accuracytop5: 0.653 ; loss: 2.173 ; ls_all: 2.173 ; ls_CE: 2.173
2021-07-08 04:55:05,240:INFO: - Eval metrics : accuracytop1: 0.113 ; accuracytop5: 0.509 ; loss: 2.207 ; ls_all: 2.207 ; ls_CE: 2.207
2021-07-08 04:55:05,544:INFO: Epoch 189/200
2021-07-08 04:55:06,091:INFO: - Train metrics: accuracytop1: 0.154 ; accuracytop5: 0.658 ; loss: 2.178 ; ls_all: 2.178 ; ls_CE: 2.178
2021-07-08 04:55:06,502:INFO: - Eval metrics : accuracytop1: 0.113 ; accuracytop5: 0.509 ; loss: 2.207 ; ls_all: 2.207 ; ls_CE: 2.207
2021-07-08 04:55:06,764:INFO: Epoch 190/200
2021-07-08 04:55:07,319:INFO: - Train metrics: accuracytop1: 0.117 ; accuracytop5: 0.652 ; loss: 2.172 ; ls_all: 2.172 ; ls_CE: 2.172
2021-07-08 04:55:07,722:INFO: - Eval metrics : accuracytop1: 0.113 ; accuracytop5: 0.509 ; loss: 2.207 ; ls_all: 2.207 ; ls_CE: 2.207
2021-07-08 04:55:07,984:INFO: Epoch 191/200
2021-07-08 04:55:08,570:INFO: - Train metrics: accuracytop1: 0.143 ; accuracytop5: 0.651 ; loss: 2.168 ; ls_all: 2.168 ; ls_CE: 2.168
2021-07-08 04:55:09,001:INFO: - Eval metrics : accuracytop1: 0.113 ; accuracytop5: 0.509 ; loss: 2.207 ; ls_all: 2.207 ; ls_CE: 2.207
2021-07-08 04:55:09,246:INFO: Epoch 192/200
2021-07-08 04:55:09,789:INFO: - Train metrics: accuracytop1: 0.134 ; accuracytop5: 0.659 ; loss: 2.169 ; ls_all: 2.169 ; ls_CE: 2.169
2021-07-08 04:55:10,201:INFO: - Eval metrics : accuracytop1: 0.113 ; accuracytop5: 0.509 ; loss: 2.208 ; ls_all: 2.208 ; ls_CE: 2.208
2021-07-08 04:55:10,453:INFO: Epoch 193/200
2021-07-08 04:55:10,998:INFO: - Train metrics: accuracytop1: 0.142 ; accuracytop5: 0.658 ; loss: 2.165 ; ls_all: 2.165 ; ls_CE: 2.165
2021-07-08 04:55:11,446:INFO: - Eval metrics : accuracytop1: 0.113 ; accuracytop5: 0.509 ; loss: 2.208 ; ls_all: 2.208 ; ls_CE: 2.208
2021-07-08 04:55:11,717:INFO: Epoch 194/200
2021-07-08 04:55:12,261:INFO: - Train metrics: accuracytop1: 0.123 ; accuracytop5: 0.651 ; loss: 2.173 ; ls_all: 2.173 ; ls_CE: 2.173
2021-07-08 04:55:12,674:INFO: - Eval metrics : accuracytop1: 0.113 ; accuracytop5: 0.509 ; loss: 2.208 ; ls_all: 2.208 ; ls_CE: 2.208
2021-07-08 04:55:12,936:INFO: Epoch 195/200
2021-07-08 04:55:13,481:INFO: - Train metrics: accuracytop1: 0.149 ; accuracytop5: 0.647 ; loss: 2.177 ; ls_all: 2.177 ; ls_CE: 2.177
2021-07-08 04:55:13,892:INFO: - Eval metrics : accuracytop1: 0.113 ; accuracytop5: 0.514 ; loss: 2.208 ; ls_all: 2.208 ; ls_CE: 2.208
2021-07-08 04:55:14,164:INFO: Epoch 196/200
2021-07-08 04:55:14,709:INFO: - Train metrics: accuracytop1: 0.144 ; accuracytop5: 0.647 ; loss: 2.167 ; ls_all: 2.167 ; ls_CE: 2.167
2021-07-08 04:55:15,121:INFO: - Eval metrics : accuracytop1: 0.113 ; accuracytop5: 0.514 ; loss: 2.208 ; ls_all: 2.208 ; ls_CE: 2.208
2021-07-08 04:55:15,361:INFO: Epoch 197/200
2021-07-08 04:55:15,905:INFO: - Train metrics: accuracytop1: 0.146 ; accuracytop5: 0.653 ; loss: 2.169 ; ls_all: 2.169 ; ls_CE: 2.169
2021-07-08 04:55:16,317:INFO: - Eval metrics : accuracytop1: 0.113 ; accuracytop5: 0.514 ; loss: 2.208 ; ls_all: 2.208 ; ls_CE: 2.208
2021-07-08 04:55:16,567:INFO: Epoch 198/200
2021-07-08 04:55:17,114:INFO: - Train metrics: accuracytop1: 0.164 ; accuracytop5: 0.656 ; loss: 2.175 ; ls_all: 2.175 ; ls_CE: 2.175
2021-07-08 04:55:17,524:INFO: - Eval metrics : accuracytop1: 0.113 ; accuracytop5: 0.514 ; loss: 2.208 ; ls_all: 2.208 ; ls_CE: 2.208
2021-07-08 04:55:17,770:INFO: Epoch 199/200
2021-07-08 04:55:18,326:INFO: - Train metrics: accuracytop1: 0.142 ; accuracytop5: 0.659 ; loss: 2.174 ; ls_all: 2.174 ; ls_CE: 2.174
2021-07-08 04:55:18,727:INFO: - Eval metrics : accuracytop1: 0.113 ; accuracytop5: 0.514 ; loss: 2.207 ; ls_all: 2.207 ; ls_CE: 2.207
2021-07-08 04:55:18,969:INFO: Epoch 200/200
2021-07-08 04:55:19,512:INFO: - Train metrics: accuracytop1: 0.148 ; accuracytop5: 0.649 ; loss: 2.167 ; ls_all: 2.167 ; ls_CE: 2.167
2021-07-08 04:55:20,000:INFO: - Eval metrics : accuracytop1: 0.118 ; accuracytop5: 0.514 ; loss: 2.206 ; ls_all: 2.206 ; ls_CE: 2.206
